Resource Usage Report for TEMP1 

Mapping to part: m2s005vf400std
Cell usage:
CLKINT          2 uses
MSS_005         1 use
RCOSC_25_50MHZ  1 use
RCOSC_25_50MHZ_FAB  1 use
SYSRESET        1 use
CFG1           2 uses
CFG2           77 uses
CFG3           83 uses
CFG4           188 uses

Carry cells:
ARI1            0 uses - used for arithmetic functions
ARI1            12 uses - used for Wide-Mux implementation
Total ARI1      12 uses


Sequential Cells: 
SLE            98 uses

DSP Blocks:    0 of 11 (0%)

I/O ports: 7
I/O primitives: 6
BIBUF          2 uses
INBUF          2 uses
OUTBUF         2 uses


Global Clock Buffers: 2

Total LUTs:    362

Extra resources required for RAM and MACC interface logic during P&R:

RAM64x18 Interface Logic : SLEs = 0; LUTs = 0;
RAM1K18  Interface Logic : SLEs = 0; LUTs = 0;
MACC     Interface Logic : SLEs = 0; LUTs = 0;

Total number of SLEs after P&R:  98 + 0 + 0 + 0 = 98;
Total number of LUTs after P&R:  362 + 0 + 0 + 0 = 362;

