
Copyright (C) 1994-2023 Synopsys, Inc.
This Synopsys software and all associated documentation are proprietary to Synopsys, Inc.
and may only be used pursuant to the terms and conditions of a written license agreement
with Synopsys, Inc. All other use, reproduction, modification, or distribution of the
Synopsys software or the associated documentation is strictly prohibited.
Tool: Synplify Pro (R)
Build: V-2023.09M
Install: C:\Microchip\Libero_SoC_v2024.1\SynplifyPro
OS: Windows 10 or later
Hostname: DESKTOP-9J7KET5

Implementation : synthesis
Synopsys HDL compiler and linker, Version comp202309synp1, Build 146R, Built Jan  4 2024 08:15:03, @

Modified Files: 19
FID:  path (prevtimestamp, timestamp)
0        C:\Microchip\Libero_SoC_v2024.1\SynplifyPro\lib\generic\smartfusion2.v (N/A, 2024-01-04 21:41:02)
1        C:\Microchip\Libero_SoC_v2024.1\SynplifyPro\lib\vlog\hypermods.v (N/A, 2024-01-04 21:34:40)
2        C:\Microchip\Libero_SoC_v2024.1\SynplifyPro\lib\vlog\scemi_objects.v (N/A, 2024-01-04 21:34:40)
3        C:\Microchip\Libero_SoC_v2024.1\SynplifyPro\lib\vlog\scemi_pipes.svh (N/A, 2024-01-04 21:34:40)
4        C:\Microchip\Libero_SoC_v2024.1\SynplifyPro\lib\vlog\umr_capim.v (N/A, 2024-01-04 21:38:34)
5        D:\libero_tests\CORE_I2C_TEMP\component\Actel\DirectCore\COREI2C\7.0.102\rtl\vlog\core_obfuscated\corei2c.v (N/A, 2024-08-28 11:08:40)
6        D:\libero_tests\CORE_I2C_TEMP\component\Actel\DirectCore\COREI2C\7.0.102\rtl\vlog\core_obfuscated\corei2creal.v (N/A, 2024-08-28 11:08:40)
7        D:\libero_tests\CORE_I2C_TEMP\component\Actel\DirectCore\CoreAPB3\4.1.100\rtl\vlog\core\coreapb3.v (N/A, 2024-08-16 14:57:39)
8        D:\libero_tests\CORE_I2C_TEMP\component\Actel\DirectCore\CoreAPB3\4.1.100\rtl\vlog\core\coreapb3_iaddr_reg.v (N/A, 2024-08-16 14:57:39)
9        D:\libero_tests\CORE_I2C_TEMP\component\Actel\DirectCore\CoreAPB3\4.1.100\rtl\vlog\core\coreapb3_muxptob3.v (N/A, 2024-08-16 14:57:39)
10       D:\libero_tests\CORE_I2C_TEMP\component\Actel\DirectCore\CoreResetP\7.1.100\rtl\vlog\core\coreresetp.v (N/A, 2024-08-16 11:56:28)
11       D:\libero_tests\CORE_I2C_TEMP\component\Actel\DirectCore\CoreResetP\7.1.100\rtl\vlog\core\coreresetp_pcie_hotreset.v (N/A, 2024-08-16 11:56:28)
12       D:\libero_tests\CORE_I2C_TEMP\component\Actel\SgCore\OSC\2.0.101\osc_comps.v (N/A, 2024-07-09 11:44:48)
13       D:\libero_tests\CORE_I2C_TEMP\component\work\TEMP\TEMP.v (N/A, 2024-08-28 11:49:07)
14       D:\libero_tests\CORE_I2C_TEMP\component\work\TEMP_sb\CCC_0\TEMP_sb_CCC_0_FCCC.v (N/A, 2024-08-28 11:32:22)
15       D:\libero_tests\CORE_I2C_TEMP\component\work\TEMP_sb\FABOSC_0\TEMP_sb_FABOSC_0_OSC.v (N/A, 2024-08-28 11:32:23)
16       D:\libero_tests\CORE_I2C_TEMP\component\work\TEMP_sb\TEMP_sb.v (N/A, 2024-08-28 11:32:23)
17       D:\libero_tests\CORE_I2C_TEMP\component\work\TEMP_sb_MSS\TEMP_sb_MSS.v (N/A, 2024-08-28 11:32:21)
18       D:\libero_tests\CORE_I2C_TEMP\component\work\TEMP_sb_MSS\TEMP_sb_MSS_syn.v (N/A, 2024-08-28 11:32:21)

*******************************************************************
Modules that may have changed as a result of file changes: 19
MID:  lib.cell.view
0        COREAPB3_LIB.COREAPB3_MUXPTOB3.verilog may have changed because the following files changed:
                        D:\libero_tests\CORE_I2C_TEMP\component\Actel\DirectCore\CoreAPB3\4.1.100\rtl\vlog\core\coreapb3.v (N/A, 2024-08-16 14:57:39) <-- (may instantiate this module)
                        D:\libero_tests\CORE_I2C_TEMP\component\Actel\DirectCore\CoreAPB3\4.1.100\rtl\vlog\core\coreapb3_muxptob3.v (N/A, 2024-08-16 14:57:39) <-- (module definition)
                        D:\libero_tests\CORE_I2C_TEMP\component\work\TEMP\TEMP.v (N/A, 2024-08-28 11:49:07) <-- (may instantiate this module)
                        D:\libero_tests\CORE_I2C_TEMP\component\work\TEMP_sb\TEMP_sb.v (N/A, 2024-08-28 11:32:23) <-- (may instantiate this module)
1        COREAPB3_LIB.CoreAPB3.verilog may have changed because the following files changed:
                        D:\libero_tests\CORE_I2C_TEMP\component\Actel\DirectCore\CoreAPB3\4.1.100\rtl\vlog\core\coreapb3.v (N/A, 2024-08-16 14:57:39) <-- (module definition)
                        D:\libero_tests\CORE_I2C_TEMP\component\work\TEMP\TEMP.v (N/A, 2024-08-28 11:49:07) <-- (may instantiate this module)
                        D:\libero_tests\CORE_I2C_TEMP\component\work\TEMP_sb\TEMP_sb.v (N/A, 2024-08-28 11:32:23) <-- (may instantiate this module)
2        COREAPB3_LIB.coreapb3_iaddr_reg.verilog may have changed because the following files changed:
                        D:\libero_tests\CORE_I2C_TEMP\component\Actel\DirectCore\CoreAPB3\4.1.100\rtl\vlog\core\coreapb3.v (N/A, 2024-08-16 14:57:39) <-- (may instantiate this module)
                        D:\libero_tests\CORE_I2C_TEMP\component\Actel\DirectCore\CoreAPB3\4.1.100\rtl\vlog\core\coreapb3_iaddr_reg.v (N/A, 2024-08-16 14:57:39) <-- (module definition)
                        D:\libero_tests\CORE_I2C_TEMP\component\work\TEMP\TEMP.v (N/A, 2024-08-28 11:49:07) <-- (may instantiate this module)
                        D:\libero_tests\CORE_I2C_TEMP\component\work\TEMP_sb\TEMP_sb.v (N/A, 2024-08-28 11:32:23) <-- (may instantiate this module)
3        work.COREI2C.verilog may have changed because the following files changed:
                        D:\libero_tests\CORE_I2C_TEMP\component\Actel\DirectCore\COREI2C\7.0.102\rtl\vlog\core_obfuscated\corei2c.v (N/A, 2024-08-28 11:08:40) <-- (module definition)
                        D:\libero_tests\CORE_I2C_TEMP\component\work\TEMP\TEMP.v (N/A, 2024-08-28 11:49:07) <-- (may instantiate this module)
                        D:\libero_tests\CORE_I2C_TEMP\component\work\TEMP_sb\TEMP_sb.v (N/A, 2024-08-28 11:32:23) <-- (may instantiate this module)
4        work.COREI2CREAL.verilog may have changed because the following files changed:
                        D:\libero_tests\CORE_I2C_TEMP\component\Actel\DirectCore\COREI2C\7.0.102\rtl\vlog\core_obfuscated\corei2c.v (N/A, 2024-08-28 11:08:40) <-- (may instantiate this module)
                        D:\libero_tests\CORE_I2C_TEMP\component\Actel\DirectCore\COREI2C\7.0.102\rtl\vlog\core_obfuscated\corei2creal.v (N/A, 2024-08-28 11:08:40) <-- (module definition)
                        D:\libero_tests\CORE_I2C_TEMP\component\work\TEMP\TEMP.v (N/A, 2024-08-28 11:49:07) <-- (may instantiate this module)
                        D:\libero_tests\CORE_I2C_TEMP\component\work\TEMP_sb\TEMP_sb.v (N/A, 2024-08-28 11:32:23) <-- (may instantiate this module)
5        work.CoreResetP.verilog may have changed because the following files changed:
                        D:\libero_tests\CORE_I2C_TEMP\component\Actel\DirectCore\CoreResetP\7.1.100\rtl\vlog\core\coreresetp.v (N/A, 2024-08-16 11:56:28) <-- (module definition)
                        D:\libero_tests\CORE_I2C_TEMP\component\work\TEMP\TEMP.v (N/A, 2024-08-28 11:49:07) <-- (may instantiate this module)
                        D:\libero_tests\CORE_I2C_TEMP\component\work\TEMP_sb\TEMP_sb.v (N/A, 2024-08-28 11:32:23) <-- (may instantiate this module)
6        work.MSS_005.verilog may have changed because the following files changed:
                        D:\libero_tests\CORE_I2C_TEMP\component\work\TEMP\TEMP.v (N/A, 2024-08-28 11:49:07) <-- (may instantiate this module)
                        D:\libero_tests\CORE_I2C_TEMP\component\work\TEMP_sb\TEMP_sb.v (N/A, 2024-08-28 11:32:23) <-- (may instantiate this module)
                        D:\libero_tests\CORE_I2C_TEMP\component\work\TEMP_sb_MSS\TEMP_sb_MSS.v (N/A, 2024-08-28 11:32:21) <-- (may instantiate this module)
                        D:\libero_tests\CORE_I2C_TEMP\component\work\TEMP_sb_MSS\TEMP_sb_MSS_syn.v (N/A, 2024-08-28 11:32:21) <-- (module definition)
7        work.RCOSC_1MHZ.verilog may have changed because the following files changed:
                        D:\libero_tests\CORE_I2C_TEMP\component\Actel\SgCore\OSC\2.0.101\osc_comps.v (N/A, 2024-07-09 11:44:48) <-- (module definition)
                        D:\libero_tests\CORE_I2C_TEMP\component\work\TEMP\TEMP.v (N/A, 2024-08-28 11:49:07) <-- (may instantiate this module)
                        D:\libero_tests\CORE_I2C_TEMP\component\work\TEMP_sb\FABOSC_0\TEMP_sb_FABOSC_0_OSC.v (N/A, 2024-08-28 11:32:23) <-- (may instantiate this module)
                        D:\libero_tests\CORE_I2C_TEMP\component\work\TEMP_sb\TEMP_sb.v (N/A, 2024-08-28 11:32:23) <-- (may instantiate this module)
8        work.RCOSC_1MHZ_FAB.verilog may have changed because the following files changed:
                        D:\libero_tests\CORE_I2C_TEMP\component\Actel\SgCore\OSC\2.0.101\osc_comps.v (N/A, 2024-07-09 11:44:48) <-- (module definition)
                        D:\libero_tests\CORE_I2C_TEMP\component\work\TEMP\TEMP.v (N/A, 2024-08-28 11:49:07) <-- (may instantiate this module)
                        D:\libero_tests\CORE_I2C_TEMP\component\work\TEMP_sb\FABOSC_0\TEMP_sb_FABOSC_0_OSC.v (N/A, 2024-08-28 11:32:23) <-- (may instantiate this module)
                        D:\libero_tests\CORE_I2C_TEMP\component\work\TEMP_sb\TEMP_sb.v (N/A, 2024-08-28 11:32:23) <-- (may instantiate this module)
9        work.RCOSC_25_50MHZ.verilog may have changed because the following files changed:
                        D:\libero_tests\CORE_I2C_TEMP\component\Actel\SgCore\OSC\2.0.101\osc_comps.v (N/A, 2024-07-09 11:44:48) <-- (module definition)
                        D:\libero_tests\CORE_I2C_TEMP\component\work\TEMP\TEMP.v (N/A, 2024-08-28 11:49:07) <-- (may instantiate this module)
                        D:\libero_tests\CORE_I2C_TEMP\component\work\TEMP_sb\FABOSC_0\TEMP_sb_FABOSC_0_OSC.v (N/A, 2024-08-28 11:32:23) <-- (may instantiate this module)
                        D:\libero_tests\CORE_I2C_TEMP\component\work\TEMP_sb\TEMP_sb.v (N/A, 2024-08-28 11:32:23) <-- (may instantiate this module)
10       work.RCOSC_25_50MHZ_FAB.verilog may have changed because the following files changed:
                        D:\libero_tests\CORE_I2C_TEMP\component\Actel\SgCore\OSC\2.0.101\osc_comps.v (N/A, 2024-07-09 11:44:48) <-- (module definition)
                        D:\libero_tests\CORE_I2C_TEMP\component\work\TEMP\TEMP.v (N/A, 2024-08-28 11:49:07) <-- (may instantiate this module)
                        D:\libero_tests\CORE_I2C_TEMP\component\work\TEMP_sb\FABOSC_0\TEMP_sb_FABOSC_0_OSC.v (N/A, 2024-08-28 11:32:23) <-- (may instantiate this module)
                        D:\libero_tests\CORE_I2C_TEMP\component\work\TEMP_sb\TEMP_sb.v (N/A, 2024-08-28 11:32:23) <-- (may instantiate this module)
11       work.TEMP.verilog may have changed because the following files changed:
                        D:\libero_tests\CORE_I2C_TEMP\component\work\TEMP\TEMP.v (N/A, 2024-08-28 11:49:07) <-- (module definition)
12       work.TEMP_sb.verilog may have changed because the following files changed:
                        D:\libero_tests\CORE_I2C_TEMP\component\work\TEMP\TEMP.v (N/A, 2024-08-28 11:49:07) <-- (may instantiate this module)
                        D:\libero_tests\CORE_I2C_TEMP\component\work\TEMP_sb\TEMP_sb.v (N/A, 2024-08-28 11:32:23) <-- (module definition)
13       work.TEMP_sb_CCC_0_FCCC.verilog may have changed because the following files changed:
                        D:\libero_tests\CORE_I2C_TEMP\component\work\TEMP\TEMP.v (N/A, 2024-08-28 11:49:07) <-- (may instantiate this module)
                        D:\libero_tests\CORE_I2C_TEMP\component\work\TEMP_sb\CCC_0\TEMP_sb_CCC_0_FCCC.v (N/A, 2024-08-28 11:32:22) <-- (module definition)
                        D:\libero_tests\CORE_I2C_TEMP\component\work\TEMP_sb\TEMP_sb.v (N/A, 2024-08-28 11:32:23) <-- (may instantiate this module)
14       work.TEMP_sb_FABOSC_0_OSC.verilog may have changed because the following files changed:
                        D:\libero_tests\CORE_I2C_TEMP\component\work\TEMP\TEMP.v (N/A, 2024-08-28 11:49:07) <-- (may instantiate this module)
                        D:\libero_tests\CORE_I2C_TEMP\component\work\TEMP_sb\FABOSC_0\TEMP_sb_FABOSC_0_OSC.v (N/A, 2024-08-28 11:32:23) <-- (module definition)
                        D:\libero_tests\CORE_I2C_TEMP\component\work\TEMP_sb\TEMP_sb.v (N/A, 2024-08-28 11:32:23) <-- (may instantiate this module)
15       work.TEMP_sb_MSS.verilog may have changed because the following files changed:
                        D:\libero_tests\CORE_I2C_TEMP\component\work\TEMP\TEMP.v (N/A, 2024-08-28 11:49:07) <-- (may instantiate this module)
                        D:\libero_tests\CORE_I2C_TEMP\component\work\TEMP_sb\TEMP_sb.v (N/A, 2024-08-28 11:32:23) <-- (may instantiate this module)
                        D:\libero_tests\CORE_I2C_TEMP\component\work\TEMP_sb_MSS\TEMP_sb_MSS.v (N/A, 2024-08-28 11:32:21) <-- (module definition)
16       work.XTLOSC.verilog may have changed because the following files changed:
                        D:\libero_tests\CORE_I2C_TEMP\component\Actel\SgCore\OSC\2.0.101\osc_comps.v (N/A, 2024-07-09 11:44:48) <-- (module definition)
                        D:\libero_tests\CORE_I2C_TEMP\component\work\TEMP\TEMP.v (N/A, 2024-08-28 11:49:07) <-- (may instantiate this module)
                        D:\libero_tests\CORE_I2C_TEMP\component\work\TEMP_sb\FABOSC_0\TEMP_sb_FABOSC_0_OSC.v (N/A, 2024-08-28 11:32:23) <-- (may instantiate this module)
                        D:\libero_tests\CORE_I2C_TEMP\component\work\TEMP_sb\TEMP_sb.v (N/A, 2024-08-28 11:32:23) <-- (may instantiate this module)
17       work.XTLOSC_FAB.verilog may have changed because the following files changed:
                        D:\libero_tests\CORE_I2C_TEMP\component\Actel\SgCore\OSC\2.0.101\osc_comps.v (N/A, 2024-07-09 11:44:48) <-- (module definition)
                        D:\libero_tests\CORE_I2C_TEMP\component\work\TEMP\TEMP.v (N/A, 2024-08-28 11:49:07) <-- (may instantiate this module)
                        D:\libero_tests\CORE_I2C_TEMP\component\work\TEMP_sb\FABOSC_0\TEMP_sb_FABOSC_0_OSC.v (N/A, 2024-08-28 11:32:23) <-- (may instantiate this module)
                        D:\libero_tests\CORE_I2C_TEMP\component\work\TEMP_sb\TEMP_sb.v (N/A, 2024-08-28 11:32:23) <-- (may instantiate this module)
18       work.coreresetp_pcie_hotreset.verilog may have changed because the following files changed:
                        D:\libero_tests\CORE_I2C_TEMP\component\Actel\DirectCore\CoreResetP\7.1.100\rtl\vlog\core\coreresetp.v (N/A, 2024-08-16 11:56:28) <-- (may instantiate this module)
                        D:\libero_tests\CORE_I2C_TEMP\component\Actel\DirectCore\CoreResetP\7.1.100\rtl\vlog\core\coreresetp_pcie_hotreset.v (N/A, 2024-08-16 11:56:28) <-- (module definition)
                        D:\libero_tests\CORE_I2C_TEMP\component\work\TEMP\TEMP.v (N/A, 2024-08-28 11:49:07) <-- (may instantiate this module)
                        D:\libero_tests\CORE_I2C_TEMP\component\work\TEMP_sb\TEMP_sb.v (N/A, 2024-08-28 11:32:23) <-- (may instantiate this module)

*******************************************************************
Unmodified files: 0
FID:  path (timestamp)

*******************************************************************
Unchanged modules: 0
MID:  lib.cell.view
