
Copyright (C) 1994-2023 Synopsys, Inc.
This Synopsys software and all associated documentation are proprietary to Synopsys, Inc.
and may only be used pursuant to the terms and conditions of a written license agreement
with Synopsys, Inc. All other use, reproduction, modification, or distribution of the
Synopsys software or the associated documentation is strictly prohibited.
Tool: Synplify Pro (R)
Build: V-2023.09M
Install: C:\Microchip\Libero_SoC_v2024.1\SynplifyPro
OS: Windows 10 or later
Hostname: DESKTOP-9J7KET5

Implementation : synthesis
Synopsys HDL compiler and linker, Version comp202309synp1, Build 146R, Built Jan  4 2024 08:15:03, @

Modified Files: 6
FID:  path (prevtimestamp, timestamp)
28       D:\libero_tests\CORE_I2C_TEMP - Copy\component\work\TEMP\TEMP.v (2024-08-28 14:26:57, 2024-08-28 14:30:31)
29       D:\libero_tests\CORE_I2C_TEMP - Copy\component\work\TEMP_sb\CCC_0\TEMP_sb_CCC_0_FCCC.v (2024-08-28 14:25:56, 2024-08-28 14:29:03)
30       D:\libero_tests\CORE_I2C_TEMP - Copy\component\work\TEMP_sb\FABOSC_0\TEMP_sb_FABOSC_0_OSC.v (2024-08-28 14:25:57, 2024-08-28 14:29:03)
31       D:\libero_tests\CORE_I2C_TEMP - Copy\component\work\TEMP_sb\TEMP_sb.v (2024-08-28 14:25:57, 2024-08-28 14:29:03)
32       D:\libero_tests\CORE_I2C_TEMP - Copy\component\work\TEMP_sb_MSS\TEMP_sb_MSS.v (2024-08-28 14:25:54, 2024-08-28 14:29:01)
33       D:\libero_tests\CORE_I2C_TEMP - Copy\component\work\TEMP_sb_MSS\TEMP_sb_MSS_syn.v (2024-08-28 14:25:54, 2024-08-28 14:29:01)

*******************************************************************
Modules that may have changed as a result of file changes: 20
MID:  lib.cell.view
0        COREAPB3_LIB.COREAPB3_MUXPTOB3.verilog may have changed because the following files changed:
                        D:\libero_tests\CORE_I2C_TEMP - Copy\component\work\TEMP\TEMP.v (2024-08-28 14:26:57, 2024-08-28 14:30:31) <-- (may instantiate this module)
                        D:\libero_tests\CORE_I2C_TEMP - Copy\component\work\TEMP_sb\TEMP_sb.v (2024-08-28 14:25:57, 2024-08-28 14:29:03) <-- (may instantiate this module)
1        COREAPB3_LIB.CoreAPB3.verilog may have changed because the following files changed:
                        D:\libero_tests\CORE_I2C_TEMP - Copy\component\work\TEMP\TEMP.v (2024-08-28 14:26:57, 2024-08-28 14:30:31) <-- (may instantiate this module)
                        D:\libero_tests\CORE_I2C_TEMP - Copy\component\work\TEMP_sb\TEMP_sb.v (2024-08-28 14:25:57, 2024-08-28 14:29:03) <-- (may instantiate this module)
2        COREAPB3_LIB.coreapb3_iaddr_reg.verilog may have changed because the following files changed:
                        D:\libero_tests\CORE_I2C_TEMP - Copy\component\work\TEMP\TEMP.v (2024-08-28 14:26:57, 2024-08-28 14:30:31) <-- (may instantiate this module)
                        D:\libero_tests\CORE_I2C_TEMP - Copy\component\work\TEMP_sb\TEMP_sb.v (2024-08-28 14:25:57, 2024-08-28 14:29:03) <-- (may instantiate this module)
3        work.COREI2C.verilog may have changed because the following files changed:
                        D:\libero_tests\CORE_I2C_TEMP - Copy\component\work\TEMP\TEMP.v (2024-08-28 14:26:57, 2024-08-28 14:30:31) <-- (may instantiate this module)
                        D:\libero_tests\CORE_I2C_TEMP - Copy\component\work\TEMP_sb\TEMP_sb.v (2024-08-28 14:25:57, 2024-08-28 14:29:03) <-- (may instantiate this module)
4        work.COREI2CREAL.verilog may have changed because the following files changed:
                        D:\libero_tests\CORE_I2C_TEMP - Copy\component\work\TEMP\TEMP.v (2024-08-28 14:26:57, 2024-08-28 14:30:31) <-- (may instantiate this module)
                        D:\libero_tests\CORE_I2C_TEMP - Copy\component\work\TEMP_sb\TEMP_sb.v (2024-08-28 14:25:57, 2024-08-28 14:29:03) <-- (may instantiate this module)
19       work.CoreGPIO.verilog may have changed because the following files changed:
                        D:\libero_tests\CORE_I2C_TEMP - Copy\component\work\TEMP\TEMP.v (2024-08-28 14:26:57, 2024-08-28 14:30:31) <-- (may instantiate this module)
                        D:\libero_tests\CORE_I2C_TEMP - Copy\component\work\TEMP_sb\TEMP_sb.v (2024-08-28 14:25:57, 2024-08-28 14:29:03) <-- (may instantiate this module)
5        work.CoreResetP.verilog may have changed because the following files changed:
                        D:\libero_tests\CORE_I2C_TEMP - Copy\component\work\TEMP\TEMP.v (2024-08-28 14:26:57, 2024-08-28 14:30:31) <-- (may instantiate this module)
                        D:\libero_tests\CORE_I2C_TEMP - Copy\component\work\TEMP_sb\TEMP_sb.v (2024-08-28 14:25:57, 2024-08-28 14:29:03) <-- (may instantiate this module)
6        work.MSS_005.verilog may have changed because the following files changed:
                        D:\libero_tests\CORE_I2C_TEMP - Copy\component\work\TEMP\TEMP.v (2024-08-28 14:26:57, 2024-08-28 14:30:31) <-- (may instantiate this module)
                        D:\libero_tests\CORE_I2C_TEMP - Copy\component\work\TEMP_sb\TEMP_sb.v (2024-08-28 14:25:57, 2024-08-28 14:29:03) <-- (may instantiate this module)
                        D:\libero_tests\CORE_I2C_TEMP - Copy\component\work\TEMP_sb_MSS\TEMP_sb_MSS.v (2024-08-28 14:25:54, 2024-08-28 14:29:01) <-- (may instantiate this module)
                        D:\libero_tests\CORE_I2C_TEMP - Copy\component\work\TEMP_sb_MSS\TEMP_sb_MSS_syn.v (2024-08-28 14:25:54, 2024-08-28 14:29:01) <-- (module definition)
7        work.RCOSC_1MHZ.verilog may have changed because the following files changed:
                        D:\libero_tests\CORE_I2C_TEMP - Copy\component\work\TEMP\TEMP.v (2024-08-28 14:26:57, 2024-08-28 14:30:31) <-- (may instantiate this module)
                        D:\libero_tests\CORE_I2C_TEMP - Copy\component\work\TEMP_sb\FABOSC_0\TEMP_sb_FABOSC_0_OSC.v (2024-08-28 14:25:57, 2024-08-28 14:29:03) <-- (may instantiate this module)
                        D:\libero_tests\CORE_I2C_TEMP - Copy\component\work\TEMP_sb\TEMP_sb.v (2024-08-28 14:25:57, 2024-08-28 14:29:03) <-- (may instantiate this module)
8        work.RCOSC_1MHZ_FAB.verilog may have changed because the following files changed:
                        D:\libero_tests\CORE_I2C_TEMP - Copy\component\work\TEMP\TEMP.v (2024-08-28 14:26:57, 2024-08-28 14:30:31) <-- (may instantiate this module)
                        D:\libero_tests\CORE_I2C_TEMP - Copy\component\work\TEMP_sb\FABOSC_0\TEMP_sb_FABOSC_0_OSC.v (2024-08-28 14:25:57, 2024-08-28 14:29:03) <-- (may instantiate this module)
                        D:\libero_tests\CORE_I2C_TEMP - Copy\component\work\TEMP_sb\TEMP_sb.v (2024-08-28 14:25:57, 2024-08-28 14:29:03) <-- (may instantiate this module)
9        work.RCOSC_25_50MHZ.verilog may have changed because the following files changed:
                        D:\libero_tests\CORE_I2C_TEMP - Copy\component\work\TEMP\TEMP.v (2024-08-28 14:26:57, 2024-08-28 14:30:31) <-- (may instantiate this module)
                        D:\libero_tests\CORE_I2C_TEMP - Copy\component\work\TEMP_sb\FABOSC_0\TEMP_sb_FABOSC_0_OSC.v (2024-08-28 14:25:57, 2024-08-28 14:29:03) <-- (may instantiate this module)
                        D:\libero_tests\CORE_I2C_TEMP - Copy\component\work\TEMP_sb\TEMP_sb.v (2024-08-28 14:25:57, 2024-08-28 14:29:03) <-- (may instantiate this module)
10       work.RCOSC_25_50MHZ_FAB.verilog may have changed because the following files changed:
                        D:\libero_tests\CORE_I2C_TEMP - Copy\component\work\TEMP\TEMP.v (2024-08-28 14:26:57, 2024-08-28 14:30:31) <-- (may instantiate this module)
                        D:\libero_tests\CORE_I2C_TEMP - Copy\component\work\TEMP_sb\FABOSC_0\TEMP_sb_FABOSC_0_OSC.v (2024-08-28 14:25:57, 2024-08-28 14:29:03) <-- (may instantiate this module)
                        D:\libero_tests\CORE_I2C_TEMP - Copy\component\work\TEMP_sb\TEMP_sb.v (2024-08-28 14:25:57, 2024-08-28 14:29:03) <-- (may instantiate this module)
11       work.TEMP.verilog may have changed because the following files changed:
                        D:\libero_tests\CORE_I2C_TEMP - Copy\component\work\TEMP\TEMP.v (2024-08-28 14:26:57, 2024-08-28 14:30:31) <-- (module definition)
12       work.TEMP_sb.verilog may have changed because the following files changed:
                        D:\libero_tests\CORE_I2C_TEMP - Copy\component\work\TEMP\TEMP.v (2024-08-28 14:26:57, 2024-08-28 14:30:31) <-- (may instantiate this module)
                        D:\libero_tests\CORE_I2C_TEMP - Copy\component\work\TEMP_sb\TEMP_sb.v (2024-08-28 14:25:57, 2024-08-28 14:29:03) <-- (module definition)
13       work.TEMP_sb_CCC_0_FCCC.verilog may have changed because the following files changed:
                        D:\libero_tests\CORE_I2C_TEMP - Copy\component\work\TEMP\TEMP.v (2024-08-28 14:26:57, 2024-08-28 14:30:31) <-- (may instantiate this module)
                        D:\libero_tests\CORE_I2C_TEMP - Copy\component\work\TEMP_sb\CCC_0\TEMP_sb_CCC_0_FCCC.v (2024-08-28 14:25:56, 2024-08-28 14:29:03) <-- (module definition)
                        D:\libero_tests\CORE_I2C_TEMP - Copy\component\work\TEMP_sb\TEMP_sb.v (2024-08-28 14:25:57, 2024-08-28 14:29:03) <-- (may instantiate this module)
14       work.TEMP_sb_FABOSC_0_OSC.verilog may have changed because the following files changed:
                        D:\libero_tests\CORE_I2C_TEMP - Copy\component\work\TEMP\TEMP.v (2024-08-28 14:26:57, 2024-08-28 14:30:31) <-- (may instantiate this module)
                        D:\libero_tests\CORE_I2C_TEMP - Copy\component\work\TEMP_sb\FABOSC_0\TEMP_sb_FABOSC_0_OSC.v (2024-08-28 14:25:57, 2024-08-28 14:29:03) <-- (module definition)
                        D:\libero_tests\CORE_I2C_TEMP - Copy\component\work\TEMP_sb\TEMP_sb.v (2024-08-28 14:25:57, 2024-08-28 14:29:03) <-- (may instantiate this module)
15       work.TEMP_sb_MSS.verilog may have changed because the following files changed:
                        D:\libero_tests\CORE_I2C_TEMP - Copy\component\work\TEMP\TEMP.v (2024-08-28 14:26:57, 2024-08-28 14:30:31) <-- (may instantiate this module)
                        D:\libero_tests\CORE_I2C_TEMP - Copy\component\work\TEMP_sb\TEMP_sb.v (2024-08-28 14:25:57, 2024-08-28 14:29:03) <-- (may instantiate this module)
                        D:\libero_tests\CORE_I2C_TEMP - Copy\component\work\TEMP_sb_MSS\TEMP_sb_MSS.v (2024-08-28 14:25:54, 2024-08-28 14:29:01) <-- (module definition)
16       work.XTLOSC.verilog may have changed because the following files changed:
                        D:\libero_tests\CORE_I2C_TEMP - Copy\component\work\TEMP\TEMP.v (2024-08-28 14:26:57, 2024-08-28 14:30:31) <-- (may instantiate this module)
                        D:\libero_tests\CORE_I2C_TEMP - Copy\component\work\TEMP_sb\FABOSC_0\TEMP_sb_FABOSC_0_OSC.v (2024-08-28 14:25:57, 2024-08-28 14:29:03) <-- (may instantiate this module)
                        D:\libero_tests\CORE_I2C_TEMP - Copy\component\work\TEMP_sb\TEMP_sb.v (2024-08-28 14:25:57, 2024-08-28 14:29:03) <-- (may instantiate this module)
17       work.XTLOSC_FAB.verilog may have changed because the following files changed:
                        D:\libero_tests\CORE_I2C_TEMP - Copy\component\work\TEMP\TEMP.v (2024-08-28 14:26:57, 2024-08-28 14:30:31) <-- (may instantiate this module)
                        D:\libero_tests\CORE_I2C_TEMP - Copy\component\work\TEMP_sb\FABOSC_0\TEMP_sb_FABOSC_0_OSC.v (2024-08-28 14:25:57, 2024-08-28 14:29:03) <-- (may instantiate this module)
                        D:\libero_tests\CORE_I2C_TEMP - Copy\component\work\TEMP_sb\TEMP_sb.v (2024-08-28 14:25:57, 2024-08-28 14:29:03) <-- (may instantiate this module)
18       work.coreresetp_pcie_hotreset.verilog may have changed because the following files changed:
                        D:\libero_tests\CORE_I2C_TEMP - Copy\component\work\TEMP\TEMP.v (2024-08-28 14:26:57, 2024-08-28 14:30:31) <-- (may instantiate this module)
                        D:\libero_tests\CORE_I2C_TEMP - Copy\component\work\TEMP_sb\TEMP_sb.v (2024-08-28 14:25:57, 2024-08-28 14:29:03) <-- (may instantiate this module)

*******************************************************************
Unmodified files: 14
FID:  path (timestamp)
0        C:\Microchip\Libero_SoC_v2024.1\SynplifyPro\lib\generic\smartfusion2.v (2024-01-04 21:41:02)
1        C:\Microchip\Libero_SoC_v2024.1\SynplifyPro\lib\vlog\hypermods.v (2024-01-04 21:34:40)
2        C:\Microchip\Libero_SoC_v2024.1\SynplifyPro\lib\vlog\scemi_objects.v (2024-01-04 21:34:40)
3        C:\Microchip\Libero_SoC_v2024.1\SynplifyPro\lib\vlog\scemi_pipes.svh (2024-01-04 21:34:40)
4        C:\Microchip\Libero_SoC_v2024.1\SynplifyPro\lib\vlog\umr_capim.v (2024-01-04 21:38:34)
19       D:\libero_tests\CORE_I2C_TEMP - Copy\component\Actel\DirectCore\COREI2C\7.0.102\rtl\vlog\core_obfuscated\corei2c.v (2024-08-28 11:08:40)
20       D:\libero_tests\CORE_I2C_TEMP - Copy\component\Actel\DirectCore\COREI2C\7.0.102\rtl\vlog\core_obfuscated\corei2creal.v (2024-08-28 11:08:40)
21       D:\libero_tests\CORE_I2C_TEMP - Copy\component\Actel\DirectCore\CoreAPB3\4.1.100\rtl\vlog\core\coreapb3.v (2024-08-16 14:57:39)
22       D:\libero_tests\CORE_I2C_TEMP - Copy\component\Actel\DirectCore\CoreAPB3\4.1.100\rtl\vlog\core\coreapb3_iaddr_reg.v (2024-08-16 14:57:39)
23       D:\libero_tests\CORE_I2C_TEMP - Copy\component\Actel\DirectCore\CoreAPB3\4.1.100\rtl\vlog\core\coreapb3_muxptob3.v (2024-08-16 14:57:39)
24       D:\libero_tests\CORE_I2C_TEMP - Copy\component\Actel\DirectCore\CoreGPIO\3.0.120\rtl\vlog\core\coregpio.v (2024-08-19 10:23:02)
25       D:\libero_tests\CORE_I2C_TEMP - Copy\component\Actel\DirectCore\CoreResetP\7.1.100\rtl\vlog\core\coreresetp.v (2024-08-16 11:56:28)
26       D:\libero_tests\CORE_I2C_TEMP - Copy\component\Actel\DirectCore\CoreResetP\7.1.100\rtl\vlog\core\coreresetp_pcie_hotreset.v (2024-08-16 11:56:28)
27       D:\libero_tests\CORE_I2C_TEMP - Copy\component\Actel\SgCore\OSC\2.0.101\osc_comps.v (2024-07-09 11:44:48)

*******************************************************************
Unchanged modules: 0
MID:  lib.cell.view
