Resource Report
Microchip Technology Inc. - Microchip Libero Software Release v2024.1 (Version 2024.1.0.3)
Date: Tue Aug 27 17:37:01 2024

Device Selection
+--------------------------------+----------------+
| Family                         | SmartFusion2   |
| Device                         | M2S005         |
| Package                        | 400 VF         |
| Speed Grade                    | STD            |
| Temp                           | -40:25:100     |
| Voltage                        | 1.26:1.20:1.14 |
| Core Voltage                   | 1.2V           |
| Ramp Rate                      | 100ms Minimum  |
| System Controller Suspend Mode | No             |
| PLL Supply Voltage             | 3.3V           |
| Default I/O technology         | LVCMOS 3.3V    |
| Restrict Probe Pins            | Yes            |
| Restrict SPI Pins              | No             |
+--------------------------------+----------------+

Source Files
+---------+----------------------------------------------+
| Topcell | TEMP1                                        |
| Format  | Verilog                                      |
| Source  | D:\libero_tests\I2C_TEMP1\synthesis\TEMP1.vm |
+---------+----------------------------------------------+

Options
+----------------------------------------------------+-------+
| Enable Single Event Transient mitigation           | false |
| Enable Design Separation Methodology               | false |
| Limit the number of high fanout nets to display to | 10    |
+----------------------------------------------------+-------+

Resource Usage
+---------------------------+------+-------+------------+
| Type                      | Used | Total | Percentage |
+---------------------------+------+-------+------------+
| 4LUT                      | 362  | 6060  | 5.97       |
| DFF                       | 98   | 6060  | 1.62       |
| I/O Register              | 0    | 513   | 0.00       |
| User I/O                  | 6    | 171   | 3.51       |
| -- Single-ended I/O       | 6    | 171   | 3.51       |
| -- Differential I/O Pairs | 0    | 85    | 0.00       |
| RAM64x18                  | 0    | 11    | 0.00       |
| RAM1K18                   | 0    | 10    | 0.00       |
| MACC                      | 0    | 11    | 0.00       |
| Chip Globals              | 2    | 8     | 25.00      |
| CCC                       | 0    | 2     | 0.00       |
| RCOSC_25_50MHZ            | 1    | 1     | 100.00     |
| RCOSC_1MHZ                | 0    | 1     | 0.00       |
| XTLOSC                    | 0    | 1     | 0.00       |
| MSS                       | 1    | 1     | 100.00     |
+---------------------------+------+-------+------------+

Detailed Logic Resource Usage
+--------------------------+------+-----+
| Type                     | 4LUT | DFF |
+--------------------------+------+-----+
| Fabric Logic             | 362  | 98  |
| RAM64x18 Interface Logic | 0    | 0   |
| RAM1K18 Interface Logic  | 0    | 0   |
| MACC Interface Logic     | 0    | 0   |
| Total Used               | 362  | 98  |
+--------------------------+------+-----+

MSS Resource Usage
+---------------+------+-------+
| Type          | Used | Total |
+---------------+------+-------+
| Cortex-M3*    | 1    | 1     |
| eNVM (128KB)* | 1    | 1     |
| eSRAM*        | 2    | 2     |
| TIMER*        | 2    | 2     |
| CAN           | 0    | 1     |
| SPI           | 0    | 2     |
| I2C           | 1    | 2     |
| UART          | 0    | 2     |
| USB           | 0    | 1     |
| MAC           | 0    | 1     |
| MDDR          | 0    | 1     |
| HPDMA         | 1    | 1     |
| PDMA          | 1    | 1     |
+---------------+------+-------+

* These resources are always marked as used when you are using the MSS

Detailed Carry Chains Resource Usage
+--------+------+
| Length | Used |
| 2      | 6    |
| Total  | 6    |
+--------+------+

I/O Function
+-------------------------------+--------------+-------------+-----------------+
| Type                          | w/o register | w/ register | w/ DDR register |
+-------------------------------+--------------+-------------+-----------------+
| Input I/O                     | 2            | 0           | 0               |
| Output I/O                    | 2            | 0           | 0               |
| Bidirectional I/O             | 2            | 0           | 0               |
| Differential Input I/O Pairs  | 0            | 0           | 0               |
| Differential Output I/O Pairs | 0            | 0           | 0               |
+-------------------------------+--------------+-------------+-----------------+

I/O Technology
+--------------+--------+------+-------+--------+---------------+
| I/O Standard | Vddi   | Vref | Input | Output | Bidirectional |
+--------------+--------+------+-------+--------+---------------+
| LVCMOS33     |  3.30v |  N/A |  2    |  2     |  2            |
+--------------+--------+------+-------+--------+---------------+

Nets assigned to chip global resources
+--------+---------+---------------------------------------------------------------+
| Fanout | Type    | Name                                                          |
+--------+---------+---------------------------------------------------------------+
| 99     | INT_NET | Net   : OSC_C0_0_RCOSC_25_50MHZ_O2F                           |
|        |         | Driver: OSC_C0_0/OSC_C0_0/I_RCOSC_25_50MHZ_FAB_CLKINT/U0_RGB1 |
|        |         | Source: NETLIST                                               |
| 98     | INT_NET | Net   : SYSRESET_0_POWER_ON_RESET_N_arst                      |
|        |         | Driver: SYSRESET_0_POWER_ON_RESET_N_netprop_RNIF4GB/U0_RGB1   |
|        |         | Source: NETLIST                                               |
+--------+---------+---------------------------------------------------------------+

Nets assigned to row global resources
+--------+------+------+
| Fanout | Type | Name |
+--------+------+------+
+--------+------+------+

High fanout nets
+--------+---------+--------------------------------------------------------------------------+
| Fanout | Type    | Name                                                                     |
+--------+---------+--------------------------------------------------------------------------+
| 23     | INT_NET | Net   : COREI2C_C0_0/COREI2C_C0_0/I2C_NUM_GENERATION[0].ui2c/sercon_Z[6] |
|        |         | Driver: COREI2C_C0_0/COREI2C_C0_0/I2C_NUM_GENERATION[0].ui2c/sercon[6]   |
| 21     | INT_NET | Net   : COREI2C_C0_0/COREI2C_C0_0/I2C_NUM_GENERATION[0].ui2c/sercon_Z[3] |
|        |         | Driver: COREI2C_C0_0/COREI2C_C0_0/I2C_NUM_GENERATION[0].ui2c/sercon[3]   |
| 21     | INT_NET | Net   : COREI2C_C0_0/COREI2C_C0_0/I2C_NUM_GENERATION[0].ui2c/SCLInt_Z    |
|        |         | Driver: COREI2C_C0_0/COREI2C_C0_0/I2C_NUM_GENERATION[0].ui2c/SCLInt      |
| 19     | INT_NET | Net   : CoreAPB3_C0_0_APBmslave0_PADDR[2]                                |
|        |         | Driver: TEMP1_MSS_0/MSS_ADLIB_INST                                       |
| 19     | INT_NET | Net   : COREI2C_C0_0/COREI2C_C0_0/I2C_NUM_GENERATION[0].ui2c/fsmsta_Z[0] |
|        |         | Driver: COREI2C_C0_0/COREI2C_C0_0/I2C_NUM_GENERATION[0].ui2c/fsmsta[0]   |
| 18     | INT_NET | Net   : COREI2C_C0_0/COREI2C_C0_0/I2C_NUM_GENERATION[0].ui2c/fsmsta_Z[4] |
|        |         | Driver: COREI2C_C0_0/COREI2C_C0_0/I2C_NUM_GENERATION[0].ui2c/fsmsta[4]   |
| 18     | INT_NET | Net   : COREI2C_C0_0/COREI2C_C0_0/I2C_NUM_GENERATION[0].ui2c/fsmsta_Z[2] |
|        |         | Driver: COREI2C_C0_0/COREI2C_C0_0/I2C_NUM_GENERATION[0].ui2c/fsmsta[2]   |
| 18     | INT_NET | Net   : COREI2C_C0_0/COREI2C_C0_0/I2C_NUM_GENERATION[0].ui2c/fsmsta_Z[1] |
|        |         | Driver: COREI2C_C0_0/COREI2C_C0_0/I2C_NUM_GENERATION[0].ui2c/fsmsta[1]   |
| 17     | INT_NET | Net   : COREI2C_C0_0/COREI2C_C0_0/I2C_NUM_GENERATION[0].ui2c/SDAInt_Z    |
|        |         | Driver: COREI2C_C0_0/COREI2C_C0_0/I2C_NUM_GENERATION[0].ui2c/SDAInt      |
| 16     | INT_NET | Net   : COREI2C_C0_0/COREI2C_C0_0/I2C_NUM_GENERATION[0].ui2c/fsmdet_Z[3] |
|        |         | Driver: COREI2C_C0_0/COREI2C_C0_0/I2C_NUM_GENERATION[0].ui2c/fsmdet[3]   |
+--------+---------+--------------------------------------------------------------------------+

High fanout nets (through buffer trees)
+--------+---------+--------------------------------------------------------------------------+
| Fanout | Type    | Name                                                                     |
+--------+---------+--------------------------------------------------------------------------+
| 23     | INT_NET | Net   : COREI2C_C0_0/COREI2C_C0_0/I2C_NUM_GENERATION[0].ui2c/sercon_Z[6] |
|        |         | Driver: COREI2C_C0_0/COREI2C_C0_0/I2C_NUM_GENERATION[0].ui2c/sercon[6]   |
| 21     | INT_NET | Net   : COREI2C_C0_0/COREI2C_C0_0/I2C_NUM_GENERATION[0].ui2c/sercon_Z[3] |
|        |         | Driver: COREI2C_C0_0/COREI2C_C0_0/I2C_NUM_GENERATION[0].ui2c/sercon[3]   |
| 21     | INT_NET | Net   : COREI2C_C0_0/COREI2C_C0_0/I2C_NUM_GENERATION[0].ui2c/SCLInt_Z    |
|        |         | Driver: COREI2C_C0_0/COREI2C_C0_0/I2C_NUM_GENERATION[0].ui2c/SCLInt      |
| 19     | INT_NET | Net   : CoreAPB3_C0_0_APBmslave0_PADDR[2]                                |
|        |         | Driver: TEMP1_MSS_0/MSS_ADLIB_INST                                       |
| 19     | INT_NET | Net   : COREI2C_C0_0/COREI2C_C0_0/I2C_NUM_GENERATION[0].ui2c/fsmsta_Z[0] |
|        |         | Driver: COREI2C_C0_0/COREI2C_C0_0/I2C_NUM_GENERATION[0].ui2c/fsmsta[0]   |
| 18     | INT_NET | Net   : COREI2C_C0_0/COREI2C_C0_0/I2C_NUM_GENERATION[0].ui2c/fsmsta_Z[4] |
|        |         | Driver: COREI2C_C0_0/COREI2C_C0_0/I2C_NUM_GENERATION[0].ui2c/fsmsta[4]   |
| 18     | INT_NET | Net   : COREI2C_C0_0/COREI2C_C0_0/I2C_NUM_GENERATION[0].ui2c/fsmsta_Z[2] |
|        |         | Driver: COREI2C_C0_0/COREI2C_C0_0/I2C_NUM_GENERATION[0].ui2c/fsmsta[2]   |
| 18     | INT_NET | Net   : COREI2C_C0_0/COREI2C_C0_0/I2C_NUM_GENERATION[0].ui2c/fsmsta_Z[1] |
|        |         | Driver: COREI2C_C0_0/COREI2C_C0_0/I2C_NUM_GENERATION[0].ui2c/fsmsta[1]   |
| 17     | INT_NET | Net   : COREI2C_C0_0/COREI2C_C0_0/I2C_NUM_GENERATION[0].ui2c/SDAInt_Z    |
|        |         | Driver: COREI2C_C0_0/COREI2C_C0_0/I2C_NUM_GENERATION[0].ui2c/SDAInt      |
| 16     | INT_NET | Net   : COREI2C_C0_0/COREI2C_C0_0/I2C_NUM_GENERATION[0].ui2c/fsmdet_Z[3] |
|        |         | Driver: COREI2C_C0_0/COREI2C_C0_0/I2C_NUM_GENERATION[0].ui2c/fsmdet[3]   |
+--------+---------+--------------------------------------------------------------------------+

