Resource Usage Report for UART_GPIO_FAB_SB 

Mapping to part: m2s005vf400std
Cell usage:
CCC             1 use
CLKINT          2 uses
INV             2 uses
MSS_005         1 use
OR3             3 uses
RCOSC_25_50MHZ  1 use
SYSRESET        1 use
CFG1           10 uses
CFG2           55 uses
CFG3           38 uses
CFG4           84 uses

Carry cells:
ARI1            56 uses - used for arithmetic functions
ARI1            13 uses - used for Wide-Mux implementation
Total ARI1      69 uses


Sequential Cells: 
SLE            203 uses

DSP Blocks:    0 of 11 (0%)

I/O ports: 8
I/O primitives: 6
INBUF          2 uses
OUTBUF         4 uses


Global Clock Buffers: 2

Total LUTs:    256

Extra resources required for RAM and MACC interface logic during P&R:

RAM64x18 Interface Logic : SLEs = 72; LUTs = 72;
RAM1K18  Interface Logic : SLEs = 0; LUTs = 0;
MACC     Interface Logic : SLEs = 0; LUTs = 0;

Total number of SLEs after P&R:  203 + 72 + 0 + 0 = 275;
Total number of LUTs after P&R:  256 + 72 + 0 + 0 = 328;

