
Copyright (C) 1994-2023 Synopsys, Inc.
This Synopsys software and all associated documentation are proprietary to Synopsys, Inc.
and may only be used pursuant to the terms and conditions of a written license agreement
with Synopsys, Inc. All other use, reproduction, modification, or distribution of the
Synopsys software or the associated documentation is strictly prohibited.
Tool: Synplify Pro (R)
Build: V-2023.09M
Install: C:\Microchip\Libero_SoC_v2024.1\SynplifyPro
OS: Windows 10 or later
Hostname: DESKTOP-9J7KET5

Implementation : synthesis

# Written on Thu Aug 22 17:57:54 2024

##### FILES SYNTAX CHECKED ##############################################
Constraint File(s):      "D:\libero_tests\ABFN_GPIO_UART_FAB_INT\designer\FAB_INT\synthesis.fdc"

#Run constraint checker to find more issues with constraints.
#########################################################################



No issues found in constraint syntax.



Clock Summary
*************

          Start                                             Requested     Requested     Clock                                                              Clock                Clock
Level     Clock                                             Frequency     Period        Type                                                               Group                Load 
-------------------------------------------------------------------------------------------------------------------------------------------------------------------------------------
0 -       FAB_INT_sb_0/FABOSC_0/I_RCOSC_25_50MHZ/CLKOUT     50.0 MHz      20.000        declared                                                           default_clkgroup     15   
1 .         FAB_INT_sb_0/CCC_0/GL0                          100.0 MHz     10.000        generated (from FAB_INT_sb_0/FABOSC_0/I_RCOSC_25_50MHZ/CLKOUT)     default_clkgroup     249  
=====================================================================================================================================================================================


Clock Load Summary
******************

                                                  Clock     Source                                                            Clock Pin                                                 Non-clock Pin     Non-clock Pin                                                   
Clock                                             Load      Pin                                                               Seq Example                                               Seq Example       Comb Example                                                    
--------------------------------------------------------------------------------------------------------------------------------------------------------------------------------------------------------------------------------------------------------------------------
FAB_INT_sb_0/FABOSC_0/I_RCOSC_25_50MHZ/CLKOUT     15        FAB_INT_sb_0.FABOSC_0.I_RCOSC_25_50MHZ.CLKOUT(RCOSC_25_50MHZ)     FAB_INT_sb_0.CORERESETP_0.release_sdif0_core.C            -                 FAB_INT_sb_0.FABOSC_0.I_RCOSC_25_50MHZ_FAB.A(RCOSC_25_50MHZ_FAB)
FAB_INT_sb_0/CCC_0/GL0                            249       FAB_INT_sb_0.CCC_0.CCC_INST.GL0(CCC)                              FAB_INT_sb_0.FAB_INT_sb_MSS_0.MSS_ADLIB_INST.CLK_BASE     -                 FAB_INT_sb_0.CCC_0.GL0_INST.I(BUFG)                             
==========================================================================================================================================================================================================================================================================
