C:\Microchip\Libero_SoC_v2024.1\SynplifyPro\bin64\c_hdl.exe  -osyn  D:\libero_tests\I2C_TEMP1\synthesis\synwork\TEMP1_comp.srs  -top  TEMP1  -hdllog  D:\libero_tests\I2C_TEMP1\synthesis\synlog\TEMP1_compiler.srr  -encrypt  -mp  4  -verification_mode 0  -verilog  -prodtype  synplify_pro   -infer_seqShift -primux -dspmac -pqdpadd -fixsmult -sdff_counter -divnmod -nram  -actel   -I D:\libero_tests\I2C_TEMP1\synthesis\  -I C:\Microchip\Libero_SoC_v2024.1\SynplifyPro\lib   -sysv  -devicelib  C:\Microchip\Libero_SoC_v2024.1\SynplifyPro\lib\generic\smartfusion2.v  -encrypt  -pro  -dmgen  D:\libero_tests\I2C_TEMP1\synthesis\dm  -ui -fid2 -ram -sharing on -ll 2000 -autosm  -lib work D:\libero_tests\I2C_TEMP1\component\Actel\DirectCore\COREI2C\7.2.101\rtl\vlog\core\corei2creal.v -lib work D:\libero_tests\I2C_TEMP1\component\work\COREI2C_C0\COREI2C_C0_0\rtl\vlog\core\corei2c.v -lib work D:\libero_tests\I2C_TEMP1\component\work\COREI2C_C0\COREI2C_C0.v -lib COREAPB3_LIB D:\libero_tests\I2C_TEMP1\component\Actel\DirectCore\CoreAPB3\4.2.100\rtl\vlog\core\coreapb3_muxptob3.v -lib COREAPB3_LIB D:\libero_tests\I2C_TEMP1\component\Actel\DirectCore\CoreAPB3\4.2.100\rtl\vlog\core\coreapb3_iaddr_reg.v -lib COREAPB3_LIB D:\libero_tests\I2C_TEMP1\component\Actel\DirectCore\CoreAPB3\4.2.100\rtl\vlog\core\coreapb3.v -lib work D:\libero_tests\I2C_TEMP1\component\work\CoreAPB3_C0\CoreAPB3_C0.v -lib work D:\libero_tests\I2C_TEMP1\component\Actel\SgCore\OSC\2.0.101\osc_comps.v -lib work D:\libero_tests\I2C_TEMP1\component\work\OSC_C0\OSC_C0_0\OSC_C0_OSC_C0_0_OSC.v -lib work D:\libero_tests\I2C_TEMP1\component\work\OSC_C0\OSC_C0.v -lib work D:\libero_tests\I2C_TEMP1\component\work\TEMP1_MSS\TEMP1_MSS_syn.v -lib work D:\libero_tests\I2C_TEMP1\component\work\TEMP1_MSS\TEMP1_MSS.v -lib work D:\libero_tests\I2C_TEMP1\component\work\TEMP1\TEMP1.v  -jobname  "compiler" 
relcom:C:\Microchip\Libero_SoC_v2024.1\SynplifyPro\bin64\c_hdl.exe -osyn ..\synwork\TEMP1_comp.srs -top TEMP1 -hdllog ..\synlog\TEMP1_compiler.srr -encrypt -mp 4 -verification_mode 0 -verilog -prodtype synplify_pro -infer_seqShift -primux -dspmac -pqdpadd -fixsmult -sdff_counter -divnmod -nram -actel -I ..\ -I C:\Microchip\Libero_SoC_v2024.1\SynplifyPro\lib -sysv -devicelib C:\Microchip\Libero_SoC_v2024.1\SynplifyPro\lib\generic\smartfusion2.v -encrypt -pro -dmgen ..\dm -ui -fid2 -ram -sharing on -ll 2000 -autosm -lib work ..\..\component\Actel\DirectCore\COREI2C\7.2.101\rtl\vlog\core\corei2creal.v -lib work ..\..\component\work\COREI2C_C0\COREI2C_C0_0\rtl\vlog\core\corei2c.v -lib work ..\..\component\work\COREI2C_C0\COREI2C_C0.v -lib COREAPB3_LIB ..\..\component\Actel\DirectCore\CoreAPB3\4.2.100\rtl\vlog\core\coreapb3_muxptob3.v -lib COREAPB3_LIB ..\..\component\Actel\DirectCore\CoreAPB3\4.2.100\rtl\vlog\core\coreapb3_iaddr_reg.v -lib COREAPB3_LIB ..\..\component\Actel\DirectCore\CoreAPB3\4.2.100\rtl\vlog\core\coreapb3.v -lib work ..\..\component\work\CoreAPB3_C0\CoreAPB3_C0.v -lib work ..\..\component\Actel\SgCore\OSC\2.0.101\osc_comps.v -lib work ..\..\component\work\OSC_C0\OSC_C0_0\OSC_C0_OSC_C0_0_OSC.v -lib work ..\..\component\work\OSC_C0\OSC_C0.v -lib work ..\..\component\work\TEMP1_MSS\TEMP1_MSS_syn.v -lib work ..\..\component\work\TEMP1_MSS\TEMP1_MSS.v -lib work ..\..\component\work\TEMP1\TEMP1.v -jobname "compiler"
rc:0 success:1 runtime:4
file:..\synwork\temp1_comp.srs|io:o|time:1724760412|size:82744|exec:0|csum:
file:..\synlog\temp1_compiler.srr|io:o|time:1724760412|size:34764|exec:0|csum:
file:c:\microchip\libero_soc_v2024.1\synplifypro\lib\generic\smartfusion2.v|io:i|time:1704384662|size:16415|exec:0|csum:9BAA6208AF4C76CF2C10809775E94DAF
file:..\..\component\actel\directcore\corei2c\7.2.101\rtl\vlog\core\corei2creal.v|io:i|time:1724749866|size:102338|exec:0|csum:6309FC91EC6D179B8EF76872CDF98B84
file:..\..\component\work\corei2c_c0\corei2c_c0_0\rtl\vlog\core\corei2c.v|io:i|time:1724759627|size:17969|exec:0|csum:4F33B23678F32F65647745FCA3AC57B5
file:..\..\component\work\corei2c_c0\corei2c_c0.v|io:i|time:1724759627|size:5195|exec:0|csum:21811B911AF89300AB41DD00BF71FEDD
file:..\..\component\actel\directcore\coreapb3\4.2.100\rtl\vlog\core\coreapb3_muxptob3.v|io:i|time:1724391163|size:5708|exec:0|csum:62760A893104B8E7C9EE95AF6FE4EB76
file:..\..\component\actel\directcore\coreapb3\4.2.100\rtl\vlog\core\coreapb3_iaddr_reg.v|io:i|time:1724391163|size:4465|exec:0|csum:204785D2FD68CCDD40DD437A629883AA
file:..\..\component\actel\directcore\coreapb3\4.2.100\rtl\vlog\core\coreapb3.v|io:i|time:1724391163|size:29701|exec:0|csum:06515C562E664B424C2D2983DE6B783B
file:..\..\component\work\coreapb3_c0\coreapb3_c0.v|io:i|time:1724749946|size:12821|exec:0|csum:B3D4E1C87C0D1EB5EBA7C74C98A4A189
file:..\..\component\actel\sgcore\osc\2.0.101\osc_comps.v|io:i|time:1720505688|size:924|exec:0|csum:96EB0FE10D5CD792BE1E4F31403C1EFA
file:..\..\component\work\osc_c0\osc_c0_0\osc_c0_osc_c0_0_osc.v|io:i|time:1724749603|size:825|exec:0|csum:274D292CEDCA6BC1C8CF8CE19EE30973
file:..\..\component\work\osc_c0\osc_c0.v|io:i|time:1724749603|size:2908|exec:0|csum:781CA3B763632AF183DA19C73AE72CA0
file:..\..\component\work\temp1_mss\temp1_mss_syn.v|io:i|time:1724760338|size:44525|exec:0|csum:6E2D3F7725294D0DC17EBBD81E26EFC7
file:..\..\component\work\temp1_mss\temp1_mss.v|io:i|time:1724760338|size:39710|exec:0|csum:E28B0CD1E3AFC344EE5B6AF689EE7AEC
file:..\..\component\work\temp1\temp1.v|io:i|time:1724760395|size:7579|exec:0|csum:FFB06AC9D0D143DD96E188D1BDAB2148
file:c:\microchip\libero_soc_v2024.1\synplifypro\bin64\c_hdl.exe|io:i|time:1704384984|size:7448576|exec:1|csum:76E3C5E55C912E189842A3CDFCBC6254
