
                               Synplify Pro (R) 

                  Version V-2023.09M for win64 - Jan 04, 2024 

                    Copyright (c) 1988 - 2024 Synopsys, Inc.
   This software and the associated documentation are proprietary to Synopsys,
 Inc. This software may only be used in accordance with the terms and conditions
 of a written license agreement with Synopsys, Inc. All other use, reproduction,
   or distribution of this software is strictly prohibited.  Licensed Products
     communicate with Synopsys servers for the purpose of providing software
    updates, detecting software piracy and verifying that customers are using
    Licensed Products in conformity with the applicable License Key for such
  Licensed Products. Synopsys will use information gathered in connection with
    this process to deliver software updates and pursue software pirates and
                                   infringers.

 Inclusivity & Diversity - Visit SolvNetPlus to read the "Synopsys Statement on
            Inclusivity and Diversity" (Refer to article 000036315 at
                        https://solvnetplus.synopsys.com)

Starting:    C:\Microchip\Libero_SoC_v2024.1\SynplifyPro\bin64\mbin\synbatch.exe
Install:     C:\Microchip\Libero_SoC_v2024.1\SynplifyPro
Hostname:    DESKTOP-9J7KET5
Date:        Tue Aug 27 11:30:25 2024
Version:     V-2023.09M

Arguments:   -product synplify_base -licensetype synplifypro_actel -batch -log synplify.log MSS_sys_i2c_sb_syn.tcl
ProductType: synplify_pro

License checkout: synplifypro_actel
License: synplifypro_actel from server DESKTOP-9J7KET5 
Licensed Vendor: actel
License Option: actel_oem

Running in Vendor Mode


scm2hydra_preserve_rtl_sig is not supported in current product.
add_dut_hierarchy is not supported in current product.
prepare_readback is not supported in current product.
auto_infer_blackbox is not supported in current product.
log file: "D:\libero_tests\I2C_smart_build\synthesis\MSS_sys_i2c_sb.srr"
Running: synthesis in foreground

Running MSS_sys_i2c_sb_syn|synthesis

Running Flow: compile (Compile) on MSS_sys_i2c_sb_syn|synthesis
# Tue Aug 27 11:30:25 2024

Running Flow: compile_flow (Compile Process) on MSS_sys_i2c_sb_syn|synthesis
# Tue Aug 27 11:30:25 2024

Running: compiler (Compile Input) on MSS_sys_i2c_sb_syn|synthesis
# Tue Aug 27 11:30:25 2024

compiler completed
# Tue Aug 27 11:30:25 2024

Return Code: 0
Run Time:00h:00m:00s

Running: multi_srs_gen (Multi-srs Generator) on MSS_sys_i2c_sb_syn|synthesis
# Tue Aug 27 11:30:25 2024
Up-To-Date: multi_srs_gen. No run necessary
Complete: Compile Process on MSS_sys_i2c_sb_syn|synthesis

Running: premap (Premap) on MSS_sys_i2c_sb_syn|synthesis
# Tue Aug 27 11:30:26 2024

premap completed with warnings
# Tue Aug 27 11:30:27 2024

Return Code: 1
Run Time:00h:00m:01s
Complete: Compile on MSS_sys_i2c_sb_syn|synthesis

Running Flow: map (Map) on MSS_sys_i2c_sb_syn|synthesis
# Tue Aug 27 11:30:27 2024
License granted for 4 parallel jobs

Running: fpga_mapper (Map & Optimize) on MSS_sys_i2c_sb_syn|synthesis
# Tue Aug 27 11:30:27 2024
Copied D:\libero_tests\I2C_smart_build\synthesis\synwork\MSS_sys_i2c_sb_m.srm to D:\libero_tests\I2C_smart_build\synthesis\MSS_sys_i2c_sb.srm

fpga_mapper completed with warnings
# Tue Aug 27 11:30:29 2024

Return Code: 1
Run Time:00h:00m:02s
Complete: Map on MSS_sys_i2c_sb_syn|synthesis
Complete: Logic Synthesis on MSS_sys_i2c_sb_syn|synthesis
TCL script complete: "MSS_sys_i2c_sb_syn.tcl"
exit status=0
exit status=0
License checkin: synplifypro_actel
