Software Version: 2024.1.0.3
Programmer 'S20085DKKI' : JTAG TCK / SPI SCK frequency = 1 MHz
programmer 'S20085DKKI' : FlashPro5
Opened 'D:\libero_tests\LIU_GPIO_INT\designer\GPIO_INT_ABFN\GPIO_INT_ABFN_fp\GPIO_INT_ABFN.pro'
The 'open_project' command succeeded.
Info: Programming is already enabled for device 'M2S005'.
The 'enable_device' command succeeded.
PPD file 'D:/libero_tests/LIU_GPIO_INT/designer/GPIO_INT_ABFN/GPIO_INT_ABFN.ppd' has been loaded successfully.
DESIGN : GPIO_INT_ABFN;  CHECKSUM : FF99;  PDB_VERSION : 1.0
The 'set_programming_file' command succeeded.
The 'set_programming_action' command succeeded.
programmer 'S20085DKKI' : Scan Chain...
Programmer 'S20085DKKI' : JTAG TCK / SPI SCK frequency = 1 MHz
programmer 'S20085DKKI' : Check Chain...
programmer 'S20085DKKI' : Scan and Check Chain PASSED.
programmer 'S20085DKKI' : device 'M2S005' : Executing action PROGRAM
Programmer 'S20085DKKI' : JTAG TCK / SPI SCK frequency = 4 MHz
programmer 'S20085DKKI' : device 'M2S005' : Family: SmartFusion2
programmer 'S20085DKKI' : device 'M2S005' : Product:      M2S005
programmer 'S20085DKKI' : device 'M2S005' : Cortex-M3 Enabled (M3_ALLOWED = 1)
programmer 'S20085DKKI' : device 'M2S005' : Programming Interface Protocol: JTAG
programmer 'S20085DKKI' : device 'M2S005' : EXPORT ISC_ENABLE_RESULT[32] = 007b6444
programmer 'S20085DKKI' : device 'M2S005' : EXPORT CRCERR[1] = 0
programmer 'S20085DKKI' : device 'M2S005' : EXPORT EDCERR[1] = 0
programmer 'S20085DKKI' : device 'M2S005' : Programming FPGA Array and eNVM...
programmer 'S20085DKKI' : device 'M2S005' : EXPORT Fabric component digest[256] = 6f100997df0611a23ed5bddd703535535bdff5312a8fc6be5a415076178e5504
programmer 'S20085DKKI' : device 'M2S005' : EXPORT eNVM component digest[256] = 4c3b2c753bbb5848a5233d799ed1892c0db4cb02909f6769ea7e4487fc20269d
programmer 'S20085DKKI' : device 'M2S005' : ===================================================================================
programmer 'S20085DKKI' : device 'M2S005' : EXPORT DSN[128] = 6d8a0b878e54cb45699b7d3edc54eb1a
programmer 'S20085DKKI' : device 'M2S005' : ===================================================================================
programmer 'S20085DKKI' : device 'M2S005' : Finished: Thu Aug 22 18:40:10 2024 (Elapsed time 00:00:27)
programmer 'S20085DKKI' : device 'M2S005' : Executing action PROGRAM PASSED.
programmer 'S20085DKKI' : Chain programming PASSED.
Chain Programming Finished: Thu Aug 22 18:40:10 2024 (Elapsed time 00:00:27)

                        o - o - o - o - o - o

The 'run_selected_actions' command succeeded.
Project saved.
The 'save_project' command succeeded.
Project closed.
The 'close_project' command succeeded.
The Execute Script command succeeded.
