----------------------------------------------------------------
-Pin Report - Date: Thu Aug  8 13:03:36 2024 Pinchecksum: NOT-AVAILABLE
-Product: Designer
-Release: v2024.1
-Version: 2024.1.0.3
-Design Name: UART_ABFN
-Family: SmartFusion2
-Die: M2S005
-Package: 400 VF
-----------------------------------------------------------------

Number |Port         |Function                                               |State         |I/O Std  |Direction |I/O state in Flash*Freeze mode |Resistor Pull |I/O available in Flash*Freeze mode |Schmitt Trigger |Odt_Static |Odt Imp (Ohm) |Low Power Exit |Input Delay |Slew |Pre-Emphasis |Output Drive (mA) |Output Load (pF) |
-------|-------------|-------------------------------------------------------|--------------|---------|----------|-------------------------------|--------------|-----------------------------------|----------------|-----------|--------------|---------------|------------|-----|-------------|------------------|-----------------|
A1                    DDRIO49PB0/GB0                                          Special        
A2                    VSS                                                     Reserved       
A3                    DDRIO46PB0/MDDR_DQ_ECC1                                 Unassigned     
A4                    DDRIO46NB0/MDDR_DQ_ECC0                                 Unassigned     
A5                    DDRIO43PB0/MDDR_DQ2                                     Unassigned     
A6                    DDRIO43NB0/MDDR_DQ3                                     Unassigned     
A7                    VDDI0                                                   Reserved       
A8                    DDRIO40PB0/MDDR_DQ5                                     Unassigned     
A9                    DDRIO38PB0/MDDR_DQ8                                     Unassigned     
A10                   DDRIO38NB0/MDDR_DQ9                                     Unassigned     
A11                   DDRIO33PB0/MDDR_DQ14                                    Unassigned     
A12                   VSS                                                     Reserved       
A13                   DDRIO26PB0/MDDR_ADDR1                                   Unassigned     
A14                   DDRIO26NB0/MDDR_ADDR2                                   Unassigned     
A15                   DDRIO24NB0/MDDR_ADDR6                                   Unassigned     
A16                   DDRIO22PB0/MDDR_ADDR8                                   Unassigned     
A17                   VDDI0                                                   Reserved       
A18                   DDRIO19PB0/MDDR_ADDR14                                  Unassigned     
A19                   MSIO18NB1/I2C_0_SCL/GPIO_31_B/USB_DATA1_C               Unassigned     
A20                   MSIO18PB1/I2C_0_SDA/GPIO_30_B/USB_DATA0_C               Unassigned     
B1                    DDRIO49NB0/GB4                                          Special        
B2                    MDDR_IMP_CALIB                                          Reserved       
B3                    DDRIO48PB0/MDDR_DQS_ECC                                 Unassigned     
B4                    DDRIO48NB0/MDDR_DQS_ECC_N                               Unassigned     
B5                    VSS                                                     Reserved       
B6                    DDRIO41PB0/MDDR_DM_RDQS0                                Unassigned     
B7                    DDRIO41NB0/MDDR_DQ4                                     Unassigned     
B8                    DDRIO40NB0/MDDR_DQ6                                     Unassigned     
B9                    DDRIO36NB0/MDDR_DQS1_N                                  Unassigned     
B10                   VDDI0                                                   Reserved       
B11                   DDRIO33NB0/MDDR_DQ15                                    Unassigned     
B12                   DDRIO29NB0/MDDR_CLK_N                                   Unassigned     
B13                   DDRIO29PB0/MDDR_CLK                                     Unassigned     
B14                   DDRIO24PB0/MDDR_ADDR5                                   Unassigned     
B15                   VSS                                                     Reserved       
B16                   DDRIO23PB0/MDDR_ODT                                     Unassigned     
B17                   DDRIO22NB0/MDDR_ADDR9                                   Unassigned     
B18                   DDRIO19NB0/MDDR_ADDR15                                  Unassigned     
B19                   MSIO17NB1/MMUART_0_CLK/GPIO_29_B/USB_NXT_C              Unassigned     
B20                   VDDI1                                                   Reserved       
C1                    MSIO52PB6                                               Unassigned     
C2                    MSIO52NB6                                               Unassigned     
C3                    VDDI0                                                   Reserved       
C4                    DDRIO50PB0/MDDR_TMATCH_ECC_OUT                          Unassigned     
C5                    DDRIO47NB0/MDDR_DM_RDQS_ECC                             Unassigned     
C6                    DDRIO42PB0/MDDR_DQS0                                    Unassigned     
C7                    DDRIO42NB0/MDDR_DQS0_N                                  Unassigned     
C8                    VSS                                                     Reserved       
C9                    DDRIO36PB0/MDDR_DQS1                                    Unassigned     
C10                   DDRIO37NB0/MDDR_DQ11                                    Unassigned     
C11                   DDRIO31NB0/MDDR_CS_N                                    Unassigned     
C12                   DDRIO31PB0/MDDR_CKE                                     Unassigned     
C13                   VDDI0                                                   Reserved       
C14                   DDRIO25PB0/MDDR_ADDR3                                   Unassigned     
C15                   DDRIO25NB0/MDDR_ADDR4                                   Unassigned     
C16                   DDRIO23NB0/MDDR_ADDR7                                   Unassigned     
C17                   DDRIO20NB0/MDDR_ADDR13                                  Unassigned     
C18                   VSS                                                     Reserved       
C19     MMUART_0_RXD  MSIO17PB1/MMUART_0_RXD/GPIO_28_B/USB_STP_C              Fixed          LVCMOS33  Input      TRISTATE                        None           No                                  Off              ---         ---            Off             Off          ---   ---           ---                ---               
C20                   NC                                                      Reserved       
D1                    VSS                                                     Reserved       
D2                    MSIO54PB6                                               Unassigned     
D3                    DDRIO50NB0/CCC_NE1_CLKI3                                Special        
D4                    DDRIO47PB0/MDDR_TMATCH_ECC_IN                           Unassigned     
D5                    DDRIO45NB0                                              Unassigned     
D6                    VDDI0                                                   Reserved       
D7                    DDRIO39PB0/MDDR_DQ7                                     Unassigned     
D8                    DDRIO39NB0/MDDR_TMATCH_0_OUT                            Unassigned     
D9                    DDRIO37PB0/MDDR_DQ10                                    Unassigned     
D10                   DDRIO34PB0/MDDR_DQ12                                    Unassigned     
D11                   VSS                                                     Reserved       
D12                   DDRIO32PB0/MDDR_RAS_N                                   Unassigned     
D13                   DDRIO27PB0/MDDR_BA2                                     Unassigned     
D14                   DDRIO27NB0/MDDR_ADDR0                                   Unassigned     
D15                   DDRIO21PB0/MDDR_ADDR10                                  Unassigned     
D16                   VDDI0                                                   Reserved       
D17                   DDRIO20PB0/MDDR_ADDR12                                  Unassigned     
D18     MMUART_0_TXD  MSI16NB1/MMUART_0_TXD/GPIO_27_B/USB_DIR_C               Fixed          LVCMOS33  Output     TRISTATE                        None           No                                  ---              ---         ---            ---             ---          ---   ---           4                  5                 
D19                   FLASH_GOLDEN_N                                          Reserved       
D20                   NC                                                      Reserved       
E1                    MSIO55PB6                                               Unassigned     
E2                    MSIO55NB6                                               Unassigned     
E3                    MSIO54NB6                                               Unassigned     
E4                    VSS                                                     Reserved       
E5                    MSIO53NB6                                               Unassigned     
E6                    DDRIO45PB0/CCC_NE0_CLKI3                                Special        
E7                    DDRIO44PB0/MDDR_DQ0                                     Unassigned     
E8                    DDRIO35PB0/MDDR_TMATCH_0_IN                             Unassigned     
E9                    VDDI0                                                   Reserved       
E10                   DDRIO34NB0/MDDR_DQ13                                    Unassigned     
E11                   DDRIO32NB0/MDDR_WE_N                                    Unassigned     
E12                   DDRIO30NB0/MDDR_CAS_N                                   Unassigned     
E13                   DDRIO28PB0/MDDR_BA0                                     Unassigned     
E14                   VSS                                                     Reserved       
E15                   DDRIO21NB0/MDDR_ADDR11                                  Unassigned     
E16                   NC                                                      Reserved       
E17                   NC                                                      Reserved       
E18                   MSIO15PB1/GB6/MMUART_1_CLK/GPIO_25_B/USB_DATA4_C        Special        
E19                   VDDI1                                                   Reserved       
E20                   NC                                                      Reserved       
F1                    MSIO64NB6                                               Unassigned     
F2                    VDDI6                                                   Reserved       
F3                    MSIO58PB6                                               Unassigned     
F4                    MSIO58NB6                                               Unassigned     
F5                    MSIO62NB6                                               Unassigned     
F6                    MSIO53PB6                                               Unassigned     
F7                    MSIO59NB6                                               Unassigned     
F8                    DDRIO44NB0/MDDR_DQ1                                     Unassigned     
F9                    DDRIO35NB0/MDDR_DM_RDQS1                                Unassigned     
F10                   VREF0                                                   Reserved       
F11                   DDRIO30PB0/MDDR_RESET_N                                 Unassigned     
F12                   VREF0                                                   Reserved       
F13                   DDRIO28NB0/MDDR_BA1                                     Unassigned     
F14                   NC                                                      Reserved       
F15                   NC                                                      Reserved       
F16                   NC                                                      Reserved       
F17                   VSS                                                     Reserved       
F18                   MSIO15NB1/MMUART_1_RXD/GPIO_26_B/USB_DATA3_C            Unassigned     
F19                   NC                                                      Reserved       
F20                   NC                                                      Reserved       
G1                    MSIO64PB6/GB1                                           Special        
G2                    MSIO63PB6/GB2                                           Special        
G3                    MSIO63NB6                                               Unassigned     
G4                    MSIO62PB6                                               Unassigned     
G5                    VDDI6                                                   Reserved       
G6                    MSIO59PB6                                               Unassigned     
G7                    NC                                                      Reserved       
G8                    VDDI0                                                   Reserved       
G9                    VSS                                                     Reserved       
G10                   VDDI0                                                   Reserved       
G11                   VSS                                                     Reserved       
G12                   VDDI0                                                   Reserved       
G13                   CCC_NE0_NE1_MSS_MDDR_PLL_VSSA                           Reserved       
G14                   NC                                                      Reserved       
G15                   VDDI1                                                   Reserved       
G16                   MSIO14NB1/MMUART_1_TXD/GPIO_24_B/USB_DATA2_C            Unassigned     
G17                   MSIO14PB1/GB5/USB_XCLK_C                                Special        
G18                   NC                                                      Reserved       
G19                   NC                                                      Reserved       
G20                   VSS                                                     Reserved       
H1                    MSIOD67PB5                                              Unassigned     
H2                    MSIOD67NB5                                              Unassigned     
H3                    VSS                                                     Reserved       
H4                    MSIO65NB6                                               Unassigned     
H5                    MSIO65PB6                                               Unassigned     
H6                    MSIO66NB6                                               Unassigned     
H7                    NC                                                      Reserved       
H8                    VSS                                                     Reserved       
H9                    VDD                                                     Reserved       
H10                   VSS                                                     Reserved       
H11                   VDD                                                     Reserved       
H12                   VSS                                                     Reserved       
H13                   VSS                                                     Reserved       
H14                   CCC_NE0_NE1_MSS_MDDR_PLL_VDDA                           Reserved       
H15                   NC                                                      Reserved       
H16                   NC                                                      Reserved       
H17                   NC                                                      Reserved       
H18                   VDDI2                                                   Reserved       
H19                   NC                                                      Reserved       
H20                   NC                                                      Reserved       
J1                    VDDI5                                                   Reserved       
J2                    MSIOD69PB5/CCC_NE1_CLKI2                                Special        
J3                    MSIOD69NB5                                              Unassigned     
J4                    MSIOD68PB5                                              Unassigned     
J5                    MSIOD68NB5                                              Unassigned     
J6                    MSIOD70NB5                                              Unassigned     
J7                    MSIO66PB6                                               Unassigned     
J8                    VDDI6                                                   Reserved       
J9                    VSS                                                     Reserved       
J10                   VDD                                                     Reserved       
J11                   VSS                                                     Reserved       
J12                   VDD                                                     Reserved       
J13                   VSS                                                     Reserved       
J14                   VPP                                                     Reserved       
J15                   NC                                                      Reserved       
J16                   VSS                                                     Reserved       
J17                   NC                                                      Reserved       
J18                   NC                                                      Reserved       
J19                   NC                                                      Reserved       
J20                   NC                                                      Reserved       
K1                    MSIOD75NB5                                              Unassigned     
K2                    MSIOD72PB5                                              Unassigned     
K3                    MSIOD72NB5                                              Unassigned     
K4                    VDDI5                                                   Reserved       
K5                    MSIOD71PB5                                              Unassigned     
K6                    MSIOD71NB5                                              Unassigned     
K7                    MSIOD70PB5/CCC_NE1_CLKI1                                Special        
K8                    VSS                                                     Reserved       
K9                    VDD                                                     Reserved       
K10                   VSS                                                     Reserved       
K11                   VDD                                                     Reserved       
K12                   VSS                                                     Reserved       
K13                   VDD                                                     Reserved       
K14                   VSS                                                     Reserved       
K15                   NC                                                      Reserved       
K16                   NC                                                      Reserved       
K17                   NC                                                      Reserved       
K18                   NC                                                      Reserved       
K19                   VSS                                                     Reserved       
K20                   NC                                                      Reserved       
L1                    MSIOD75PB5                                              Unassigned     
L2                    VSS                                                     Reserved       
L3                    MSIOD77NB5                                              Unassigned     
L4                    MSIOD74PB5                                              Unassigned     
L5                    MSIOD74NB5                                              Unassigned     
L6                    MSIOD73PB5                                              Unassigned     
L7                    MSIOD73NB5                                              Unassigned     
L8                    VDDI5                                                   Reserved       
L9                    VSS                                                     Reserved       
L10                   VDD                                                     Reserved       
L11                   VSS                                                     Reserved       
L12                   VDD                                                     Reserved       
L13                   VSS                                                     Reserved       
L14                   VPPNVM                                                  Reserved       
L15                   NC                                                      Reserved       
L16                   NC                                                      Reserved       
L17                   VDDI2                                                   Reserved       
L18                   SC_SPI_SDI                                              Reserved       
L19                   MSIO13NB2/SPI_0_SS0/GPIO_7_A/USB_NXT_A                  Unassigned     
L20                   MSIO13PB2/SPI_0_SDO/GPIO_6_A/USB_STP_A                  Unassigned     
M1                    MSIOD78PB5                                              Unassigned     
M2                    MSIOD78NB5                                              Unassigned     
M3                    MSIOD77PB5                                              Unassigned     
M4                    MSIOD79NB5                                              Unassigned     
M5                    VSS                                                     Reserved       
M6                    MSIOD76NB5                                              Unassigned     
M7                    MSIOD76PB5                                              Unassigned     
M8                    VSS                                                     Reserved       
M9                    VDD                                                     Reserved       
M10                   VSS                                                     Reserved       
M11                   VDD                                                     Reserved       
M12                   VSS                                                     Reserved       
M13                   VDD                                                     Reserved       
M14                   VSSNVM                                                  Reserved       
M15                   NC                                                      Reserved       
M16                   NC                                                      Reserved       
M17                   MSIO11NB2/CCC_NE0_CLKI2/I2C_1_SCL/GPIO_1_A/USB_DATA4_A  Special        
M18                   SC_SPI_CLK                                              Reserved       
M19                   MSIO8NB2/CAN_TX_EN_N/GPIO_4_A/USB_DATA2_A               Unassigned     
M20                   VDDI2                                                   Reserved       
N1                    MSIOD80PB5                                              Unassigned     
N2                    MSIOD80NB5                                              Unassigned     
N3                    VDDI5                                                   Reserved       
N4                    MSIOD79PB5                                              Unassigned     
N5                    NC                                                      Reserved       
N6                    NC                                                      Reserved       
N7                    VSS                                                     Reserved       
N8                    VDD                                                     Reserved       
N9                    VSS                                                     Reserved       
N10                   VDD                                                     Reserved       
N11                   VSS                                                     Reserved       
N12                   VDD                                                     Reserved       
N13                   VSS                                                     Reserved       
N14                   VDDI2                                                   Reserved       
N15                   MSIO12NB2/SPI_0_SDI/GPIO_5_A/USB_DIR_A                  Unassigned     
N16                   MSIO11PB2/CCC_NE0_CLKI1/I2C_1_SDA/GPIO_0_A/USB_DATA3_A  Special        
N17                   SC_SPI_SDO                                              Reserved       
N18                   VSS                                                     Reserved       
N19                   MSIO4NB2/USB_DATA3_B                                    Unassigned     
N20                   MSIO8PB2/CAN_RX/GPIO_3_A/USB_DATA1_A                    Unassigned     
P1                    VSS                                                     Reserved       
P2                    NC                                                      Reserved       
P3                    NC                                                      Reserved       
P4                    NC                                                      Reserved       
P5                    NC                                                      Reserved       
P6                    NC                                                      Reserved       
P7                    NC                                                      Reserved       
P8                    VSS                                                     Reserved       
P9                    NC                                                      Reserved       
P10                   VSS                                                     Reserved       
P11                   VDD                                                     Reserved       
P12                   VSS                                                     Reserved       
P13                   NC                                                      Reserved       
P14                   VPP                                                     Reserved       
P15                   MSIO12PB2/SPI_0_CLK/USB_XCLK_A                          Unassigned     
P16                   VDDI2                                                   Reserved       
P17                   SC_SPI_SS                                               Reserved       
P18                   MSIO6PB2/USB_DATA6_B                                    Unassigned     
P19                   MSIO6NB2                                                Unassigned     
P20                   MSIO4PB2/USB_DATA2_B                                    Unassigned     
R1                    NC                                                      Reserved       
R2                    NC                                                      Reserved       
R3                    NC                                                      Reserved       
R4                    NC                                                      Reserved       
R5                    NC                                                      Reserved       
R6                    NC                                                      Reserved       
R7                    NC                                                      Reserved       
R8                    NC                                                      Reserved       
R9                    VSS                                                     Reserved       
R10                   NC                                                      Reserved       
R11                   NC                                                      Reserved       
R12                   MSIO97NB4                                               Unassigned     
R13                   MSIO97PB4                                               Unassigned     
R14                   VDDI3                                                   Reserved       
R15                   MSIO7NB2/CAN_TX/GPIO_2_A/USB_DATA0_A                    Unassigned     
R16                   MSIO7PB2                                                Unassigned     
R17                   MSIO5PB2/USB_DATA4_B                                    Unassigned     
R18                   MSIO5NB2/USB_DATA5_B                                    Unassigned     
R19                   VDDI2                                                   Reserved       
R20                   MSIO3NB2/USB_DATA1_B                                    Unassigned     
T1                    VSS                                                     Reserved       
T2                    VSS                                                     Reserved       
T3                    VSS                                                     Reserved       
T4                    VSS                                                     Reserved       
T5                    NC                                                      Reserved       
T6                    VSS                                                     Reserved       
T7                    VSS                                                     Reserved       
T8                    NC                                                      Reserved       
T9                    VSS                                                     Reserved       
T10                   VSS                                                     Reserved       
T11                   VPP                                                     Reserved       
T12                   VDDI4                                                   Reserved       
T13                   MSIO93NB4                                               Unassigned     
T14                   MSIO101PB4                                              Unassigned     
T15                   MSIO101NB4                                              Unassigned     
T16                   VSS                                                     Reserved       
T17                   VSS                                                     Reserved       
T18                   MSIO2PB2/USB_STP_B                                      Unassigned     
T19                   MSIO2NB2/USB_NXT_B                                      Unassigned     
T20                   MSIO3PB2/USB_DATA0_B                                    Unassigned     
U1                    NC                                                      Reserved       
U2                    VSS                                                     Reserved       
U3                    NC                                                      Reserved       
U4                    VSS                                                     Reserved       
U5                    NC                                                      Reserved       
U6                    VSS                                                     Reserved       
U7                    NC                                                      Reserved       
U8                    VSS                                                     Reserved       
U9                    NC                                                      Reserved       
U10                   VSS                                                     Reserved       
U11                   MSIO83NB4/GB7                                           Special        
U12                   MSIO88NB4                                               Unassigned     
U13                   MSIO93PB4                                               Unassigned     
U14                   MSIO100NB4                                              Unassigned     
U15                   VDDI4                                                   Reserved       
U16                   JTAGSEL                                                 Reserved       
U17     DEVRST_N      DEVRST_N                                                Dedicated      
U18                   MSIO1PB2/USB_XCLK_B                                     Unassigned     
U19                   MSIO1NB2/USB_DIR_B                                      Unassigned     
U20                   VSS                                                     Reserved       
V1                    NC                                                      Reserved       
V2                    VSS                                                     Reserved       
V3                    NC                                                      Reserved       
V4                    VSS                                                     Reserved       
V5                    VSS                                                     Reserved       
V6                    VSS                                                     Reserved       
V7                    NC                                                      Reserved       
V8                    VSS                                                     Reserved       
V9                    NC                                                      Reserved       
V10                   VSS                                                     Reserved       
V11                   MSIO83PB4/GB3                                           Special        
V12                   MSIO88PB4                                               Unassigned     
V13                   VSS                                                     Reserved       
V14                   MSIO100PB4                                              Unassigned     
V15                   MSIO108NB4                                              Unassigned     
V16                   JTAG_TDI/M3_TDI                                         Reserved       
V17                   JTAG_TMS/M3_TMS/M3_SWDIO                                Reserved       
V18                   VDDI2                                                   Reserved       
V19                   MSIO0NB2/USB_DATA7_B                                    Unassigned     
V20                   MSIO0PB2                                                Unassigned     
W1                    VSS                                                     Reserved       
W2                    NC                                                      Reserved       
W3                    VSS                                                     Reserved       
W4                    NC                                                      Reserved       
W5                    VSS                                                     Reserved       
W6                    NC                                                      Reserved       
W7                    VSS                                                     Reserved       
W8                    NC                                                      Reserved       
W9                    VSS                                                     Reserved       
W10                   MSIO81NB4/CCC_NE1_CLKI0                                 Special        
W11                   VDDI4                                                   Reserved       
W12                   MSIO82NB4/PROBE_B                                       User Reserved  
W13                   MSIO89PB4                                               Unassigned     
W14                   MSIO89NB4                                               Unassigned     
W15                   MSIO108PB4                                              Unassigned     
W16                   VSS                                                     Reserved       
W17                   XTLOSC_AUX_XTAL                                         Reserved       
W18                   XTLOSC_MAIN_EXTAL                                       Reserved       
W19                   JTAG_TCK/M3_TCK                                         Reserved       
W20                   JTAG_TRSTB/M3_TRSTB                                     Reserved       
Y1                    VSS                                                     Reserved       
Y2                    NC                                                      Reserved       
Y3                    VSS                                                     Reserved       
Y4                    NC                                                      Reserved       
Y5                    VSS                                                     Reserved       
Y6                    NC                                                      Reserved       
Y7                    VSS                                                     Reserved       
Y8                    NC                                                      Reserved       
Y9                    VSS                                                     Reserved       
Y10                   MSIO81PB4                                               Unassigned     
Y11                   MSIO82PB4/PROBE_A                                       User Reserved  
Y12                   MSIO84PB4/CCC_NE0_CLKI0                                 Special        
Y13                   MSIO84NB4                                               Unassigned     
Y14                   VDDI4                                                   Reserved       
Y15                   MSIO105PB4                                              Unassigned     
Y16                   MSIO105NB4                                              Unassigned     
Y17                   XTLOSC_AUX_EXTAL                                        Reserved       
Y18                   XTLOSC_MAIN_XTAL                                        Reserved       
Y19                   VSS                                                     Reserved       
Y20                   JTAG_TDO/M3_TDO/M3_SWO                                  Reserved       
