Resource Usage Report for FABRIC_UART 

Mapping to part: m2s005vf400std
Cell usage:
CCC             1 use
CLKINT          2 uses
INV             2 uses
MSS_005         1 use
OR3             3 uses
RCOSC_25_50MHZ  1 use
SYSRESET        1 use
CFG1           10 uses
CFG2           57 uses
CFG3           33 uses
CFG4           69 uses

Carry cells:
ARI1            56 uses - used for arithmetic functions
ARI1            13 uses - used for Wide-Mux implementation
Total ARI1      69 uses


Sequential Cells: 
SLE            196 uses

DSP Blocks:    0 of 11 (0%)

I/O ports: 3
I/O primitives: 2
INBUF          1 use
OUTBUF         1 use


Global Clock Buffers: 2

Total LUTs:    238

Extra resources required for RAM and MACC interface logic during P&R:

RAM64x18 Interface Logic : SLEs = 72; LUTs = 72;
RAM1K18  Interface Logic : SLEs = 0; LUTs = 0;
MACC     Interface Logic : SLEs = 0; LUTs = 0;

Total number of SLEs after P&R:  196 + 72 + 0 + 0 = 268;
Total number of LUTs after P&R:  238 + 72 + 0 + 0 = 310;

