
                               Synplify Pro (R) 

                  Version V-2023.09M for win64 - Jan 04, 2024 

                    Copyright (c) 1988 - 2024 Synopsys, Inc.
   This software and the associated documentation are proprietary to Synopsys,
 Inc. This software may only be used in accordance with the terms and conditions
 of a written license agreement with Synopsys, Inc. All other use, reproduction,
   or distribution of this software is strictly prohibited.  Licensed Products
     communicate with Synopsys servers for the purpose of providing software
    updates, detecting software piracy and verifying that customers are using
    Licensed Products in conformity with the applicable License Key for such
  Licensed Products. Synopsys will use information gathered in connection with
    this process to deliver software updates and pursue software pirates and
                                   infringers.

 Inclusivity & Diversity - Visit SolvNetPlus to read the "Synopsys Statement on
            Inclusivity and Diversity" (Refer to article 000036315 at
                        https://solvnetplus.synopsys.com)

Starting:    C:\Microchip\Libero_SoC_v2024.1\SynplifyPro\bin64\mbin\synbatch.exe
Install:     C:\Microchip\Libero_SoC_v2024.1\SynplifyPro
Hostname:    DESKTOP-9J7KET5
Date:        Wed Aug 21 14:59:46 2024
Version:     V-2023.09M

Arguments:   -product synplify_base -licensetype synplifypro_actel -batch -log synplify.log ABFN_UART_GPIO_INT_MSS_syn.tcl
ProductType: synplify_pro

License checkout: synplifypro_actel
License: synplifypro_actel from server DESKTOP-9J7KET5 
Licensed Vendor: actel
License Option: actel_oem

Running in Vendor Mode


"automatic_compile_point" is unrecognized option for current device
Implementation not found: synthesis
log file: "D:\libero_tests\ABFN_UART_GPIO_MSS_int\synthesis\ABFN_UART_GPIO_INT_MSS.srr"
Running: synthesis in foreground

Running ABFN_UART_GPIO_INT_MSS_syn|synthesis

Running Flow: compile (Compile) on ABFN_UART_GPIO_INT_MSS_syn|synthesis
# Wed Aug 21 14:59:47 2024

Running Flow: compile_flow (Compile Process) on ABFN_UART_GPIO_INT_MSS_syn|synthesis
# Wed Aug 21 14:59:47 2024

Running: compiler (Compile Input) on ABFN_UART_GPIO_INT_MSS_syn|synthesis
# Wed Aug 21 14:59:47 2024
Copied D:\libero_tests\ABFN_UART_GPIO_MSS_int\synthesis\synwork\ABFN_UART_GPIO_INT_MSS_comp.srs to D:\libero_tests\ABFN_UART_GPIO_MSS_int\synthesis\ABFN_UART_GPIO_INT_MSS.srs

compiler completed
# Wed Aug 21 14:59:49 2024

Return Code: 0
Run Time:00h:00m:01s

Running: multi_srs_gen (Multi-srs Generator) on ABFN_UART_GPIO_INT_MSS_syn|synthesis
# Wed Aug 21 14:59:49 2024

multi_srs_gen completed
# Wed Aug 21 14:59:50 2024

Return Code: 0
Run Time:00h:00m:01s
Copied D:\libero_tests\ABFN_UART_GPIO_MSS_int\synthesis\synwork\ABFN_UART_GPIO_INT_MSS_mult.srs to D:\libero_tests\ABFN_UART_GPIO_MSS_int\synthesis\ABFN_UART_GPIO_INT_MSS.srs
Complete: Compile Process on ABFN_UART_GPIO_INT_MSS_syn|synthesis

Running: premap (Premap) on ABFN_UART_GPIO_INT_MSS_syn|synthesis
# Wed Aug 21 14:59:50 2024

premap completed with warnings
# Wed Aug 21 14:59:51 2024

Return Code: 1
Run Time:00h:00m:01s
Complete: Compile on ABFN_UART_GPIO_INT_MSS_syn|synthesis

Running Flow: map (Map) on ABFN_UART_GPIO_INT_MSS_syn|synthesis
# Wed Aug 21 14:59:51 2024
License granted for 4 parallel jobs

Running: fpga_mapper (Map & Optimize) on ABFN_UART_GPIO_INT_MSS_syn|synthesis
# Wed Aug 21 14:59:51 2024
Copied D:\libero_tests\ABFN_UART_GPIO_MSS_int\synthesis\synwork\ABFN_UART_GPIO_INT_MSS_m.srm to D:\libero_tests\ABFN_UART_GPIO_MSS_int\synthesis\ABFN_UART_GPIO_INT_MSS.srm

fpga_mapper completed with warnings
# Wed Aug 21 14:59:53 2024

Return Code: 1
Run Time:00h:00m:02s
Complete: Map on ABFN_UART_GPIO_INT_MSS_syn|synthesis
Complete: Logic Synthesis on ABFN_UART_GPIO_INT_MSS_syn|synthesis
Copied D:\libero_tests\ABFN_UART_GPIO_MSS_int\synthesis\ABFN_UART_GPIO_INT_MSS.srr to D:\libero_tests\ABFN_UART_GPIO_MSS_int\synthesis\backup\ABFN_UART_GPIO_INT_MSS.srr
TCL script complete: "ABFN_UART_GPIO_INT_MSS_syn.tcl"
exit status=0
exit status=0
License checkin: synplifypro_actel
