Resource Usage Report for TEMP 

Mapping to part: m2s005vf400std
Cell usage:
CCC             1 use
CLKINT          2 uses
MSS_005         1 use
RCOSC_25_50MHZ  1 use
SYSRESET        1 use
CFG1           4 uses
CFG2           84 uses
CFG3           104 uses
CFG4           226 uses

Carry cells:
ARI1            0 uses - used for arithmetic functions
ARI1            10 uses - used for Wide-Mux implementation
Total ARI1      10 uses


Sequential Cells: 
SLE            137 uses

DSP Blocks:    0 of 11 (0%)

I/O ports: 13
I/O primitives: 12
BIBUF          4 uses
INBUF          3 uses
OUTBUF         4 uses
TRIBUFF        1 use


Global Clock Buffers: 2

Total LUTs:    428

Extra resources required for RAM and MACC interface logic during P&R:

RAM64x18 Interface Logic : SLEs = 0; LUTs = 0;
RAM1K18  Interface Logic : SLEs = 0; LUTs = 0;
MACC     Interface Logic : SLEs = 0; LUTs = 0;

Total number of SLEs after P&R:  137 + 0 + 0 + 0 = 137;
Total number of LUTs after P&R:  428 + 0 + 0 + 0 = 428;

