
Copyright (C) 1994-2023 Synopsys, Inc.
This Synopsys software and all associated documentation are proprietary to Synopsys, Inc.
and may only be used pursuant to the terms and conditions of a written license agreement
with Synopsys, Inc. All other use, reproduction, modification, or distribution of the
Synopsys software or the associated documentation is strictly prohibited.
Tool: Synplify Pro (R)
Build: V-2023.09M
Install: C:\Microchip\Libero_SoC_v2024.1\SynplifyPro
OS: Windows 10 or later
Hostname: DESKTOP-9J7KET5

Implementation : synthesis
Synopsys HDL compiler and linker, Version comp202309synp1, Build 146R, Built Jan  4 2024 08:15:03, @

Modified Files: 1
FID:  path (prevtimestamp, timestamp)
12       D:\libero_tests\DUMMY_GPIO_MSS\component\work\GPIOOOO\GPIOOOO.v (2024-08-23 16:32:10, 2024-08-23 16:34:07)

*******************************************************************
Modules that may have changed as a result of file changes: 17
MID:  lib.cell.view
0        COREAPB3_LIB.COREAPB3_MUXPTOB3.verilog may have changed because the following files changed:
                        D:\libero_tests\DUMMY_GPIO_MSS\component\work\GPIOOOO\GPIOOOO.v (2024-08-23 16:32:10, 2024-08-23 16:34:07) <-- (may instantiate this module)
1        COREAPB3_LIB.CoreAPB3.verilog may have changed because the following files changed:
                        D:\libero_tests\DUMMY_GPIO_MSS\component\work\GPIOOOO\GPIOOOO.v (2024-08-23 16:32:10, 2024-08-23 16:34:07) <-- (may instantiate this module)
2        COREAPB3_LIB.coreapb3_iaddr_reg.verilog may have changed because the following files changed:
                        D:\libero_tests\DUMMY_GPIO_MSS\component\work\GPIOOOO\GPIOOOO.v (2024-08-23 16:32:10, 2024-08-23 16:34:07) <-- (may instantiate this module)
3        work.CoreAPB3_C0.verilog may have changed because the following files changed:
                        D:\libero_tests\DUMMY_GPIO_MSS\component\work\GPIOOOO\GPIOOOO.v (2024-08-23 16:32:10, 2024-08-23 16:34:07) <-- (may instantiate this module)
4        work.CoreGPIO_C0.verilog may have changed because the following files changed:
                        D:\libero_tests\DUMMY_GPIO_MSS\component\work\GPIOOOO\GPIOOOO.v (2024-08-23 16:32:10, 2024-08-23 16:34:07) <-- (may instantiate this module)
5        work.CoreGPIO_C0_CoreGPIO_C0_0_CoreGPIO.verilog may have changed because the following files changed:
                        D:\libero_tests\DUMMY_GPIO_MSS\component\work\GPIOOOO\GPIOOOO.v (2024-08-23 16:32:10, 2024-08-23 16:34:07) <-- (may instantiate this module)
6        work.GPIOOOO.verilog may have changed because the following files changed:
                        D:\libero_tests\DUMMY_GPIO_MSS\component\work\GPIOOOO\GPIOOOO.v (2024-08-23 16:32:10, 2024-08-23 16:34:07) <-- (module definition)
7        work.GPIOOOO_MSS.verilog may have changed because the following files changed:
                        D:\libero_tests\DUMMY_GPIO_MSS\component\work\GPIOOOO\GPIOOOO.v (2024-08-23 16:32:10, 2024-08-23 16:34:07) <-- (may instantiate this module)
8        work.MSS_005.verilog may have changed because the following files changed:
                        D:\libero_tests\DUMMY_GPIO_MSS\component\work\GPIOOOO\GPIOOOO.v (2024-08-23 16:32:10, 2024-08-23 16:34:07) <-- (may instantiate this module)
9        work.OSC_C0.verilog may have changed because the following files changed:
                        D:\libero_tests\DUMMY_GPIO_MSS\component\work\GPIOOOO\GPIOOOO.v (2024-08-23 16:32:10, 2024-08-23 16:34:07) <-- (may instantiate this module)
10       work.OSC_C0_OSC_C0_0_OSC.verilog may have changed because the following files changed:
                        D:\libero_tests\DUMMY_GPIO_MSS\component\work\GPIOOOO\GPIOOOO.v (2024-08-23 16:32:10, 2024-08-23 16:34:07) <-- (may instantiate this module)
11       work.RCOSC_1MHZ.verilog may have changed because the following files changed:
                        D:\libero_tests\DUMMY_GPIO_MSS\component\work\GPIOOOO\GPIOOOO.v (2024-08-23 16:32:10, 2024-08-23 16:34:07) <-- (may instantiate this module)
12       work.RCOSC_1MHZ_FAB.verilog may have changed because the following files changed:
                        D:\libero_tests\DUMMY_GPIO_MSS\component\work\GPIOOOO\GPIOOOO.v (2024-08-23 16:32:10, 2024-08-23 16:34:07) <-- (may instantiate this module)
13       work.RCOSC_25_50MHZ.verilog may have changed because the following files changed:
                        D:\libero_tests\DUMMY_GPIO_MSS\component\work\GPIOOOO\GPIOOOO.v (2024-08-23 16:32:10, 2024-08-23 16:34:07) <-- (may instantiate this module)
14       work.RCOSC_25_50MHZ_FAB.verilog may have changed because the following files changed:
                        D:\libero_tests\DUMMY_GPIO_MSS\component\work\GPIOOOO\GPIOOOO.v (2024-08-23 16:32:10, 2024-08-23 16:34:07) <-- (may instantiate this module)
15       work.XTLOSC.verilog may have changed because the following files changed:
                        D:\libero_tests\DUMMY_GPIO_MSS\component\work\GPIOOOO\GPIOOOO.v (2024-08-23 16:32:10, 2024-08-23 16:34:07) <-- (may instantiate this module)
16       work.XTLOSC_FAB.verilog may have changed because the following files changed:
                        D:\libero_tests\DUMMY_GPIO_MSS\component\work\GPIOOOO\GPIOOOO.v (2024-08-23 16:32:10, 2024-08-23 16:34:07) <-- (may instantiate this module)

*******************************************************************
Unmodified files: 16
FID:  path (timestamp)
0        C:\Microchip\Libero_SoC_v2024.1\SynplifyPro\lib\generic\smartfusion2.v (2024-01-04 21:41:02)
1        C:\Microchip\Libero_SoC_v2024.1\SynplifyPro\lib\vlog\hypermods.v (2024-01-04 21:34:40)
2        C:\Microchip\Libero_SoC_v2024.1\SynplifyPro\lib\vlog\scemi_objects.v (2024-01-04 21:34:40)
3        C:\Microchip\Libero_SoC_v2024.1\SynplifyPro\lib\vlog\scemi_pipes.svh (2024-01-04 21:34:40)
4        C:\Microchip\Libero_SoC_v2024.1\SynplifyPro\lib\vlog\umr_capim.v (2024-01-04 21:38:34)
5        D:\libero_tests\DUMMY_GPIO_MSS\component\Actel\DirectCore\CoreAPB3\4.2.100\rtl\vlog\core\coreapb3.v (2024-08-23 11:02:43)
6        D:\libero_tests\DUMMY_GPIO_MSS\component\Actel\DirectCore\CoreAPB3\4.2.100\rtl\vlog\core\coreapb3_iaddr_reg.v (2024-08-23 11:02:43)
7        D:\libero_tests\DUMMY_GPIO_MSS\component\Actel\DirectCore\CoreAPB3\4.2.100\rtl\vlog\core\coreapb3_muxptob3.v (2024-08-23 11:02:43)
8        D:\libero_tests\DUMMY_GPIO_MSS\component\Actel\SgCore\OSC\2.0.101\osc_comps.v (2024-07-09 11:44:48)
9        D:\libero_tests\DUMMY_GPIO_MSS\component\work\CoreAPB3_C0\CoreAPB3_C0.v (2024-08-23 13:41:41)
10       D:\libero_tests\DUMMY_GPIO_MSS\component\work\CoreGPIO_C0\CoreGPIO_C0.v (2024-08-23 16:24:26)
11       D:\libero_tests\DUMMY_GPIO_MSS\component\work\CoreGPIO_C0\CoreGPIO_C0_0\rtl\vlog\core\coregpio.v (2024-08-23 16:24:26)
13       D:\libero_tests\DUMMY_GPIO_MSS\component\work\GPIOOOO_MSS\GPIOOOO_MSS.v (2024-08-23 15:52:31)
14       D:\libero_tests\DUMMY_GPIO_MSS\component\work\GPIOOOO_MSS\GPIOOOO_MSS_syn.v (2024-08-23 15:52:31)
15       D:\libero_tests\DUMMY_GPIO_MSS\component\work\OSC_C0\OSC_C0.v (2024-08-23 13:40:50)
16       D:\libero_tests\DUMMY_GPIO_MSS\component\work\OSC_C0\OSC_C0_0\OSC_C0_OSC_C0_0_OSC.v (2024-08-23 13:40:50)

*******************************************************************
Unchanged modules: 0
MID:  lib.cell.view
