
Copyright (C) 1994-2023 Synopsys, Inc.
This Synopsys software and all associated documentation are proprietary to Synopsys, Inc.
and may only be used pursuant to the terms and conditions of a written license agreement
with Synopsys, Inc. All other use, reproduction, modification, or distribution of the
Synopsys software or the associated documentation is strictly prohibited.
Tool: Synplify Pro (R)
Build: V-2023.09M
Install: C:\Microchip\Libero_SoC_v2024.1\SynplifyPro
OS: Windows 10 or later
Hostname: DESKTOP-9J7KET5

Implementation : synthesis
Synopsys HDL compiler and linker, Version comp202309synp1, Build 146R, Built Jan  4 2024 08:15:03, @

Modified Files: 24
FID:  path (prevtimestamp, timestamp)
0        C:\Microchip\Libero_SoC_v2024.1\SynplifyPro\lib\generic\smartfusion2.v (N/A, 2024-01-04 21:41:02)
1        C:\Microchip\Libero_SoC_v2024.1\SynplifyPro\lib\vlog\hypermods.v (N/A, 2024-01-04 21:34:40)
2        C:\Microchip\Libero_SoC_v2024.1\SynplifyPro\lib\vlog\scemi_objects.v (N/A, 2024-01-04 21:34:40)
3        C:\Microchip\Libero_SoC_v2024.1\SynplifyPro\lib\vlog\scemi_pipes.svh (N/A, 2024-01-04 21:34:40)
4        C:\Microchip\Libero_SoC_v2024.1\SynplifyPro\lib\vlog\umr_capim.v (N/A, 2024-01-04 21:38:34)
5        D:\libero_tests\LIU_GPIO_1\component\Actel\DirectCore\CoreAPB3\4.1.100\rtl\vlog\core\coreapb3.v (N/A, 2024-08-16 14:57:39)
6        D:\libero_tests\LIU_GPIO_1\component\Actel\DirectCore\CoreAPB3\4.1.100\rtl\vlog\core\coreapb3_iaddr_reg.v (N/A, 2024-08-16 14:57:39)
7        D:\libero_tests\LIU_GPIO_1\component\Actel\DirectCore\CoreAPB3\4.1.100\rtl\vlog\core\coreapb3_muxptob3.v (N/A, 2024-08-16 14:57:39)
8        D:\libero_tests\LIU_GPIO_1\component\Actel\DirectCore\CoreGPIO\3.0.120\rtl\vlog\core\coregpio.v (N/A, 2024-08-19 10:23:02)
9        D:\libero_tests\LIU_GPIO_1\component\Actel\DirectCore\CoreResetP\7.1.100\rtl\vlog\core\coreresetp.v (N/A, 2024-08-16 11:56:28)
10       D:\libero_tests\LIU_GPIO_1\component\Actel\DirectCore\CoreResetP\7.1.100\rtl\vlog\core\coreresetp_pcie_hotreset.v (N/A, 2024-08-16 11:56:28)
11       D:\libero_tests\LIU_GPIO_1\component\Actel\SgCore\OSC\2.0.101\osc_comps.v (N/A, 2024-07-09 11:44:48)
12       D:\libero_tests\LIU_GPIO_1\component\work\LIU_GPIO_SB_1\LIU_GPIO_SB_1.v (N/A, 2024-08-19 11:37:14)
13       D:\libero_tests\LIU_GPIO_1\component\work\LIU_GPIO_SB_1_sb\CCC_0\LIU_GPIO_SB_1_sb_CCC_0_FCCC.v (N/A, 2024-08-19 11:35:22)
14       D:\libero_tests\LIU_GPIO_1\component\work\LIU_GPIO_SB_1_sb\CoreUARTapb_0_0\rtl\vlog\core\Clock_gen.v (N/A, 2024-08-19 11:35:22)
15       D:\libero_tests\LIU_GPIO_1\component\work\LIU_GPIO_SB_1_sb\CoreUARTapb_0_0\rtl\vlog\core\CoreUART.v (N/A, 2024-08-19 11:35:22)
16       D:\libero_tests\LIU_GPIO_1\component\work\LIU_GPIO_SB_1_sb\CoreUARTapb_0_0\rtl\vlog\core\CoreUARTapb.v (N/A, 2024-08-19 11:35:22)
17       D:\libero_tests\LIU_GPIO_1\component\work\LIU_GPIO_SB_1_sb\CoreUARTapb_0_0\rtl\vlog\core\Rx_async.v (N/A, 2024-08-19 11:35:22)
18       D:\libero_tests\LIU_GPIO_1\component\work\LIU_GPIO_SB_1_sb\CoreUARTapb_0_0\rtl\vlog\core\Tx_async.v (N/A, 2024-08-19 11:35:22)
19       D:\libero_tests\LIU_GPIO_1\component\work\LIU_GPIO_SB_1_sb\CoreUARTapb_0_0\rtl\vlog\core\fifo_256x8_smartfusion2.v (N/A, 2024-08-19 11:35:22)
20       D:\libero_tests\LIU_GPIO_1\component\work\LIU_GPIO_SB_1_sb\FABOSC_0\LIU_GPIO_SB_1_sb_FABOSC_0_OSC.v (N/A, 2024-08-19 11:35:22)
21       D:\libero_tests\LIU_GPIO_1\component\work\LIU_GPIO_SB_1_sb\LIU_GPIO_SB_1_sb.v (N/A, 2024-08-19 11:35:22)
22       D:\libero_tests\LIU_GPIO_1\component\work\LIU_GPIO_SB_1_sb_MSS\LIU_GPIO_SB_1_sb_MSS.v (N/A, 2024-08-19 11:35:19)
23       D:\libero_tests\LIU_GPIO_1\component\work\LIU_GPIO_SB_1_sb_MSS\LIU_GPIO_SB_1_sb_MSS_syn.v (N/A, 2024-08-19 11:35:19)

*******************************************************************
Modules that may have changed as a result of file changes: 26
MID:  lib.cell.view
0        COREAPB3_LIB.COREAPB3_MUXPTOB3.verilog may have changed because the following files changed:
                        D:\libero_tests\LIU_GPIO_1\component\Actel\DirectCore\CoreAPB3\4.1.100\rtl\vlog\core\coreapb3.v (N/A, 2024-08-16 14:57:39) <-- (may instantiate this module)
                        D:\libero_tests\LIU_GPIO_1\component\Actel\DirectCore\CoreAPB3\4.1.100\rtl\vlog\core\coreapb3_muxptob3.v (N/A, 2024-08-16 14:57:39) <-- (module definition)
                        D:\libero_tests\LIU_GPIO_1\component\work\LIU_GPIO_SB_1\LIU_GPIO_SB_1.v (N/A, 2024-08-19 11:37:14) <-- (may instantiate this module)
                        D:\libero_tests\LIU_GPIO_1\component\work\LIU_GPIO_SB_1_sb\LIU_GPIO_SB_1_sb.v (N/A, 2024-08-19 11:35:22) <-- (may instantiate this module)
1        COREAPB3_LIB.CoreAPB3.verilog may have changed because the following files changed:
                        D:\libero_tests\LIU_GPIO_1\component\Actel\DirectCore\CoreAPB3\4.1.100\rtl\vlog\core\coreapb3.v (N/A, 2024-08-16 14:57:39) <-- (module definition)
                        D:\libero_tests\LIU_GPIO_1\component\work\LIU_GPIO_SB_1\LIU_GPIO_SB_1.v (N/A, 2024-08-19 11:37:14) <-- (may instantiate this module)
                        D:\libero_tests\LIU_GPIO_1\component\work\LIU_GPIO_SB_1_sb\LIU_GPIO_SB_1_sb.v (N/A, 2024-08-19 11:35:22) <-- (may instantiate this module)
2        COREAPB3_LIB.coreapb3_iaddr_reg.verilog may have changed because the following files changed:
                        D:\libero_tests\LIU_GPIO_1\component\Actel\DirectCore\CoreAPB3\4.1.100\rtl\vlog\core\coreapb3.v (N/A, 2024-08-16 14:57:39) <-- (may instantiate this module)
                        D:\libero_tests\LIU_GPIO_1\component\Actel\DirectCore\CoreAPB3\4.1.100\rtl\vlog\core\coreapb3_iaddr_reg.v (N/A, 2024-08-16 14:57:39) <-- (module definition)
                        D:\libero_tests\LIU_GPIO_1\component\work\LIU_GPIO_SB_1\LIU_GPIO_SB_1.v (N/A, 2024-08-19 11:37:14) <-- (may instantiate this module)
                        D:\libero_tests\LIU_GPIO_1\component\work\LIU_GPIO_SB_1_sb\LIU_GPIO_SB_1_sb.v (N/A, 2024-08-19 11:35:22) <-- (may instantiate this module)
3        work.CoreGPIO.verilog may have changed because the following files changed:
                        D:\libero_tests\LIU_GPIO_1\component\Actel\DirectCore\CoreGPIO\3.0.120\rtl\vlog\core\coregpio.v (N/A, 2024-08-19 10:23:02) <-- (module definition)
                        D:\libero_tests\LIU_GPIO_1\component\work\LIU_GPIO_SB_1\LIU_GPIO_SB_1.v (N/A, 2024-08-19 11:37:14) <-- (may instantiate this module)
                        D:\libero_tests\LIU_GPIO_1\component\work\LIU_GPIO_SB_1_sb\LIU_GPIO_SB_1_sb.v (N/A, 2024-08-19 11:35:22) <-- (may instantiate this module)
4        work.CoreResetP.verilog may have changed because the following files changed:
                        D:\libero_tests\LIU_GPIO_1\component\Actel\DirectCore\CoreResetP\7.1.100\rtl\vlog\core\coreresetp.v (N/A, 2024-08-16 11:56:28) <-- (module definition)
                        D:\libero_tests\LIU_GPIO_1\component\work\LIU_GPIO_SB_1\LIU_GPIO_SB_1.v (N/A, 2024-08-19 11:37:14) <-- (may instantiate this module)
                        D:\libero_tests\LIU_GPIO_1\component\work\LIU_GPIO_SB_1_sb\LIU_GPIO_SB_1_sb.v (N/A, 2024-08-19 11:35:22) <-- (may instantiate this module)
5        work.LIU_GPIO_SB_1.verilog may have changed because the following files changed:
                        D:\libero_tests\LIU_GPIO_1\component\work\LIU_GPIO_SB_1\LIU_GPIO_SB_1.v (N/A, 2024-08-19 11:37:14) <-- (module definition)
6        work.LIU_GPIO_SB_1_sb.verilog may have changed because the following files changed:
                        D:\libero_tests\LIU_GPIO_1\component\work\LIU_GPIO_SB_1\LIU_GPIO_SB_1.v (N/A, 2024-08-19 11:37:14) <-- (may instantiate this module)
                        D:\libero_tests\LIU_GPIO_1\component\work\LIU_GPIO_SB_1_sb\LIU_GPIO_SB_1_sb.v (N/A, 2024-08-19 11:35:22) <-- (module definition)
7        work.LIU_GPIO_SB_1_sb_CCC_0_FCCC.verilog may have changed because the following files changed:
                        D:\libero_tests\LIU_GPIO_1\component\work\LIU_GPIO_SB_1\LIU_GPIO_SB_1.v (N/A, 2024-08-19 11:37:14) <-- (may instantiate this module)
                        D:\libero_tests\LIU_GPIO_1\component\work\LIU_GPIO_SB_1_sb\CCC_0\LIU_GPIO_SB_1_sb_CCC_0_FCCC.v (N/A, 2024-08-19 11:35:22) <-- (module definition)
                        D:\libero_tests\LIU_GPIO_1\component\work\LIU_GPIO_SB_1_sb\LIU_GPIO_SB_1_sb.v (N/A, 2024-08-19 11:35:22) <-- (may instantiate this module)
8        work.LIU_GPIO_SB_1_sb_CoreUARTapb_0_0_COREUART.verilog may have changed because the following files changed:
                        D:\libero_tests\LIU_GPIO_1\component\work\LIU_GPIO_SB_1\LIU_GPIO_SB_1.v (N/A, 2024-08-19 11:37:14) <-- (may instantiate this module)
                        D:\libero_tests\LIU_GPIO_1\component\work\LIU_GPIO_SB_1_sb\CoreUARTapb_0_0\rtl\vlog\core\CoreUART.v (N/A, 2024-08-19 11:35:22) <-- (module definition)
                        D:\libero_tests\LIU_GPIO_1\component\work\LIU_GPIO_SB_1_sb\CoreUARTapb_0_0\rtl\vlog\core\CoreUARTapb.v (N/A, 2024-08-19 11:35:22) <-- (may instantiate this module)
                        D:\libero_tests\LIU_GPIO_1\component\work\LIU_GPIO_SB_1_sb\LIU_GPIO_SB_1_sb.v (N/A, 2024-08-19 11:35:22) <-- (may instantiate this module)
9        work.LIU_GPIO_SB_1_sb_CoreUARTapb_0_0_Clock_gen.verilog may have changed because the following files changed:
                        D:\libero_tests\LIU_GPIO_1\component\work\LIU_GPIO_SB_1\LIU_GPIO_SB_1.v (N/A, 2024-08-19 11:37:14) <-- (may instantiate this module)
                        D:\libero_tests\LIU_GPIO_1\component\work\LIU_GPIO_SB_1_sb\CoreUARTapb_0_0\rtl\vlog\core\Clock_gen.v (N/A, 2024-08-19 11:35:22) <-- (module definition)
                        D:\libero_tests\LIU_GPIO_1\component\work\LIU_GPIO_SB_1_sb\CoreUARTapb_0_0\rtl\vlog\core\CoreUART.v (N/A, 2024-08-19 11:35:22) <-- (may instantiate this module)
                        D:\libero_tests\LIU_GPIO_1\component\work\LIU_GPIO_SB_1_sb\CoreUARTapb_0_0\rtl\vlog\core\CoreUARTapb.v (N/A, 2024-08-19 11:35:22) <-- (may instantiate this module)
                        D:\libero_tests\LIU_GPIO_1\component\work\LIU_GPIO_SB_1_sb\LIU_GPIO_SB_1_sb.v (N/A, 2024-08-19 11:35:22) <-- (may instantiate this module)
10       work.LIU_GPIO_SB_1_sb_CoreUARTapb_0_0_CoreUARTapb.verilog may have changed because the following files changed:
                        D:\libero_tests\LIU_GPIO_1\component\work\LIU_GPIO_SB_1\LIU_GPIO_SB_1.v (N/A, 2024-08-19 11:37:14) <-- (may instantiate this module)
                        D:\libero_tests\LIU_GPIO_1\component\work\LIU_GPIO_SB_1_sb\CoreUARTapb_0_0\rtl\vlog\core\CoreUARTapb.v (N/A, 2024-08-19 11:35:22) <-- (module definition)
                        D:\libero_tests\LIU_GPIO_1\component\work\LIU_GPIO_SB_1_sb\LIU_GPIO_SB_1_sb.v (N/A, 2024-08-19 11:35:22) <-- (may instantiate this module)
11       work.LIU_GPIO_SB_1_sb_CoreUARTapb_0_0_Rx_async.verilog may have changed because the following files changed:
                        D:\libero_tests\LIU_GPIO_1\component\work\LIU_GPIO_SB_1\LIU_GPIO_SB_1.v (N/A, 2024-08-19 11:37:14) <-- (may instantiate this module)
                        D:\libero_tests\LIU_GPIO_1\component\work\LIU_GPIO_SB_1_sb\CoreUARTapb_0_0\rtl\vlog\core\CoreUART.v (N/A, 2024-08-19 11:35:22) <-- (may instantiate this module)
                        D:\libero_tests\LIU_GPIO_1\component\work\LIU_GPIO_SB_1_sb\CoreUARTapb_0_0\rtl\vlog\core\CoreUARTapb.v (N/A, 2024-08-19 11:35:22) <-- (may instantiate this module)
                        D:\libero_tests\LIU_GPIO_1\component\work\LIU_GPIO_SB_1_sb\CoreUARTapb_0_0\rtl\vlog\core\Rx_async.v (N/A, 2024-08-19 11:35:22) <-- (module definition)
                        D:\libero_tests\LIU_GPIO_1\component\work\LIU_GPIO_SB_1_sb\LIU_GPIO_SB_1_sb.v (N/A, 2024-08-19 11:35:22) <-- (may instantiate this module)
12       work.LIU_GPIO_SB_1_sb_CoreUARTapb_0_0_Tx_async.verilog may have changed because the following files changed:
                        D:\libero_tests\LIU_GPIO_1\component\work\LIU_GPIO_SB_1\LIU_GPIO_SB_1.v (N/A, 2024-08-19 11:37:14) <-- (may instantiate this module)
                        D:\libero_tests\LIU_GPIO_1\component\work\LIU_GPIO_SB_1_sb\CoreUARTapb_0_0\rtl\vlog\core\CoreUART.v (N/A, 2024-08-19 11:35:22) <-- (may instantiate this module)
                        D:\libero_tests\LIU_GPIO_1\component\work\LIU_GPIO_SB_1_sb\CoreUARTapb_0_0\rtl\vlog\core\CoreUARTapb.v (N/A, 2024-08-19 11:35:22) <-- (may instantiate this module)
                        D:\libero_tests\LIU_GPIO_1\component\work\LIU_GPIO_SB_1_sb\CoreUARTapb_0_0\rtl\vlog\core\Tx_async.v (N/A, 2024-08-19 11:35:22) <-- (module definition)
                        D:\libero_tests\LIU_GPIO_1\component\work\LIU_GPIO_SB_1_sb\LIU_GPIO_SB_1_sb.v (N/A, 2024-08-19 11:35:22) <-- (may instantiate this module)
13       work.LIU_GPIO_SB_1_sb_CoreUARTapb_0_0_fifo_256x8.verilog may have changed because the following files changed:
                        D:\libero_tests\LIU_GPIO_1\component\work\LIU_GPIO_SB_1\LIU_GPIO_SB_1.v (N/A, 2024-08-19 11:37:14) <-- (may instantiate this module)
                        D:\libero_tests\LIU_GPIO_1\component\work\LIU_GPIO_SB_1_sb\CoreUARTapb_0_0\rtl\vlog\core\CoreUART.v (N/A, 2024-08-19 11:35:22) <-- (may instantiate this module)
                        D:\libero_tests\LIU_GPIO_1\component\work\LIU_GPIO_SB_1_sb\CoreUARTapb_0_0\rtl\vlog\core\CoreUARTapb.v (N/A, 2024-08-19 11:35:22) <-- (may instantiate this module)
                        D:\libero_tests\LIU_GPIO_1\component\work\LIU_GPIO_SB_1_sb\CoreUARTapb_0_0\rtl\vlog\core\fifo_256x8_smartfusion2.v (N/A, 2024-08-19 11:35:22) <-- (module definition)
                        D:\libero_tests\LIU_GPIO_1\component\work\LIU_GPIO_SB_1_sb\LIU_GPIO_SB_1_sb.v (N/A, 2024-08-19 11:35:22) <-- (may instantiate this module)
14       work.LIU_GPIO_SB_1_sb_CoreUARTapb_0_0_fifo_ctrl_128.verilog may have changed because the following files changed:
                        D:\libero_tests\LIU_GPIO_1\component\work\LIU_GPIO_SB_1\LIU_GPIO_SB_1.v (N/A, 2024-08-19 11:37:14) <-- (may instantiate this module)
                        D:\libero_tests\LIU_GPIO_1\component\work\LIU_GPIO_SB_1_sb\CoreUARTapb_0_0\rtl\vlog\core\CoreUART.v (N/A, 2024-08-19 11:35:22) <-- (may instantiate this module)
                        D:\libero_tests\LIU_GPIO_1\component\work\LIU_GPIO_SB_1_sb\CoreUARTapb_0_0\rtl\vlog\core\CoreUARTapb.v (N/A, 2024-08-19 11:35:22) <-- (may instantiate this module)
                        D:\libero_tests\LIU_GPIO_1\component\work\LIU_GPIO_SB_1_sb\CoreUARTapb_0_0\rtl\vlog\core\fifo_256x8_smartfusion2.v (N/A, 2024-08-19 11:35:22) <-- (module definition)
                        D:\libero_tests\LIU_GPIO_1\component\work\LIU_GPIO_SB_1_sb\LIU_GPIO_SB_1_sb.v (N/A, 2024-08-19 11:35:22) <-- (may instantiate this module)
15       work.LIU_GPIO_SB_1_sb_CoreUARTapb_0_0_ram128x8_pa4.verilog may have changed because the following files changed:
                        D:\libero_tests\LIU_GPIO_1\component\work\LIU_GPIO_SB_1\LIU_GPIO_SB_1.v (N/A, 2024-08-19 11:37:14) <-- (may instantiate this module)
                        D:\libero_tests\LIU_GPIO_1\component\work\LIU_GPIO_SB_1_sb\CoreUARTapb_0_0\rtl\vlog\core\CoreUART.v (N/A, 2024-08-19 11:35:22) <-- (may instantiate this module)
                        D:\libero_tests\LIU_GPIO_1\component\work\LIU_GPIO_SB_1_sb\CoreUARTapb_0_0\rtl\vlog\core\CoreUARTapb.v (N/A, 2024-08-19 11:35:22) <-- (may instantiate this module)
                        D:\libero_tests\LIU_GPIO_1\component\work\LIU_GPIO_SB_1_sb\CoreUARTapb_0_0\rtl\vlog\core\fifo_256x8_smartfusion2.v (N/A, 2024-08-19 11:35:22) <-- (module definition)
                        D:\libero_tests\LIU_GPIO_1\component\work\LIU_GPIO_SB_1_sb\LIU_GPIO_SB_1_sb.v (N/A, 2024-08-19 11:35:22) <-- (may instantiate this module)
16       work.LIU_GPIO_SB_1_sb_FABOSC_0_OSC.verilog may have changed because the following files changed:
                        D:\libero_tests\LIU_GPIO_1\component\work\LIU_GPIO_SB_1\LIU_GPIO_SB_1.v (N/A, 2024-08-19 11:37:14) <-- (may instantiate this module)
                        D:\libero_tests\LIU_GPIO_1\component\work\LIU_GPIO_SB_1_sb\FABOSC_0\LIU_GPIO_SB_1_sb_FABOSC_0_OSC.v (N/A, 2024-08-19 11:35:22) <-- (module definition)
                        D:\libero_tests\LIU_GPIO_1\component\work\LIU_GPIO_SB_1_sb\LIU_GPIO_SB_1_sb.v (N/A, 2024-08-19 11:35:22) <-- (may instantiate this module)
17       work.LIU_GPIO_SB_1_sb_MSS.verilog may have changed because the following files changed:
                        D:\libero_tests\LIU_GPIO_1\component\work\LIU_GPIO_SB_1\LIU_GPIO_SB_1.v (N/A, 2024-08-19 11:37:14) <-- (may instantiate this module)
                        D:\libero_tests\LIU_GPIO_1\component\work\LIU_GPIO_SB_1_sb\LIU_GPIO_SB_1_sb.v (N/A, 2024-08-19 11:35:22) <-- (may instantiate this module)
                        D:\libero_tests\LIU_GPIO_1\component\work\LIU_GPIO_SB_1_sb_MSS\LIU_GPIO_SB_1_sb_MSS.v (N/A, 2024-08-19 11:35:19) <-- (module definition)
18       work.MSS_005.verilog may have changed because the following files changed:
                        D:\libero_tests\LIU_GPIO_1\component\work\LIU_GPIO_SB_1\LIU_GPIO_SB_1.v (N/A, 2024-08-19 11:37:14) <-- (may instantiate this module)
                        D:\libero_tests\LIU_GPIO_1\component\work\LIU_GPIO_SB_1_sb\LIU_GPIO_SB_1_sb.v (N/A, 2024-08-19 11:35:22) <-- (may instantiate this module)
                        D:\libero_tests\LIU_GPIO_1\component\work\LIU_GPIO_SB_1_sb_MSS\LIU_GPIO_SB_1_sb_MSS.v (N/A, 2024-08-19 11:35:19) <-- (may instantiate this module)
                        D:\libero_tests\LIU_GPIO_1\component\work\LIU_GPIO_SB_1_sb_MSS\LIU_GPIO_SB_1_sb_MSS_syn.v (N/A, 2024-08-19 11:35:19) <-- (module definition)
19       work.RCOSC_1MHZ.verilog may have changed because the following files changed:
                        D:\libero_tests\LIU_GPIO_1\component\Actel\SgCore\OSC\2.0.101\osc_comps.v (N/A, 2024-07-09 11:44:48) <-- (module definition)
                        D:\libero_tests\LIU_GPIO_1\component\work\LIU_GPIO_SB_1\LIU_GPIO_SB_1.v (N/A, 2024-08-19 11:37:14) <-- (may instantiate this module)
                        D:\libero_tests\LIU_GPIO_1\component\work\LIU_GPIO_SB_1_sb\FABOSC_0\LIU_GPIO_SB_1_sb_FABOSC_0_OSC.v (N/A, 2024-08-19 11:35:22) <-- (may instantiate this module)
                        D:\libero_tests\LIU_GPIO_1\component\work\LIU_GPIO_SB_1_sb\LIU_GPIO_SB_1_sb.v (N/A, 2024-08-19 11:35:22) <-- (may instantiate this module)
20       work.RCOSC_1MHZ_FAB.verilog may have changed because the following files changed:
                        D:\libero_tests\LIU_GPIO_1\component\Actel\SgCore\OSC\2.0.101\osc_comps.v (N/A, 2024-07-09 11:44:48) <-- (module definition)
                        D:\libero_tests\LIU_GPIO_1\component\work\LIU_GPIO_SB_1\LIU_GPIO_SB_1.v (N/A, 2024-08-19 11:37:14) <-- (may instantiate this module)
                        D:\libero_tests\LIU_GPIO_1\component\work\LIU_GPIO_SB_1_sb\FABOSC_0\LIU_GPIO_SB_1_sb_FABOSC_0_OSC.v (N/A, 2024-08-19 11:35:22) <-- (may instantiate this module)
                        D:\libero_tests\LIU_GPIO_1\component\work\LIU_GPIO_SB_1_sb\LIU_GPIO_SB_1_sb.v (N/A, 2024-08-19 11:35:22) <-- (may instantiate this module)
21       work.RCOSC_25_50MHZ.verilog may have changed because the following files changed:
                        D:\libero_tests\LIU_GPIO_1\component\Actel\SgCore\OSC\2.0.101\osc_comps.v (N/A, 2024-07-09 11:44:48) <-- (module definition)
                        D:\libero_tests\LIU_GPIO_1\component\work\LIU_GPIO_SB_1\LIU_GPIO_SB_1.v (N/A, 2024-08-19 11:37:14) <-- (may instantiate this module)
                        D:\libero_tests\LIU_GPIO_1\component\work\LIU_GPIO_SB_1_sb\FABOSC_0\LIU_GPIO_SB_1_sb_FABOSC_0_OSC.v (N/A, 2024-08-19 11:35:22) <-- (may instantiate this module)
                        D:\libero_tests\LIU_GPIO_1\component\work\LIU_GPIO_SB_1_sb\LIU_GPIO_SB_1_sb.v (N/A, 2024-08-19 11:35:22) <-- (may instantiate this module)
22       work.RCOSC_25_50MHZ_FAB.verilog may have changed because the following files changed:
                        D:\libero_tests\LIU_GPIO_1\component\Actel\SgCore\OSC\2.0.101\osc_comps.v (N/A, 2024-07-09 11:44:48) <-- (module definition)
                        D:\libero_tests\LIU_GPIO_1\component\work\LIU_GPIO_SB_1\LIU_GPIO_SB_1.v (N/A, 2024-08-19 11:37:14) <-- (may instantiate this module)
                        D:\libero_tests\LIU_GPIO_1\component\work\LIU_GPIO_SB_1_sb\FABOSC_0\LIU_GPIO_SB_1_sb_FABOSC_0_OSC.v (N/A, 2024-08-19 11:35:22) <-- (may instantiate this module)
                        D:\libero_tests\LIU_GPIO_1\component\work\LIU_GPIO_SB_1_sb\LIU_GPIO_SB_1_sb.v (N/A, 2024-08-19 11:35:22) <-- (may instantiate this module)
23       work.XTLOSC.verilog may have changed because the following files changed:
                        D:\libero_tests\LIU_GPIO_1\component\Actel\SgCore\OSC\2.0.101\osc_comps.v (N/A, 2024-07-09 11:44:48) <-- (module definition)
                        D:\libero_tests\LIU_GPIO_1\component\work\LIU_GPIO_SB_1\LIU_GPIO_SB_1.v (N/A, 2024-08-19 11:37:14) <-- (may instantiate this module)
                        D:\libero_tests\LIU_GPIO_1\component\work\LIU_GPIO_SB_1_sb\FABOSC_0\LIU_GPIO_SB_1_sb_FABOSC_0_OSC.v (N/A, 2024-08-19 11:35:22) <-- (may instantiate this module)
                        D:\libero_tests\LIU_GPIO_1\component\work\LIU_GPIO_SB_1_sb\LIU_GPIO_SB_1_sb.v (N/A, 2024-08-19 11:35:22) <-- (may instantiate this module)
24       work.XTLOSC_FAB.verilog may have changed because the following files changed:
                        D:\libero_tests\LIU_GPIO_1\component\Actel\SgCore\OSC\2.0.101\osc_comps.v (N/A, 2024-07-09 11:44:48) <-- (module definition)
                        D:\libero_tests\LIU_GPIO_1\component\work\LIU_GPIO_SB_1\LIU_GPIO_SB_1.v (N/A, 2024-08-19 11:37:14) <-- (may instantiate this module)
                        D:\libero_tests\LIU_GPIO_1\component\work\LIU_GPIO_SB_1_sb\FABOSC_0\LIU_GPIO_SB_1_sb_FABOSC_0_OSC.v (N/A, 2024-08-19 11:35:22) <-- (may instantiate this module)
                        D:\libero_tests\LIU_GPIO_1\component\work\LIU_GPIO_SB_1_sb\LIU_GPIO_SB_1_sb.v (N/A, 2024-08-19 11:35:22) <-- (may instantiate this module)
25       work.coreresetp_pcie_hotreset.verilog may have changed because the following files changed:
                        D:\libero_tests\LIU_GPIO_1\component\Actel\DirectCore\CoreResetP\7.1.100\rtl\vlog\core\coreresetp.v (N/A, 2024-08-16 11:56:28) <-- (may instantiate this module)
                        D:\libero_tests\LIU_GPIO_1\component\Actel\DirectCore\CoreResetP\7.1.100\rtl\vlog\core\coreresetp_pcie_hotreset.v (N/A, 2024-08-16 11:56:28) <-- (module definition)
                        D:\libero_tests\LIU_GPIO_1\component\work\LIU_GPIO_SB_1\LIU_GPIO_SB_1.v (N/A, 2024-08-19 11:37:14) <-- (may instantiate this module)
                        D:\libero_tests\LIU_GPIO_1\component\work\LIU_GPIO_SB_1_sb\LIU_GPIO_SB_1_sb.v (N/A, 2024-08-19 11:35:22) <-- (may instantiate this module)

*******************************************************************
Unmodified files: 0
FID:  path (timestamp)

*******************************************************************
Unchanged modules: 0
MID:  lib.cell.view
