
Copyright (C) 1994-2023 Synopsys, Inc.
This Synopsys software and all associated documentation are proprietary to Synopsys, Inc.
and may only be used pursuant to the terms and conditions of a written license agreement
with Synopsys, Inc. All other use, reproduction, modification, or distribution of the
Synopsys software or the associated documentation is strictly prohibited.
Tool: Synplify Pro (R)
Build: V-2023.09M
Install: C:\Microchip\Libero_SoC_v2024.1\SynplifyPro
OS: Windows 10 or later
Hostname: DESKTOP-9J7KET5

Implementation : synthesis
Synopsys HDL compiler and linker, Version comp202309synp1, Build 146R, Built Jan  4 2024 08:15:03, @

Modified Files: 12
FID:  path (prevtimestamp, timestamp)
12       D:\libero_tests\ABFN_GPIO_UART_FAB\component\work\UART_GPIO_FAB_SB\UART_GPIO_FAB_SB.v (2024-08-21 14:36:51, 2024-08-22 11:08:28)
13       D:\libero_tests\ABFN_GPIO_UART_FAB\component\work\UART_GPIO_FAB_SB_sb\CCC_0\UART_GPIO_FAB_SB_sb_CCC_0_FCCC.v (2024-08-21 14:35:34, 2024-08-22 11:06:13)
14       D:\libero_tests\ABFN_GPIO_UART_FAB\component\work\UART_GPIO_FAB_SB_sb\CoreUARTapb_0_0\rtl\vlog\core\Clock_gen.v (2024-08-21 14:35:35, 2024-08-22 11:06:13)
15       D:\libero_tests\ABFN_GPIO_UART_FAB\component\work\UART_GPIO_FAB_SB_sb\CoreUARTapb_0_0\rtl\vlog\core\CoreUART.v (2024-08-21 14:35:35, 2024-08-22 11:06:13)
16       D:\libero_tests\ABFN_GPIO_UART_FAB\component\work\UART_GPIO_FAB_SB_sb\CoreUARTapb_0_0\rtl\vlog\core\CoreUARTapb.v (2024-08-21 14:35:35, 2024-08-22 11:06:13)
17       D:\libero_tests\ABFN_GPIO_UART_FAB\component\work\UART_GPIO_FAB_SB_sb\CoreUARTapb_0_0\rtl\vlog\core\Rx_async.v (2024-08-21 14:35:35, 2024-08-22 11:06:13)
18       D:\libero_tests\ABFN_GPIO_UART_FAB\component\work\UART_GPIO_FAB_SB_sb\CoreUARTapb_0_0\rtl\vlog\core\Tx_async.v (2024-08-21 14:35:35, 2024-08-22 11:06:13)
19       D:\libero_tests\ABFN_GPIO_UART_FAB\component\work\UART_GPIO_FAB_SB_sb\CoreUARTapb_0_0\rtl\vlog\core\fifo_256x8_smartfusion2.v (2024-08-21 14:35:35, 2024-08-22 11:06:13)
20       D:\libero_tests\ABFN_GPIO_UART_FAB\component\work\UART_GPIO_FAB_SB_sb\FABOSC_0\UART_GPIO_FAB_SB_sb_FABOSC_0_OSC.v (2024-08-21 14:35:35, 2024-08-22 11:06:14)
21       D:\libero_tests\ABFN_GPIO_UART_FAB\component\work\UART_GPIO_FAB_SB_sb\UART_GPIO_FAB_SB_sb.v (2024-08-21 14:35:35, 2024-08-22 11:06:14)
22       D:\libero_tests\ABFN_GPIO_UART_FAB\component\work\UART_GPIO_FAB_SB_sb_MSS\UART_GPIO_FAB_SB_sb_MSS.v (2024-08-21 14:35:32, 2024-08-22 11:06:11)
23       D:\libero_tests\ABFN_GPIO_UART_FAB\component\work\UART_GPIO_FAB_SB_sb_MSS\UART_GPIO_FAB_SB_sb_MSS_syn.v (2024-08-21 14:35:32, 2024-08-22 11:06:11)

*******************************************************************
Modules that may have changed as a result of file changes: 26
MID:  lib.cell.view
0        COREAPB3_LIB.COREAPB3_MUXPTOB3.verilog may have changed because the following files changed:
                        D:\libero_tests\ABFN_GPIO_UART_FAB\component\work\UART_GPIO_FAB_SB\UART_GPIO_FAB_SB.v (2024-08-21 14:36:51, 2024-08-22 11:08:28) <-- (may instantiate this module)
                        D:\libero_tests\ABFN_GPIO_UART_FAB\component\work\UART_GPIO_FAB_SB_sb\UART_GPIO_FAB_SB_sb.v (2024-08-21 14:35:35, 2024-08-22 11:06:14) <-- (may instantiate this module)
1        COREAPB3_LIB.CoreAPB3.verilog may have changed because the following files changed:
                        D:\libero_tests\ABFN_GPIO_UART_FAB\component\work\UART_GPIO_FAB_SB\UART_GPIO_FAB_SB.v (2024-08-21 14:36:51, 2024-08-22 11:08:28) <-- (may instantiate this module)
                        D:\libero_tests\ABFN_GPIO_UART_FAB\component\work\UART_GPIO_FAB_SB_sb\UART_GPIO_FAB_SB_sb.v (2024-08-21 14:35:35, 2024-08-22 11:06:14) <-- (may instantiate this module)
2        COREAPB3_LIB.coreapb3_iaddr_reg.verilog may have changed because the following files changed:
                        D:\libero_tests\ABFN_GPIO_UART_FAB\component\work\UART_GPIO_FAB_SB\UART_GPIO_FAB_SB.v (2024-08-21 14:36:51, 2024-08-22 11:08:28) <-- (may instantiate this module)
                        D:\libero_tests\ABFN_GPIO_UART_FAB\component\work\UART_GPIO_FAB_SB_sb\UART_GPIO_FAB_SB_sb.v (2024-08-21 14:35:35, 2024-08-22 11:06:14) <-- (may instantiate this module)
3        work.CoreGPIO.verilog may have changed because the following files changed:
                        D:\libero_tests\ABFN_GPIO_UART_FAB\component\work\UART_GPIO_FAB_SB\UART_GPIO_FAB_SB.v (2024-08-21 14:36:51, 2024-08-22 11:08:28) <-- (may instantiate this module)
                        D:\libero_tests\ABFN_GPIO_UART_FAB\component\work\UART_GPIO_FAB_SB_sb\UART_GPIO_FAB_SB_sb.v (2024-08-21 14:35:35, 2024-08-22 11:06:14) <-- (may instantiate this module)
4        work.CoreResetP.verilog may have changed because the following files changed:
                        D:\libero_tests\ABFN_GPIO_UART_FAB\component\work\UART_GPIO_FAB_SB\UART_GPIO_FAB_SB.v (2024-08-21 14:36:51, 2024-08-22 11:08:28) <-- (may instantiate this module)
                        D:\libero_tests\ABFN_GPIO_UART_FAB\component\work\UART_GPIO_FAB_SB_sb\UART_GPIO_FAB_SB_sb.v (2024-08-21 14:35:35, 2024-08-22 11:06:14) <-- (may instantiate this module)
5        work.MSS_005.verilog may have changed because the following files changed:
                        D:\libero_tests\ABFN_GPIO_UART_FAB\component\work\UART_GPIO_FAB_SB\UART_GPIO_FAB_SB.v (2024-08-21 14:36:51, 2024-08-22 11:08:28) <-- (may instantiate this module)
                        D:\libero_tests\ABFN_GPIO_UART_FAB\component\work\UART_GPIO_FAB_SB_sb\UART_GPIO_FAB_SB_sb.v (2024-08-21 14:35:35, 2024-08-22 11:06:14) <-- (may instantiate this module)
                        D:\libero_tests\ABFN_GPIO_UART_FAB\component\work\UART_GPIO_FAB_SB_sb_MSS\UART_GPIO_FAB_SB_sb_MSS.v (2024-08-21 14:35:32, 2024-08-22 11:06:11) <-- (may instantiate this module)
                        D:\libero_tests\ABFN_GPIO_UART_FAB\component\work\UART_GPIO_FAB_SB_sb_MSS\UART_GPIO_FAB_SB_sb_MSS_syn.v (2024-08-21 14:35:32, 2024-08-22 11:06:11) <-- (module definition)
6        work.RCOSC_1MHZ.verilog may have changed because the following files changed:
                        D:\libero_tests\ABFN_GPIO_UART_FAB\component\work\UART_GPIO_FAB_SB\UART_GPIO_FAB_SB.v (2024-08-21 14:36:51, 2024-08-22 11:08:28) <-- (may instantiate this module)
                        D:\libero_tests\ABFN_GPIO_UART_FAB\component\work\UART_GPIO_FAB_SB_sb\FABOSC_0\UART_GPIO_FAB_SB_sb_FABOSC_0_OSC.v (2024-08-21 14:35:35, 2024-08-22 11:06:14) <-- (may instantiate this module)
                        D:\libero_tests\ABFN_GPIO_UART_FAB\component\work\UART_GPIO_FAB_SB_sb\UART_GPIO_FAB_SB_sb.v (2024-08-21 14:35:35, 2024-08-22 11:06:14) <-- (may instantiate this module)
7        work.RCOSC_1MHZ_FAB.verilog may have changed because the following files changed:
                        D:\libero_tests\ABFN_GPIO_UART_FAB\component\work\UART_GPIO_FAB_SB\UART_GPIO_FAB_SB.v (2024-08-21 14:36:51, 2024-08-22 11:08:28) <-- (may instantiate this module)
                        D:\libero_tests\ABFN_GPIO_UART_FAB\component\work\UART_GPIO_FAB_SB_sb\FABOSC_0\UART_GPIO_FAB_SB_sb_FABOSC_0_OSC.v (2024-08-21 14:35:35, 2024-08-22 11:06:14) <-- (may instantiate this module)
                        D:\libero_tests\ABFN_GPIO_UART_FAB\component\work\UART_GPIO_FAB_SB_sb\UART_GPIO_FAB_SB_sb.v (2024-08-21 14:35:35, 2024-08-22 11:06:14) <-- (may instantiate this module)
8        work.RCOSC_25_50MHZ.verilog may have changed because the following files changed:
                        D:\libero_tests\ABFN_GPIO_UART_FAB\component\work\UART_GPIO_FAB_SB\UART_GPIO_FAB_SB.v (2024-08-21 14:36:51, 2024-08-22 11:08:28) <-- (may instantiate this module)
                        D:\libero_tests\ABFN_GPIO_UART_FAB\component\work\UART_GPIO_FAB_SB_sb\FABOSC_0\UART_GPIO_FAB_SB_sb_FABOSC_0_OSC.v (2024-08-21 14:35:35, 2024-08-22 11:06:14) <-- (may instantiate this module)
                        D:\libero_tests\ABFN_GPIO_UART_FAB\component\work\UART_GPIO_FAB_SB_sb\UART_GPIO_FAB_SB_sb.v (2024-08-21 14:35:35, 2024-08-22 11:06:14) <-- (may instantiate this module)
9        work.RCOSC_25_50MHZ_FAB.verilog may have changed because the following files changed:
                        D:\libero_tests\ABFN_GPIO_UART_FAB\component\work\UART_GPIO_FAB_SB\UART_GPIO_FAB_SB.v (2024-08-21 14:36:51, 2024-08-22 11:08:28) <-- (may instantiate this module)
                        D:\libero_tests\ABFN_GPIO_UART_FAB\component\work\UART_GPIO_FAB_SB_sb\FABOSC_0\UART_GPIO_FAB_SB_sb_FABOSC_0_OSC.v (2024-08-21 14:35:35, 2024-08-22 11:06:14) <-- (may instantiate this module)
                        D:\libero_tests\ABFN_GPIO_UART_FAB\component\work\UART_GPIO_FAB_SB_sb\UART_GPIO_FAB_SB_sb.v (2024-08-21 14:35:35, 2024-08-22 11:06:14) <-- (may instantiate this module)
10       work.UART_GPIO_FAB_SB.verilog may have changed because the following files changed:
                        D:\libero_tests\ABFN_GPIO_UART_FAB\component\work\UART_GPIO_FAB_SB\UART_GPIO_FAB_SB.v (2024-08-21 14:36:51, 2024-08-22 11:08:28) <-- (module definition)
11       work.UART_GPIO_FAB_SB_sb.verilog may have changed because the following files changed:
                        D:\libero_tests\ABFN_GPIO_UART_FAB\component\work\UART_GPIO_FAB_SB\UART_GPIO_FAB_SB.v (2024-08-21 14:36:51, 2024-08-22 11:08:28) <-- (may instantiate this module)
                        D:\libero_tests\ABFN_GPIO_UART_FAB\component\work\UART_GPIO_FAB_SB_sb\UART_GPIO_FAB_SB_sb.v (2024-08-21 14:35:35, 2024-08-22 11:06:14) <-- (module definition)
12       work.UART_GPIO_FAB_SB_sb_CCC_0_FCCC.verilog may have changed because the following files changed:
                        D:\libero_tests\ABFN_GPIO_UART_FAB\component\work\UART_GPIO_FAB_SB\UART_GPIO_FAB_SB.v (2024-08-21 14:36:51, 2024-08-22 11:08:28) <-- (may instantiate this module)
                        D:\libero_tests\ABFN_GPIO_UART_FAB\component\work\UART_GPIO_FAB_SB_sb\CCC_0\UART_GPIO_FAB_SB_sb_CCC_0_FCCC.v (2024-08-21 14:35:34, 2024-08-22 11:06:13) <-- (module definition)
                        D:\libero_tests\ABFN_GPIO_UART_FAB\component\work\UART_GPIO_FAB_SB_sb\UART_GPIO_FAB_SB_sb.v (2024-08-21 14:35:35, 2024-08-22 11:06:14) <-- (may instantiate this module)
13       work.UART_GPIO_FAB_SB_sb_CoreUARTapb_0_0_COREUART.verilog may have changed because the following files changed:
                        D:\libero_tests\ABFN_GPIO_UART_FAB\component\work\UART_GPIO_FAB_SB\UART_GPIO_FAB_SB.v (2024-08-21 14:36:51, 2024-08-22 11:08:28) <-- (may instantiate this module)
                        D:\libero_tests\ABFN_GPIO_UART_FAB\component\work\UART_GPIO_FAB_SB_sb\CoreUARTapb_0_0\rtl\vlog\core\CoreUART.v (2024-08-21 14:35:35, 2024-08-22 11:06:13) <-- (module definition)
                        D:\libero_tests\ABFN_GPIO_UART_FAB\component\work\UART_GPIO_FAB_SB_sb\CoreUARTapb_0_0\rtl\vlog\core\CoreUARTapb.v (2024-08-21 14:35:35, 2024-08-22 11:06:13) <-- (may instantiate this module)
                        D:\libero_tests\ABFN_GPIO_UART_FAB\component\work\UART_GPIO_FAB_SB_sb\UART_GPIO_FAB_SB_sb.v (2024-08-21 14:35:35, 2024-08-22 11:06:14) <-- (may instantiate this module)
14       work.UART_GPIO_FAB_SB_sb_CoreUARTapb_0_0_Clock_gen.verilog may have changed because the following files changed:
                        D:\libero_tests\ABFN_GPIO_UART_FAB\component\work\UART_GPIO_FAB_SB\UART_GPIO_FAB_SB.v (2024-08-21 14:36:51, 2024-08-22 11:08:28) <-- (may instantiate this module)
                        D:\libero_tests\ABFN_GPIO_UART_FAB\component\work\UART_GPIO_FAB_SB_sb\CoreUARTapb_0_0\rtl\vlog\core\Clock_gen.v (2024-08-21 14:35:35, 2024-08-22 11:06:13) <-- (module definition)
                        D:\libero_tests\ABFN_GPIO_UART_FAB\component\work\UART_GPIO_FAB_SB_sb\CoreUARTapb_0_0\rtl\vlog\core\CoreUART.v (2024-08-21 14:35:35, 2024-08-22 11:06:13) <-- (may instantiate this module)
                        D:\libero_tests\ABFN_GPIO_UART_FAB\component\work\UART_GPIO_FAB_SB_sb\CoreUARTapb_0_0\rtl\vlog\core\CoreUARTapb.v (2024-08-21 14:35:35, 2024-08-22 11:06:13) <-- (may instantiate this module)
                        D:\libero_tests\ABFN_GPIO_UART_FAB\component\work\UART_GPIO_FAB_SB_sb\UART_GPIO_FAB_SB_sb.v (2024-08-21 14:35:35, 2024-08-22 11:06:14) <-- (may instantiate this module)
15       work.UART_GPIO_FAB_SB_sb_CoreUARTapb_0_0_CoreUARTapb.verilog may have changed because the following files changed:
                        D:\libero_tests\ABFN_GPIO_UART_FAB\component\work\UART_GPIO_FAB_SB\UART_GPIO_FAB_SB.v (2024-08-21 14:36:51, 2024-08-22 11:08:28) <-- (may instantiate this module)
                        D:\libero_tests\ABFN_GPIO_UART_FAB\component\work\UART_GPIO_FAB_SB_sb\CoreUARTapb_0_0\rtl\vlog\core\CoreUARTapb.v (2024-08-21 14:35:35, 2024-08-22 11:06:13) <-- (module definition)
                        D:\libero_tests\ABFN_GPIO_UART_FAB\component\work\UART_GPIO_FAB_SB_sb\UART_GPIO_FAB_SB_sb.v (2024-08-21 14:35:35, 2024-08-22 11:06:14) <-- (may instantiate this module)
16       work.UART_GPIO_FAB_SB_sb_CoreUARTapb_0_0_Rx_async.verilog may have changed because the following files changed:
                        D:\libero_tests\ABFN_GPIO_UART_FAB\component\work\UART_GPIO_FAB_SB\UART_GPIO_FAB_SB.v (2024-08-21 14:36:51, 2024-08-22 11:08:28) <-- (may instantiate this module)
                        D:\libero_tests\ABFN_GPIO_UART_FAB\component\work\UART_GPIO_FAB_SB_sb\CoreUARTapb_0_0\rtl\vlog\core\CoreUART.v (2024-08-21 14:35:35, 2024-08-22 11:06:13) <-- (may instantiate this module)
                        D:\libero_tests\ABFN_GPIO_UART_FAB\component\work\UART_GPIO_FAB_SB_sb\CoreUARTapb_0_0\rtl\vlog\core\CoreUARTapb.v (2024-08-21 14:35:35, 2024-08-22 11:06:13) <-- (may instantiate this module)
                        D:\libero_tests\ABFN_GPIO_UART_FAB\component\work\UART_GPIO_FAB_SB_sb\CoreUARTapb_0_0\rtl\vlog\core\Rx_async.v (2024-08-21 14:35:35, 2024-08-22 11:06:13) <-- (module definition)
                        D:\libero_tests\ABFN_GPIO_UART_FAB\component\work\UART_GPIO_FAB_SB_sb\UART_GPIO_FAB_SB_sb.v (2024-08-21 14:35:35, 2024-08-22 11:06:14) <-- (may instantiate this module)
17       work.UART_GPIO_FAB_SB_sb_CoreUARTapb_0_0_Tx_async.verilog may have changed because the following files changed:
                        D:\libero_tests\ABFN_GPIO_UART_FAB\component\work\UART_GPIO_FAB_SB\UART_GPIO_FAB_SB.v (2024-08-21 14:36:51, 2024-08-22 11:08:28) <-- (may instantiate this module)
                        D:\libero_tests\ABFN_GPIO_UART_FAB\component\work\UART_GPIO_FAB_SB_sb\CoreUARTapb_0_0\rtl\vlog\core\CoreUART.v (2024-08-21 14:35:35, 2024-08-22 11:06:13) <-- (may instantiate this module)
                        D:\libero_tests\ABFN_GPIO_UART_FAB\component\work\UART_GPIO_FAB_SB_sb\CoreUARTapb_0_0\rtl\vlog\core\CoreUARTapb.v (2024-08-21 14:35:35, 2024-08-22 11:06:13) <-- (may instantiate this module)
                        D:\libero_tests\ABFN_GPIO_UART_FAB\component\work\UART_GPIO_FAB_SB_sb\CoreUARTapb_0_0\rtl\vlog\core\Tx_async.v (2024-08-21 14:35:35, 2024-08-22 11:06:13) <-- (module definition)
                        D:\libero_tests\ABFN_GPIO_UART_FAB\component\work\UART_GPIO_FAB_SB_sb\UART_GPIO_FAB_SB_sb.v (2024-08-21 14:35:35, 2024-08-22 11:06:14) <-- (may instantiate this module)
18       work.UART_GPIO_FAB_SB_sb_CoreUARTapb_0_0_fifo_256x8.verilog may have changed because the following files changed:
                        D:\libero_tests\ABFN_GPIO_UART_FAB\component\work\UART_GPIO_FAB_SB\UART_GPIO_FAB_SB.v (2024-08-21 14:36:51, 2024-08-22 11:08:28) <-- (may instantiate this module)
                        D:\libero_tests\ABFN_GPIO_UART_FAB\component\work\UART_GPIO_FAB_SB_sb\CoreUARTapb_0_0\rtl\vlog\core\CoreUART.v (2024-08-21 14:35:35, 2024-08-22 11:06:13) <-- (may instantiate this module)
                        D:\libero_tests\ABFN_GPIO_UART_FAB\component\work\UART_GPIO_FAB_SB_sb\CoreUARTapb_0_0\rtl\vlog\core\CoreUARTapb.v (2024-08-21 14:35:35, 2024-08-22 11:06:13) <-- (may instantiate this module)
                        D:\libero_tests\ABFN_GPIO_UART_FAB\component\work\UART_GPIO_FAB_SB_sb\CoreUARTapb_0_0\rtl\vlog\core\fifo_256x8_smartfusion2.v (2024-08-21 14:35:35, 2024-08-22 11:06:13) <-- (module definition)
                        D:\libero_tests\ABFN_GPIO_UART_FAB\component\work\UART_GPIO_FAB_SB_sb\UART_GPIO_FAB_SB_sb.v (2024-08-21 14:35:35, 2024-08-22 11:06:14) <-- (may instantiate this module)
19       work.UART_GPIO_FAB_SB_sb_CoreUARTapb_0_0_fifo_ctrl_128.verilog may have changed because the following files changed:
                        D:\libero_tests\ABFN_GPIO_UART_FAB\component\work\UART_GPIO_FAB_SB\UART_GPIO_FAB_SB.v (2024-08-21 14:36:51, 2024-08-22 11:08:28) <-- (may instantiate this module)
                        D:\libero_tests\ABFN_GPIO_UART_FAB\component\work\UART_GPIO_FAB_SB_sb\CoreUARTapb_0_0\rtl\vlog\core\CoreUART.v (2024-08-21 14:35:35, 2024-08-22 11:06:13) <-- (may instantiate this module)
                        D:\libero_tests\ABFN_GPIO_UART_FAB\component\work\UART_GPIO_FAB_SB_sb\CoreUARTapb_0_0\rtl\vlog\core\CoreUARTapb.v (2024-08-21 14:35:35, 2024-08-22 11:06:13) <-- (may instantiate this module)
                        D:\libero_tests\ABFN_GPIO_UART_FAB\component\work\UART_GPIO_FAB_SB_sb\CoreUARTapb_0_0\rtl\vlog\core\fifo_256x8_smartfusion2.v (2024-08-21 14:35:35, 2024-08-22 11:06:13) <-- (module definition)
                        D:\libero_tests\ABFN_GPIO_UART_FAB\component\work\UART_GPIO_FAB_SB_sb\UART_GPIO_FAB_SB_sb.v (2024-08-21 14:35:35, 2024-08-22 11:06:14) <-- (may instantiate this module)
20       work.UART_GPIO_FAB_SB_sb_CoreUARTapb_0_0_ram128x8_pa4.verilog may have changed because the following files changed:
                        D:\libero_tests\ABFN_GPIO_UART_FAB\component\work\UART_GPIO_FAB_SB\UART_GPIO_FAB_SB.v (2024-08-21 14:36:51, 2024-08-22 11:08:28) <-- (may instantiate this module)
                        D:\libero_tests\ABFN_GPIO_UART_FAB\component\work\UART_GPIO_FAB_SB_sb\CoreUARTapb_0_0\rtl\vlog\core\CoreUART.v (2024-08-21 14:35:35, 2024-08-22 11:06:13) <-- (may instantiate this module)
                        D:\libero_tests\ABFN_GPIO_UART_FAB\component\work\UART_GPIO_FAB_SB_sb\CoreUARTapb_0_0\rtl\vlog\core\CoreUARTapb.v (2024-08-21 14:35:35, 2024-08-22 11:06:13) <-- (may instantiate this module)
                        D:\libero_tests\ABFN_GPIO_UART_FAB\component\work\UART_GPIO_FAB_SB_sb\CoreUARTapb_0_0\rtl\vlog\core\fifo_256x8_smartfusion2.v (2024-08-21 14:35:35, 2024-08-22 11:06:13) <-- (module definition)
                        D:\libero_tests\ABFN_GPIO_UART_FAB\component\work\UART_GPIO_FAB_SB_sb\UART_GPIO_FAB_SB_sb.v (2024-08-21 14:35:35, 2024-08-22 11:06:14) <-- (may instantiate this module)
21       work.UART_GPIO_FAB_SB_sb_FABOSC_0_OSC.verilog may have changed because the following files changed:
                        D:\libero_tests\ABFN_GPIO_UART_FAB\component\work\UART_GPIO_FAB_SB\UART_GPIO_FAB_SB.v (2024-08-21 14:36:51, 2024-08-22 11:08:28) <-- (may instantiate this module)
                        D:\libero_tests\ABFN_GPIO_UART_FAB\component\work\UART_GPIO_FAB_SB_sb\FABOSC_0\UART_GPIO_FAB_SB_sb_FABOSC_0_OSC.v (2024-08-21 14:35:35, 2024-08-22 11:06:14) <-- (module definition)
                        D:\libero_tests\ABFN_GPIO_UART_FAB\component\work\UART_GPIO_FAB_SB_sb\UART_GPIO_FAB_SB_sb.v (2024-08-21 14:35:35, 2024-08-22 11:06:14) <-- (may instantiate this module)
22       work.UART_GPIO_FAB_SB_sb_MSS.verilog may have changed because the following files changed:
                        D:\libero_tests\ABFN_GPIO_UART_FAB\component\work\UART_GPIO_FAB_SB\UART_GPIO_FAB_SB.v (2024-08-21 14:36:51, 2024-08-22 11:08:28) <-- (may instantiate this module)
                        D:\libero_tests\ABFN_GPIO_UART_FAB\component\work\UART_GPIO_FAB_SB_sb\UART_GPIO_FAB_SB_sb.v (2024-08-21 14:35:35, 2024-08-22 11:06:14) <-- (may instantiate this module)
                        D:\libero_tests\ABFN_GPIO_UART_FAB\component\work\UART_GPIO_FAB_SB_sb_MSS\UART_GPIO_FAB_SB_sb_MSS.v (2024-08-21 14:35:32, 2024-08-22 11:06:11) <-- (module definition)
23       work.XTLOSC.verilog may have changed because the following files changed:
                        D:\libero_tests\ABFN_GPIO_UART_FAB\component\work\UART_GPIO_FAB_SB\UART_GPIO_FAB_SB.v (2024-08-21 14:36:51, 2024-08-22 11:08:28) <-- (may instantiate this module)
                        D:\libero_tests\ABFN_GPIO_UART_FAB\component\work\UART_GPIO_FAB_SB_sb\FABOSC_0\UART_GPIO_FAB_SB_sb_FABOSC_0_OSC.v (2024-08-21 14:35:35, 2024-08-22 11:06:14) <-- (may instantiate this module)
                        D:\libero_tests\ABFN_GPIO_UART_FAB\component\work\UART_GPIO_FAB_SB_sb\UART_GPIO_FAB_SB_sb.v (2024-08-21 14:35:35, 2024-08-22 11:06:14) <-- (may instantiate this module)
24       work.XTLOSC_FAB.verilog may have changed because the following files changed:
                        D:\libero_tests\ABFN_GPIO_UART_FAB\component\work\UART_GPIO_FAB_SB\UART_GPIO_FAB_SB.v (2024-08-21 14:36:51, 2024-08-22 11:08:28) <-- (may instantiate this module)
                        D:\libero_tests\ABFN_GPIO_UART_FAB\component\work\UART_GPIO_FAB_SB_sb\FABOSC_0\UART_GPIO_FAB_SB_sb_FABOSC_0_OSC.v (2024-08-21 14:35:35, 2024-08-22 11:06:14) <-- (may instantiate this module)
                        D:\libero_tests\ABFN_GPIO_UART_FAB\component\work\UART_GPIO_FAB_SB_sb\UART_GPIO_FAB_SB_sb.v (2024-08-21 14:35:35, 2024-08-22 11:06:14) <-- (may instantiate this module)
25       work.coreresetp_pcie_hotreset.verilog may have changed because the following files changed:
                        D:\libero_tests\ABFN_GPIO_UART_FAB\component\work\UART_GPIO_FAB_SB\UART_GPIO_FAB_SB.v (2024-08-21 14:36:51, 2024-08-22 11:08:28) <-- (may instantiate this module)
                        D:\libero_tests\ABFN_GPIO_UART_FAB\component\work\UART_GPIO_FAB_SB_sb\UART_GPIO_FAB_SB_sb.v (2024-08-21 14:35:35, 2024-08-22 11:06:14) <-- (may instantiate this module)

*******************************************************************
Unmodified files: 12
FID:  path (timestamp)
0        C:\Microchip\Libero_SoC_v2024.1\SynplifyPro\lib\generic\smartfusion2.v (2024-01-04 21:41:02)
1        C:\Microchip\Libero_SoC_v2024.1\SynplifyPro\lib\vlog\hypermods.v (2024-01-04 21:34:40)
2        C:\Microchip\Libero_SoC_v2024.1\SynplifyPro\lib\vlog\scemi_objects.v (2024-01-04 21:34:40)
3        C:\Microchip\Libero_SoC_v2024.1\SynplifyPro\lib\vlog\scemi_pipes.svh (2024-01-04 21:34:40)
4        C:\Microchip\Libero_SoC_v2024.1\SynplifyPro\lib\vlog\umr_capim.v (2024-01-04 21:38:34)
5        D:\libero_tests\ABFN_GPIO_UART_FAB\component\Actel\DirectCore\CoreAPB3\4.1.100\rtl\vlog\core\coreapb3.v (2024-08-16 14:57:39)
6        D:\libero_tests\ABFN_GPIO_UART_FAB\component\Actel\DirectCore\CoreAPB3\4.1.100\rtl\vlog\core\coreapb3_iaddr_reg.v (2024-08-16 14:57:39)
7        D:\libero_tests\ABFN_GPIO_UART_FAB\component\Actel\DirectCore\CoreAPB3\4.1.100\rtl\vlog\core\coreapb3_muxptob3.v (2024-08-16 14:57:39)
8        D:\libero_tests\ABFN_GPIO_UART_FAB\component\Actel\DirectCore\CoreGPIO\3.0.120\rtl\vlog\core\coregpio.v (2024-08-19 10:23:02)
9        D:\libero_tests\ABFN_GPIO_UART_FAB\component\Actel\DirectCore\CoreResetP\7.1.100\rtl\vlog\core\coreresetp.v (2024-08-16 11:56:28)
10       D:\libero_tests\ABFN_GPIO_UART_FAB\component\Actel\DirectCore\CoreResetP\7.1.100\rtl\vlog\core\coreresetp_pcie_hotreset.v (2024-08-16 11:56:28)
11       D:\libero_tests\ABFN_GPIO_UART_FAB\component\Actel\SgCore\OSC\2.0.101\osc_comps.v (2024-07-09 11:44:48)

*******************************************************************
Unchanged modules: 0
MID:  lib.cell.view
