
Copyright (C) 1994-2023 Synopsys, Inc.
This Synopsys software and all associated documentation are proprietary to Synopsys, Inc.
and may only be used pursuant to the terms and conditions of a written license agreement
with Synopsys, Inc. All other use, reproduction, modification, or distribution of the
Synopsys software or the associated documentation is strictly prohibited.
Tool: Synplify Pro (R)
Build: V-2023.09M
Install: C:\Microchip\Libero_SoC_v2024.1\SynplifyPro
OS: Windows 10 or later
Hostname: DESKTOP-9J7KET5

Implementation : synthesis
Synopsys HDL compiler and linker, Version comp202309synp1, Build 146R, Built Jan  4 2024 08:15:03, @

Modified Files: 14
FID:  path (prevtimestamp, timestamp)
0        C:\Microchip\Libero_SoC_v2024.1\SynplifyPro\lib\generic\smartfusion2.v (N/A, 2024-01-04 21:41:02)
1        C:\Microchip\Libero_SoC_v2024.1\SynplifyPro\lib\vlog\hypermods.v (N/A, 2024-01-04 21:34:40)
2        C:\Microchip\Libero_SoC_v2024.1\SynplifyPro\lib\vlog\scemi_objects.v (N/A, 2024-01-04 21:34:40)
3        C:\Microchip\Libero_SoC_v2024.1\SynplifyPro\lib\vlog\scemi_pipes.svh (N/A, 2024-01-04 21:34:40)
4        C:\Microchip\Libero_SoC_v2024.1\SynplifyPro\lib\vlog\umr_capim.v (N/A, 2024-01-04 21:38:34)
5        D:\libero_tests\ABFN_UART_GPIO_MSS_int\component\Actel\DirectCore\CoreResetP\7.1.100\rtl\vlog\core\coreresetp.v (N/A, 2024-08-16 11:56:28)
6        D:\libero_tests\ABFN_UART_GPIO_MSS_int\component\Actel\DirectCore\CoreResetP\7.1.100\rtl\vlog\core\coreresetp_pcie_hotreset.v (N/A, 2024-08-16 11:56:28)
7        D:\libero_tests\ABFN_UART_GPIO_MSS_int\component\Actel\SgCore\OSC\2.0.101\osc_comps.v (N/A, 2024-07-09 11:44:48)
8        D:\libero_tests\ABFN_UART_GPIO_MSS_int\component\work\ABFN_UART_GPIO_INT_MSS\ABFN_UART_GPIO_INT_MSS.v (N/A, 2024-08-21 14:59:09)
9        D:\libero_tests\ABFN_UART_GPIO_MSS_int\component\work\ABFN_UART_GPIO_INT_MSS_sb\ABFN_UART_GPIO_INT_MSS_sb.v (N/A, 2024-08-21 14:58:35)
10       D:\libero_tests\ABFN_UART_GPIO_MSS_int\component\work\ABFN_UART_GPIO_INT_MSS_sb\CCC_0\ABFN_UART_GPIO_INT_MSS_sb_CCC_0_FCCC.v (N/A, 2024-08-21 14:58:34)
11       D:\libero_tests\ABFN_UART_GPIO_MSS_int\component\work\ABFN_UART_GPIO_INT_MSS_sb\FABOSC_0\ABFN_UART_GPIO_INT_MSS_sb_FABOSC_0_OSC.v (N/A, 2024-08-21 14:58:35)
12       D:\libero_tests\ABFN_UART_GPIO_MSS_int\component\work\ABFN_UART_GPIO_INT_MSS_sb_MSS\ABFN_UART_GPIO_INT_MSS_sb_MSS.v (N/A, 2024-08-21 14:58:32)
13       D:\libero_tests\ABFN_UART_GPIO_MSS_int\component\work\ABFN_UART_GPIO_INT_MSS_sb_MSS\ABFN_UART_GPIO_INT_MSS_sb_MSS_syn.v (N/A, 2024-08-21 14:58:32)

*******************************************************************
Modules that may have changed as a result of file changes: 14
MID:  lib.cell.view
0        work.ABFN_UART_GPIO_INT_MSS.verilog may have changed because the following files changed:
                        D:\libero_tests\ABFN_UART_GPIO_MSS_int\component\work\ABFN_UART_GPIO_INT_MSS\ABFN_UART_GPIO_INT_MSS.v (N/A, 2024-08-21 14:59:09) <-- (module definition)
1        work.ABFN_UART_GPIO_INT_MSS_sb.verilog may have changed because the following files changed:
                        D:\libero_tests\ABFN_UART_GPIO_MSS_int\component\work\ABFN_UART_GPIO_INT_MSS\ABFN_UART_GPIO_INT_MSS.v (N/A, 2024-08-21 14:59:09) <-- (may instantiate this module)
                        D:\libero_tests\ABFN_UART_GPIO_MSS_int\component\work\ABFN_UART_GPIO_INT_MSS_sb\ABFN_UART_GPIO_INT_MSS_sb.v (N/A, 2024-08-21 14:58:35) <-- (module definition)
2        work.ABFN_UART_GPIO_INT_MSS_sb_CCC_0_FCCC.verilog may have changed because the following files changed:
                        D:\libero_tests\ABFN_UART_GPIO_MSS_int\component\work\ABFN_UART_GPIO_INT_MSS\ABFN_UART_GPIO_INT_MSS.v (N/A, 2024-08-21 14:59:09) <-- (may instantiate this module)
                        D:\libero_tests\ABFN_UART_GPIO_MSS_int\component\work\ABFN_UART_GPIO_INT_MSS_sb\ABFN_UART_GPIO_INT_MSS_sb.v (N/A, 2024-08-21 14:58:35) <-- (may instantiate this module)
                        D:\libero_tests\ABFN_UART_GPIO_MSS_int\component\work\ABFN_UART_GPIO_INT_MSS_sb\CCC_0\ABFN_UART_GPIO_INT_MSS_sb_CCC_0_FCCC.v (N/A, 2024-08-21 14:58:34) <-- (module definition)
3        work.ABFN_UART_GPIO_INT_MSS_sb_FABOSC_0_OSC.verilog may have changed because the following files changed:
                        D:\libero_tests\ABFN_UART_GPIO_MSS_int\component\work\ABFN_UART_GPIO_INT_MSS\ABFN_UART_GPIO_INT_MSS.v (N/A, 2024-08-21 14:59:09) <-- (may instantiate this module)
                        D:\libero_tests\ABFN_UART_GPIO_MSS_int\component\work\ABFN_UART_GPIO_INT_MSS_sb\ABFN_UART_GPIO_INT_MSS_sb.v (N/A, 2024-08-21 14:58:35) <-- (may instantiate this module)
                        D:\libero_tests\ABFN_UART_GPIO_MSS_int\component\work\ABFN_UART_GPIO_INT_MSS_sb\FABOSC_0\ABFN_UART_GPIO_INT_MSS_sb_FABOSC_0_OSC.v (N/A, 2024-08-21 14:58:35) <-- (module definition)
4        work.ABFN_UART_GPIO_INT_MSS_sb_MSS.verilog may have changed because the following files changed:
                        D:\libero_tests\ABFN_UART_GPIO_MSS_int\component\work\ABFN_UART_GPIO_INT_MSS\ABFN_UART_GPIO_INT_MSS.v (N/A, 2024-08-21 14:59:09) <-- (may instantiate this module)
                        D:\libero_tests\ABFN_UART_GPIO_MSS_int\component\work\ABFN_UART_GPIO_INT_MSS_sb\ABFN_UART_GPIO_INT_MSS_sb.v (N/A, 2024-08-21 14:58:35) <-- (may instantiate this module)
                        D:\libero_tests\ABFN_UART_GPIO_MSS_int\component\work\ABFN_UART_GPIO_INT_MSS_sb_MSS\ABFN_UART_GPIO_INT_MSS_sb_MSS.v (N/A, 2024-08-21 14:58:32) <-- (module definition)
5        work.CoreResetP.verilog may have changed because the following files changed:
                        D:\libero_tests\ABFN_UART_GPIO_MSS_int\component\Actel\DirectCore\CoreResetP\7.1.100\rtl\vlog\core\coreresetp.v (N/A, 2024-08-16 11:56:28) <-- (module definition)
                        D:\libero_tests\ABFN_UART_GPIO_MSS_int\component\work\ABFN_UART_GPIO_INT_MSS\ABFN_UART_GPIO_INT_MSS.v (N/A, 2024-08-21 14:59:09) <-- (may instantiate this module)
                        D:\libero_tests\ABFN_UART_GPIO_MSS_int\component\work\ABFN_UART_GPIO_INT_MSS_sb\ABFN_UART_GPIO_INT_MSS_sb.v (N/A, 2024-08-21 14:58:35) <-- (may instantiate this module)
6        work.MSS_005.verilog may have changed because the following files changed:
                        D:\libero_tests\ABFN_UART_GPIO_MSS_int\component\work\ABFN_UART_GPIO_INT_MSS\ABFN_UART_GPIO_INT_MSS.v (N/A, 2024-08-21 14:59:09) <-- (may instantiate this module)
                        D:\libero_tests\ABFN_UART_GPIO_MSS_int\component\work\ABFN_UART_GPIO_INT_MSS_sb\ABFN_UART_GPIO_INT_MSS_sb.v (N/A, 2024-08-21 14:58:35) <-- (may instantiate this module)
                        D:\libero_tests\ABFN_UART_GPIO_MSS_int\component\work\ABFN_UART_GPIO_INT_MSS_sb_MSS\ABFN_UART_GPIO_INT_MSS_sb_MSS.v (N/A, 2024-08-21 14:58:32) <-- (may instantiate this module)
                        D:\libero_tests\ABFN_UART_GPIO_MSS_int\component\work\ABFN_UART_GPIO_INT_MSS_sb_MSS\ABFN_UART_GPIO_INT_MSS_sb_MSS_syn.v (N/A, 2024-08-21 14:58:32) <-- (module definition)
7        work.RCOSC_1MHZ.verilog may have changed because the following files changed:
                        D:\libero_tests\ABFN_UART_GPIO_MSS_int\component\Actel\SgCore\OSC\2.0.101\osc_comps.v (N/A, 2024-07-09 11:44:48) <-- (module definition)
                        D:\libero_tests\ABFN_UART_GPIO_MSS_int\component\work\ABFN_UART_GPIO_INT_MSS\ABFN_UART_GPIO_INT_MSS.v (N/A, 2024-08-21 14:59:09) <-- (may instantiate this module)
                        D:\libero_tests\ABFN_UART_GPIO_MSS_int\component\work\ABFN_UART_GPIO_INT_MSS_sb\ABFN_UART_GPIO_INT_MSS_sb.v (N/A, 2024-08-21 14:58:35) <-- (may instantiate this module)
                        D:\libero_tests\ABFN_UART_GPIO_MSS_int\component\work\ABFN_UART_GPIO_INT_MSS_sb\FABOSC_0\ABFN_UART_GPIO_INT_MSS_sb_FABOSC_0_OSC.v (N/A, 2024-08-21 14:58:35) <-- (may instantiate this module)
8        work.RCOSC_1MHZ_FAB.verilog may have changed because the following files changed:
                        D:\libero_tests\ABFN_UART_GPIO_MSS_int\component\Actel\SgCore\OSC\2.0.101\osc_comps.v (N/A, 2024-07-09 11:44:48) <-- (module definition)
                        D:\libero_tests\ABFN_UART_GPIO_MSS_int\component\work\ABFN_UART_GPIO_INT_MSS\ABFN_UART_GPIO_INT_MSS.v (N/A, 2024-08-21 14:59:09) <-- (may instantiate this module)
                        D:\libero_tests\ABFN_UART_GPIO_MSS_int\component\work\ABFN_UART_GPIO_INT_MSS_sb\ABFN_UART_GPIO_INT_MSS_sb.v (N/A, 2024-08-21 14:58:35) <-- (may instantiate this module)
                        D:\libero_tests\ABFN_UART_GPIO_MSS_int\component\work\ABFN_UART_GPIO_INT_MSS_sb\FABOSC_0\ABFN_UART_GPIO_INT_MSS_sb_FABOSC_0_OSC.v (N/A, 2024-08-21 14:58:35) <-- (may instantiate this module)
9        work.RCOSC_25_50MHZ.verilog may have changed because the following files changed:
                        D:\libero_tests\ABFN_UART_GPIO_MSS_int\component\Actel\SgCore\OSC\2.0.101\osc_comps.v (N/A, 2024-07-09 11:44:48) <-- (module definition)
                        D:\libero_tests\ABFN_UART_GPIO_MSS_int\component\work\ABFN_UART_GPIO_INT_MSS\ABFN_UART_GPIO_INT_MSS.v (N/A, 2024-08-21 14:59:09) <-- (may instantiate this module)
                        D:\libero_tests\ABFN_UART_GPIO_MSS_int\component\work\ABFN_UART_GPIO_INT_MSS_sb\ABFN_UART_GPIO_INT_MSS_sb.v (N/A, 2024-08-21 14:58:35) <-- (may instantiate this module)
                        D:\libero_tests\ABFN_UART_GPIO_MSS_int\component\work\ABFN_UART_GPIO_INT_MSS_sb\FABOSC_0\ABFN_UART_GPIO_INT_MSS_sb_FABOSC_0_OSC.v (N/A, 2024-08-21 14:58:35) <-- (may instantiate this module)
10       work.RCOSC_25_50MHZ_FAB.verilog may have changed because the following files changed:
                        D:\libero_tests\ABFN_UART_GPIO_MSS_int\component\Actel\SgCore\OSC\2.0.101\osc_comps.v (N/A, 2024-07-09 11:44:48) <-- (module definition)
                        D:\libero_tests\ABFN_UART_GPIO_MSS_int\component\work\ABFN_UART_GPIO_INT_MSS\ABFN_UART_GPIO_INT_MSS.v (N/A, 2024-08-21 14:59:09) <-- (may instantiate this module)
                        D:\libero_tests\ABFN_UART_GPIO_MSS_int\component\work\ABFN_UART_GPIO_INT_MSS_sb\ABFN_UART_GPIO_INT_MSS_sb.v (N/A, 2024-08-21 14:58:35) <-- (may instantiate this module)
                        D:\libero_tests\ABFN_UART_GPIO_MSS_int\component\work\ABFN_UART_GPIO_INT_MSS_sb\FABOSC_0\ABFN_UART_GPIO_INT_MSS_sb_FABOSC_0_OSC.v (N/A, 2024-08-21 14:58:35) <-- (may instantiate this module)
11       work.XTLOSC.verilog may have changed because the following files changed:
                        D:\libero_tests\ABFN_UART_GPIO_MSS_int\component\Actel\SgCore\OSC\2.0.101\osc_comps.v (N/A, 2024-07-09 11:44:48) <-- (module definition)
                        D:\libero_tests\ABFN_UART_GPIO_MSS_int\component\work\ABFN_UART_GPIO_INT_MSS\ABFN_UART_GPIO_INT_MSS.v (N/A, 2024-08-21 14:59:09) <-- (may instantiate this module)
                        D:\libero_tests\ABFN_UART_GPIO_MSS_int\component\work\ABFN_UART_GPIO_INT_MSS_sb\ABFN_UART_GPIO_INT_MSS_sb.v (N/A, 2024-08-21 14:58:35) <-- (may instantiate this module)
                        D:\libero_tests\ABFN_UART_GPIO_MSS_int\component\work\ABFN_UART_GPIO_INT_MSS_sb\FABOSC_0\ABFN_UART_GPIO_INT_MSS_sb_FABOSC_0_OSC.v (N/A, 2024-08-21 14:58:35) <-- (may instantiate this module)
12       work.XTLOSC_FAB.verilog may have changed because the following files changed:
                        D:\libero_tests\ABFN_UART_GPIO_MSS_int\component\Actel\SgCore\OSC\2.0.101\osc_comps.v (N/A, 2024-07-09 11:44:48) <-- (module definition)
                        D:\libero_tests\ABFN_UART_GPIO_MSS_int\component\work\ABFN_UART_GPIO_INT_MSS\ABFN_UART_GPIO_INT_MSS.v (N/A, 2024-08-21 14:59:09) <-- (may instantiate this module)
                        D:\libero_tests\ABFN_UART_GPIO_MSS_int\component\work\ABFN_UART_GPIO_INT_MSS_sb\ABFN_UART_GPIO_INT_MSS_sb.v (N/A, 2024-08-21 14:58:35) <-- (may instantiate this module)
                        D:\libero_tests\ABFN_UART_GPIO_MSS_int\component\work\ABFN_UART_GPIO_INT_MSS_sb\FABOSC_0\ABFN_UART_GPIO_INT_MSS_sb_FABOSC_0_OSC.v (N/A, 2024-08-21 14:58:35) <-- (may instantiate this module)
13       work.coreresetp_pcie_hotreset.verilog may have changed because the following files changed:
                        D:\libero_tests\ABFN_UART_GPIO_MSS_int\component\Actel\DirectCore\CoreResetP\7.1.100\rtl\vlog\core\coreresetp.v (N/A, 2024-08-16 11:56:28) <-- (may instantiate this module)
                        D:\libero_tests\ABFN_UART_GPIO_MSS_int\component\Actel\DirectCore\CoreResetP\7.1.100\rtl\vlog\core\coreresetp_pcie_hotreset.v (N/A, 2024-08-16 11:56:28) <-- (module definition)
                        D:\libero_tests\ABFN_UART_GPIO_MSS_int\component\work\ABFN_UART_GPIO_INT_MSS\ABFN_UART_GPIO_INT_MSS.v (N/A, 2024-08-21 14:59:09) <-- (may instantiate this module)
                        D:\libero_tests\ABFN_UART_GPIO_MSS_int\component\work\ABFN_UART_GPIO_INT_MSS_sb\ABFN_UART_GPIO_INT_MSS_sb.v (N/A, 2024-08-21 14:58:35) <-- (may instantiate this module)

*******************************************************************
Unmodified files: 0
FID:  path (timestamp)

*******************************************************************
Unchanged modules: 0
MID:  lib.cell.view
