
Copyright (C) 1994-2023 Synopsys, Inc.
This Synopsys software and all associated documentation are proprietary to Synopsys, Inc.
and may only be used pursuant to the terms and conditions of a written license agreement
with Synopsys, Inc. All other use, reproduction, modification, or distribution of the
Synopsys software or the associated documentation is strictly prohibited.
Tool: Synplify Pro (R)
Build: V-2023.09M
Install: C:\Microchip\Libero_SoC_v2024.1\SynplifyPro
OS: Windows 10 or later
Hostname: DESKTOP-9J7KET5

Implementation : synthesis

# Written on Wed Aug 28 11:49:52 2024

##### DESIGN INFO #######################################################

Top View:                "TEMP"
Constraint File(s):      "D:\libero_tests\CORE_I2C_TEMP\designer\TEMP\synthesis.fdc"




##### SUMMARY ############################################################

Found 4 issues in 3 out of 8 constraints


##### DETAILS ############################################################



Clock Relationships
*******************

Starting                                       Ending                                         |     rise to rise     |     fall to fall     |     rise to fall     |     fall to rise                     
---------------------------------------------------------------------------------------------------------------------------------------------------------------------------------------------------------
TEMP_sb_0/FABOSC_0/I_RCOSC_25_50MHZ/CLKOUT     TEMP_sb_0/FABOSC_0/I_RCOSC_25_50MHZ/CLKOUT     |     20.000           |     No paths         |     No paths         |     No paths                         
TEMP_sb_0/FABOSC_0/I_RCOSC_25_50MHZ/CLKOUT     TEMP_sb_0/CCC_0/GL0                            |     20.000           |     No paths         |     No paths         |     No paths                         
TEMP_sb_0/CCC_0/GL0                            TEMP_sb_0/FABOSC_0/I_RCOSC_25_50MHZ/CLKOUT     |     20.000           |     No paths         |     No paths         |     No paths                         
TEMP_sb_0/CCC_0/GL0                            TEMP_sb_0/CCC_0/GL0                            |     40.000           |     No paths         |     No paths         |     No paths                         
=========================================================================================================================================================================================================
 Note: 'No paths' indicates there are no paths in the design for that pair of clock edges.
       'Diff grp' indicates that paths exist but the starting clock and ending clock are in different clock groups.


Unconstrained Start/End Points
******************************

p:COREI2C_0_0_SCL_IO (bidir end point)
p:COREI2C_0_0_SCL_IO (bidir start point)
p:COREI2C_0_0_SDA_IO (bidir end point)
p:COREI2C_0_0_SDA_IO (bidir start point)
p:DEVRST_N
p:I2C_1_SCL (bidir end point)
p:I2C_1_SCL (bidir start point)
p:I2C_1_SDA (bidir end point)
p:I2C_1_SDA (bidir start point)


Inapplicable constraints
************************

set_false_path -through [get_nets { TEMP_sb_0.CORERESETP_0.CONFIG1_DONE TEMP_sb_0.CORERESETP_0.CONFIG2_DONE TEMP_sb_0.CORERESETP_0.SDIF*_PERST_N TEMP_sb_0.CORERESETP_0.SDIF*_PSEL TEMP_sb_0.CORERESETP_0.SDIF*_PWRITE TEMP_sb_0.CORERESETP_0.SDIF*_PRDATA[*] TEMP_sb_0.CORERESETP_0.SOFT_EXT_RESET_OUT TEMP_sb_0.CORERESETP_0.SOFT_RESET_F2M TEMP_sb_0.CORERESETP_0.SOFT_M3_RESET TEMP_sb_0.CORERESETP_0.SOFT_MDDR_DDR_AXI_S_CORE_RESET TEMP_sb_0.CORERESETP_0.SOFT_FDDR_CORE_RESET TEMP_sb_0.CORERESETP_0.SOFT_SDIF*_PHY_RESET TEMP_sb_0.CORERESETP_0.SOFT_SDIF*_CORE_RESET TEMP_sb_0.CORERESETP_0.SOFT_SDIF0_0_CORE_RESET TEMP_sb_0.CORERESETP_0.SOFT_SDIF0_1_CORE_RESET }]
	@E::"d:/libero_tests/core_i2c_temp/designer/temp/synthesis.fdc":12:0:12:0|Timing constraint (through [get_nets { TEMP_sb_0.CORERESETP_0.CONFIG1_DONE TEMP_sb_0.CORERESETP_0.CONFIG2_DONE TEMP_sb_0.CORERESETP_0.SDIF*_PERST_N TEMP_sb_0.CORERESETP_0.SDIF*_PSEL TEMP_sb_0.CORERESETP_0.SDIF*_PWRITE TEMP_sb_0.CORERESETP_0.SDIF*_PRDATA[*] TEMP_sb_0.CORERESETP_0.SOFT_EXT_RESET_OUT TEMP_sb_0.CORERESETP_0.SOFT_RESET_F2M TEMP_sb_0.CORERESETP_0.SOFT_M3_RESET TEMP_sb_0.CORERESETP_0.SOFT_MDDR_DDR_AXI_S_CORE_RESET TEMP_sb_0.CORERESETP_0.SOFT_FDDR_CORE_RESET TEMP_sb_0.CORERESETP_0.SOFT_SDIF*_PHY_RESET TEMP_sb_0.CORERESETP_0.SOFT_SDIF*_CORE_RESET TEMP_sb_0.CORERESETP_0.SOFT_SDIF0_0_CORE_RESET TEMP_sb_0.CORERESETP_0.SOFT_SDIF0_1_CORE_RESET }]) (false path) was not applied to the design because all of the '-through' objects specified by the constraint are driven by constants
	@E:MF1038:"d:/libero_tests/core_i2c_temp/designer/temp/synthesis.fdc":12:0:12:0|collection "[get_nets { TEMP_sb_0.CORERESETP_0.CONFIG1_DONE TEMP_sb_0.CORERESETP_0.CONFIG2_DONE TEMP_sb_0.CORERESETP_0.SDIF*_PERST_N TEMP_sb_0.CORERESETP_0.SDIF*_PSEL TEMP_sb_0.CORERESETP_0.SDIF*_PWRITE TEMP_sb_0.CORERESETP_0.SDIF*_PRDATA[*] TEMP_sb_0.CORERESETP_0.SOFT_EXT_RESET_OUT TEMP_sb_0.CORERESETP_0.SOFT_RESET_F2M TEMP_sb_0.CORERESETP_0.SOFT_M3_RESET TEMP_sb_0.CORERESETP_0.SOFT_MDDR_DDR_AXI_S_CORE_RESET TEMP_sb_0.CORERESETP_0.SOFT_FDDR_CORE_RESET TEMP_sb_0.CORERESETP_0.SOFT_SDIF*_PHY_RESET TEMP_sb_0.CORERESETP_0.SOFT_SDIF*_CORE_RESET TEMP_sb_0.CORERESETP_0.SOFT_SDIF0_0_CORE_RESET TEMP_sb_0.CORERESETP_0.SOFT_SDIF0_1_CORE_RESET }]" contains only objects driven by constants

Applicable constraints with issues
**********************************

create_generated_clock -name TEMP_sb_0/CCC_0/GL0 -multiply_by 2 -divide_by 4 -source [get_pins { TEMP_sb_0.CCC_0.CCC_INST.RCOSC_25_50MHZ }] [get_pins { TEMP_sb_0.CCC_0.CCC_INST.GL0 }]
	@W:MT688:"d:/libero_tests/core_i2c_temp/designer/temp/synthesis.fdc":8:0:8:0|No path from master pin (-source) to source of clock TEMP_sb_0/CCC_0/GL0 due to black box TEMP_sb_0.CCC_0.CCC_INST
set_false_path -through [get_pins { TEMP_sb_0.TEMP_sb_MSS_0.MSS_ADLIB_INST.CONFIG_PRESET_N }]
	@W::"d:/libero_tests/core_i2c_temp/designer/temp/synthesis.fdc":13:0:13:0|Timing constraint (through [get_pins { TEMP_sb_0.TEMP_sb_MSS_0.MSS_ADLIB_INST.CONFIG_PRESET_N }]) (false path) was not applied to the design because none of the paths specified by the constraint exist in the design

Constraints with matching wildcard expressions
**********************************************

set_false_path -from [get_cells { TEMP_sb_0.CORERESETP_0.MSS_HPMS_READY_int TEMP_sb_0.CORERESETP_0.SDIF*_PERST_N_re }] -to [get_cells { TEMP_sb_0.CORERESETP_0.sdif*_areset_n_rcosc* }]
	@N:MF891:"d:/libero_tests/core_i2c_temp/designer/temp/synthesis.fdc":11:0:11:0|expression "[get_cells { TEMP_sb_0.CORERESETP_0.MSS_HPMS_READY_int TEMP_sb_0.CORERESETP_0.SDIF*_PERST_N_re }]" applies to objects:
		TEMP_sb_0.CORERESETP_0.MSS_HPMS_READY_int
	@N:MF891:"d:/libero_tests/core_i2c_temp/designer/temp/synthesis.fdc":11:0:11:0|expression "[get_cells { TEMP_sb_0.CORERESETP_0.sdif*_areset_n_rcosc* }]" applies to objects:
		TEMP_sb_0.CORERESETP_0.sdif0_areset_n_rcosc
		TEMP_sb_0.CORERESETP_0.sdif0_areset_n_rcosc_arst
		TEMP_sb_0.CORERESETP_0.sdif0_areset_n_rcosc_arst_i
		TEMP_sb_0.CORERESETP_0.sdif0_areset_n_rcosc_q1
		TEMP_sb_0.CORERESETP_0.sdif1_areset_n_rcosc
		TEMP_sb_0.CORERESETP_0.sdif1_areset_n_rcosc_arst
		TEMP_sb_0.CORERESETP_0.sdif1_areset_n_rcosc_arst_i
		TEMP_sb_0.CORERESETP_0.sdif1_areset_n_rcosc_q1
		TEMP_sb_0.CORERESETP_0.sdif2_areset_n_rcosc
		TEMP_sb_0.CORERESETP_0.sdif2_areset_n_rcosc_arst
		TEMP_sb_0.CORERESETP_0.sdif2_areset_n_rcosc_arst_i
		TEMP_sb_0.CORERESETP_0.sdif2_areset_n_rcosc_q1
		TEMP_sb_0.CORERESETP_0.sdif3_areset_n_rcosc
		TEMP_sb_0.CORERESETP_0.sdif3_areset_n_rcosc_arst
		TEMP_sb_0.CORERESETP_0.sdif3_areset_n_rcosc_arst_i
		TEMP_sb_0.CORERESETP_0.sdif3_areset_n_rcosc_q1
set_false_path -through [get_nets { TEMP_sb_0.CORERESETP_0.ddr_settled TEMP_sb_0.CORERESETP_0.count_ddr_enable TEMP_sb_0.CORERESETP_0.release_sdif*_core TEMP_sb_0.CORERESETP_0.count_sdif*_enable }]
	@N:MF891:"d:/libero_tests/core_i2c_temp/designer/temp/synthesis.fdc":9:0:9:0|expression "[get_nets { TEMP_sb_0.CORERESETP_0.ddr_settled TEMP_sb_0.CORERESETP_0.count_ddr_enable TEMP_sb_0.CORERESETP_0.release_sdif*_core TEMP_sb_0.CORERESETP_0.count_sdif*_enable }]" applies to objects:
		TEMP_sb_0.CORERESETP_0.ddr_settled
		TEMP_sb_0.CORERESETP_0.release_sdif0_core
		TEMP_sb_0.CORERESETP_0.release_sdif1_core
		TEMP_sb_0.CORERESETP_0.release_sdif2_core
		TEMP_sb_0.CORERESETP_0.release_sdif3_core

Library Report
**************


# End of Constraint Checker Report
