Resource Usage Report for GPIOOOO 

Mapping to part: m2s005vf400std
Cell usage:
CLKINT          2 uses
MSS_005         1 use
RCOSC_25_50MHZ  1 use
RCOSC_25_50MHZ_FAB  1 use
SYSRESET        1 use
CFG2           14 uses
CFG3           22 uses
CFG4           34 uses


Sequential Cells: 
SLE            32 uses

DSP Blocks:    0 of 11 (0%)

I/O ports: 5
I/O primitives: 4
INBUF          2 uses
OUTBUF         2 uses


Global Clock Buffers: 2

Total LUTs:    70

Extra resources required for RAM and MACC interface logic during P&R:

RAM64x18 Interface Logic : SLEs = 0; LUTs = 0;
RAM1K18  Interface Logic : SLEs = 0; LUTs = 0;
MACC     Interface Logic : SLEs = 0; LUTs = 0;

Total number of SLEs after P&R:  32 + 0 + 0 + 0 = 32;
Total number of LUTs after P&R:  70 + 0 + 0 + 0 = 70;

