********************************************************************
I/O Bank Report - Date: Tue Aug 27 11:31:01 2024
Product: Designer
Release: v2024.1
Version: 2024.1.0.3
Design Name: MSS_sys_i2c_sb
Family: SmartFusion2
Die: M2S005
Package: 400 VF
********************************************************************


I/O Function:

    Type                                  | w/o register  | w/ register  | w/ DDR register
    --------------------------------------|---------------|--------------|----------------
    Input I/O                             | 1             | 0            | 0
    Output I/O                            | 6             | 0            | 0
    Bidirectional I/O                     | 4             | 0            | 0
    Differential Input I/O Pairs          | 0             | 0            | 0
    Differential Output I/O Pairs         | 0             | 0            | 0

I/O Technology:

                                    |   Voltages    |             I/Os              
    --------------------------------|-------|-------|-------|--------|--------------
    I/O Standard(s)                 | Vddi  | Vref  | Input | Output | Bidirectional
    --------------------------------|-------|-------|-------|--------|--------------
    LVCMOS33                        | 3.30v | N/A   | 1     | 6      | 4            

I/O Bank Resource Usage:

          |   Voltages    | Single I/Os  | Diff I/O Pairs |        Vref I/Os        |  Type   
          |-------|-------|------|-------|-------|--------|------|-------|----------|---------
          | Vddi  | Vref  | Used | Total | Used  | Total  | Used | Total | Vref Pins|         
    ------|-------|-------|------|-------|-------|--------|------|-------|----------|---------
    Bank0 | N/A   | N/A   | 0    | 64    | 0     | 32     | N/A  | N/A   | N/A      | DDRIO   
    Bank1 | 3.30v | N/A   | 3    | 9     | 0     | 4      | N/A  | N/A   | N/A      | MSIO    
    Bank2 | 3.30v | N/A   | 7    | 24    | 0     | 12     | N/A  | N/A   | N/A      | MSIO    
    Bank3 | N/A   | N/A   | 0    | 0     | 0     | 0      | N/A  | N/A   | N/A      | JTAG    
    Bank4 | N/A   | N/A   | 0    | 24    | 0     | 12     | N/A  | N/A   | N/A      | MSIO    
    Bank5 | N/A   | N/A   | 0    | 28    | 0     | 14     | N/A  | N/A   | N/A      | MSIOD   
    Bank6 | 3.30v | N/A   | 1    | 22    | 0     | 11     | N/A  | N/A   | N/A      | MSIO    

I/O Voltage Usage:

       Voltages    |     I/Os     
    -------|-------|------|-------
     Vddi  | Vref  | Used | Total 
    -------|-------|------|-------
     3.30v | N/A   | 11   | 55    

