
Copyright (C) 1994-2023 Synopsys, Inc.
This Synopsys software and all associated documentation are proprietary to Synopsys, Inc.
and may only be used pursuant to the terms and conditions of a written license agreement
with Synopsys, Inc. All other use, reproduction, modification, or distribution of the
Synopsys software or the associated documentation is strictly prohibited.
Tool: Synplify Pro (R)
Build: V-2023.09M
Install: C:\Microchip\Libero_SoC_v2024.1\SynplifyPro
OS: Windows 10 or later
Hostname: DESKTOP-9J7KET5

Implementation : synthesis
Synopsys HDL compiler and linker, Version comp202309synp1, Build 146R, Built Jan  4 2024 08:15:03, @

Modified Files: 30
FID:  path (prevtimestamp, timestamp)
19       D:\libero_tests\CORE_I2C_TEMP - Copy\component\Actel\DirectCore\COREI2C\7.0.102\rtl\vlog\core_obfuscated\corei2c.v (2024-08-28 11:08:40, N/A)
20       D:\libero_tests\CORE_I2C_TEMP - Copy\component\Actel\DirectCore\COREI2C\7.0.102\rtl\vlog\core_obfuscated\corei2creal.v (2024-08-28 11:08:40, N/A)
21       D:\libero_tests\CORE_I2C_TEMP - Copy\component\Actel\DirectCore\CoreAPB3\4.1.100\rtl\vlog\core\coreapb3.v (2024-08-16 14:57:39, N/A)
22       D:\libero_tests\CORE_I2C_TEMP - Copy\component\Actel\DirectCore\CoreAPB3\4.1.100\rtl\vlog\core\coreapb3_iaddr_reg.v (2024-08-16 14:57:39, N/A)
23       D:\libero_tests\CORE_I2C_TEMP - Copy\component\Actel\DirectCore\CoreAPB3\4.1.100\rtl\vlog\core\coreapb3_muxptob3.v (2024-08-16 14:57:39, N/A)
24       D:\libero_tests\CORE_I2C_TEMP - Copy\component\Actel\DirectCore\CoreGPIO\3.0.120\rtl\vlog\core\coregpio.v (2024-08-19 10:23:02, N/A)
25       D:\libero_tests\CORE_I2C_TEMP - Copy\component\Actel\DirectCore\CoreResetP\7.1.100\rtl\vlog\core\coreresetp.v (2024-08-16 11:56:28, N/A)
26       D:\libero_tests\CORE_I2C_TEMP - Copy\component\Actel\DirectCore\CoreResetP\7.1.100\rtl\vlog\core\coreresetp_pcie_hotreset.v (2024-08-16 11:56:28, N/A)
27       D:\libero_tests\CORE_I2C_TEMP - Copy\component\Actel\SgCore\OSC\2.0.101\osc_comps.v (2024-07-09 11:44:48, N/A)
28       D:\libero_tests\CORE_I2C_TEMP - Copy\component\work\TEMP\TEMP.v (2024-08-28 14:30:31, N/A)
29       D:\libero_tests\CORE_I2C_TEMP - Copy\component\work\TEMP_sb\CCC_0\TEMP_sb_CCC_0_FCCC.v (2024-08-28 14:29:03, N/A)
30       D:\libero_tests\CORE_I2C_TEMP - Copy\component\work\TEMP_sb\FABOSC_0\TEMP_sb_FABOSC_0_OSC.v (2024-08-28 14:29:03, N/A)
31       D:\libero_tests\CORE_I2C_TEMP - Copy\component\work\TEMP_sb\TEMP_sb.v (2024-08-28 14:29:03, N/A)
32       D:\libero_tests\CORE_I2C_TEMP - Copy\component\work\TEMP_sb_MSS\TEMP_sb_MSS.v (2024-08-28 14:29:01, N/A)
33       D:\libero_tests\CORE_I2C_TEMP - Copy\component\work\TEMP_sb_MSS\TEMP_sb_MSS_syn.v (2024-08-28 14:29:01, N/A)
34       D:\libero_tests\CORE_I2C_TEMP_alert_int_gpio\component\Actel\DirectCore\COREI2C\7.0.102\rtl\vlog\core_obfuscated\corei2c.v (N/A, 2024-08-28 11:08:40)
35       D:\libero_tests\CORE_I2C_TEMP_alert_int_gpio\component\Actel\DirectCore\COREI2C\7.0.102\rtl\vlog\core_obfuscated\corei2creal.v (N/A, 2024-08-28 11:08:40)
36       D:\libero_tests\CORE_I2C_TEMP_alert_int_gpio\component\Actel\DirectCore\CoreAPB3\4.1.100\rtl\vlog\core\coreapb3.v (N/A, 2024-08-16 14:57:39)
37       D:\libero_tests\CORE_I2C_TEMP_alert_int_gpio\component\Actel\DirectCore\CoreAPB3\4.1.100\rtl\vlog\core\coreapb3_iaddr_reg.v (N/A, 2024-08-16 14:57:39)
38       D:\libero_tests\CORE_I2C_TEMP_alert_int_gpio\component\Actel\DirectCore\CoreAPB3\4.1.100\rtl\vlog\core\coreapb3_muxptob3.v (N/A, 2024-08-16 14:57:39)
39       D:\libero_tests\CORE_I2C_TEMP_alert_int_gpio\component\Actel\DirectCore\CoreGPIO\3.0.120\rtl\vlog\core\coregpio.v (N/A, 2024-08-19 10:23:02)
40       D:\libero_tests\CORE_I2C_TEMP_alert_int_gpio\component\Actel\DirectCore\CoreResetP\7.1.100\rtl\vlog\core\coreresetp.v (N/A, 2024-08-16 11:56:28)
41       D:\libero_tests\CORE_I2C_TEMP_alert_int_gpio\component\Actel\DirectCore\CoreResetP\7.1.100\rtl\vlog\core\coreresetp_pcie_hotreset.v (N/A, 2024-08-16 11:56:28)
42       D:\libero_tests\CORE_I2C_TEMP_alert_int_gpio\component\Actel\SgCore\OSC\2.0.101\osc_comps.v (N/A, 2024-07-09 11:44:48)
43       D:\libero_tests\CORE_I2C_TEMP_alert_int_gpio\component\work\TEMP\TEMP.v (N/A, 2024-08-29 10:45:44)
44       D:\libero_tests\CORE_I2C_TEMP_alert_int_gpio\component\work\TEMP_sb\CCC_0\TEMP_sb_CCC_0_FCCC.v (N/A, 2024-08-29 10:41:50)
45       D:\libero_tests\CORE_I2C_TEMP_alert_int_gpio\component\work\TEMP_sb\FABOSC_0\TEMP_sb_FABOSC_0_OSC.v (N/A, 2024-08-29 10:41:52)
46       D:\libero_tests\CORE_I2C_TEMP_alert_int_gpio\component\work\TEMP_sb\TEMP_sb.v (N/A, 2024-08-29 10:41:52)
47       D:\libero_tests\CORE_I2C_TEMP_alert_int_gpio\component\work\TEMP_sb_MSS\TEMP_sb_MSS.v (N/A, 2024-08-29 10:41:47)
48       D:\libero_tests\CORE_I2C_TEMP_alert_int_gpio\component\work\TEMP_sb_MSS\TEMP_sb_MSS_syn.v (N/A, 2024-08-29 10:41:47)

*******************************************************************
Modules that may have changed as a result of file changes: 20
MID:  lib.cell.view
0        COREAPB3_LIB.COREAPB3_MUXPTOB3.verilog may have changed because the following files changed:
                        D:\libero_tests\CORE_I2C_TEMP_alert_int_gpio\component\Actel\DirectCore\CoreAPB3\4.1.100\rtl\vlog\core\coreapb3.v (N/A, 2024-08-16 14:57:39) <-- (may instantiate this module)
                        D:\libero_tests\CORE_I2C_TEMP_alert_int_gpio\component\Actel\DirectCore\CoreAPB3\4.1.100\rtl\vlog\core\coreapb3_muxptob3.v (N/A, 2024-08-16 14:57:39) <-- (module definition)
                        D:\libero_tests\CORE_I2C_TEMP_alert_int_gpio\component\work\TEMP\TEMP.v (N/A, 2024-08-29 10:45:44) <-- (may instantiate this module)
                        D:\libero_tests\CORE_I2C_TEMP_alert_int_gpio\component\work\TEMP_sb\TEMP_sb.v (N/A, 2024-08-29 10:41:52) <-- (may instantiate this module)
1        COREAPB3_LIB.CoreAPB3.verilog may have changed because the following files changed:
                        D:\libero_tests\CORE_I2C_TEMP_alert_int_gpio\component\Actel\DirectCore\CoreAPB3\4.1.100\rtl\vlog\core\coreapb3.v (N/A, 2024-08-16 14:57:39) <-- (module definition)
                        D:\libero_tests\CORE_I2C_TEMP_alert_int_gpio\component\work\TEMP\TEMP.v (N/A, 2024-08-29 10:45:44) <-- (may instantiate this module)
                        D:\libero_tests\CORE_I2C_TEMP_alert_int_gpio\component\work\TEMP_sb\TEMP_sb.v (N/A, 2024-08-29 10:41:52) <-- (may instantiate this module)
2        COREAPB3_LIB.coreapb3_iaddr_reg.verilog may have changed because the following files changed:
                        D:\libero_tests\CORE_I2C_TEMP_alert_int_gpio\component\Actel\DirectCore\CoreAPB3\4.1.100\rtl\vlog\core\coreapb3.v (N/A, 2024-08-16 14:57:39) <-- (may instantiate this module)
                        D:\libero_tests\CORE_I2C_TEMP_alert_int_gpio\component\Actel\DirectCore\CoreAPB3\4.1.100\rtl\vlog\core\coreapb3_iaddr_reg.v (N/A, 2024-08-16 14:57:39) <-- (module definition)
                        D:\libero_tests\CORE_I2C_TEMP_alert_int_gpio\component\work\TEMP\TEMP.v (N/A, 2024-08-29 10:45:44) <-- (may instantiate this module)
                        D:\libero_tests\CORE_I2C_TEMP_alert_int_gpio\component\work\TEMP_sb\TEMP_sb.v (N/A, 2024-08-29 10:41:52) <-- (may instantiate this module)
3        work.COREI2C.verilog may have changed because the following files changed:
                        D:\libero_tests\CORE_I2C_TEMP_alert_int_gpio\component\Actel\DirectCore\COREI2C\7.0.102\rtl\vlog\core_obfuscated\corei2c.v (N/A, 2024-08-28 11:08:40) <-- (module definition)
                        D:\libero_tests\CORE_I2C_TEMP_alert_int_gpio\component\work\TEMP\TEMP.v (N/A, 2024-08-29 10:45:44) <-- (may instantiate this module)
                        D:\libero_tests\CORE_I2C_TEMP_alert_int_gpio\component\work\TEMP_sb\TEMP_sb.v (N/A, 2024-08-29 10:41:52) <-- (may instantiate this module)
4        work.COREI2CREAL.verilog may have changed because the following files changed:
                        D:\libero_tests\CORE_I2C_TEMP_alert_int_gpio\component\Actel\DirectCore\COREI2C\7.0.102\rtl\vlog\core_obfuscated\corei2c.v (N/A, 2024-08-28 11:08:40) <-- (may instantiate this module)
                        D:\libero_tests\CORE_I2C_TEMP_alert_int_gpio\component\Actel\DirectCore\COREI2C\7.0.102\rtl\vlog\core_obfuscated\corei2creal.v (N/A, 2024-08-28 11:08:40) <-- (module definition)
                        D:\libero_tests\CORE_I2C_TEMP_alert_int_gpio\component\work\TEMP\TEMP.v (N/A, 2024-08-29 10:45:44) <-- (may instantiate this module)
                        D:\libero_tests\CORE_I2C_TEMP_alert_int_gpio\component\work\TEMP_sb\TEMP_sb.v (N/A, 2024-08-29 10:41:52) <-- (may instantiate this module)
19       work.CoreGPIO.verilog may have changed because the following files changed:
                        D:\libero_tests\CORE_I2C_TEMP_alert_int_gpio\component\Actel\DirectCore\CoreGPIO\3.0.120\rtl\vlog\core\coregpio.v (N/A, 2024-08-19 10:23:02) <-- (module definition)
                        D:\libero_tests\CORE_I2C_TEMP_alert_int_gpio\component\work\TEMP\TEMP.v (N/A, 2024-08-29 10:45:44) <-- (may instantiate this module)
                        D:\libero_tests\CORE_I2C_TEMP_alert_int_gpio\component\work\TEMP_sb\TEMP_sb.v (N/A, 2024-08-29 10:41:52) <-- (may instantiate this module)
5        work.CoreResetP.verilog may have changed because the following files changed:
                        D:\libero_tests\CORE_I2C_TEMP_alert_int_gpio\component\Actel\DirectCore\CoreResetP\7.1.100\rtl\vlog\core\coreresetp.v (N/A, 2024-08-16 11:56:28) <-- (module definition)
                        D:\libero_tests\CORE_I2C_TEMP_alert_int_gpio\component\work\TEMP\TEMP.v (N/A, 2024-08-29 10:45:44) <-- (may instantiate this module)
                        D:\libero_tests\CORE_I2C_TEMP_alert_int_gpio\component\work\TEMP_sb\TEMP_sb.v (N/A, 2024-08-29 10:41:52) <-- (may instantiate this module)
6        work.MSS_005.verilog may have changed because the following files changed:
                        D:\libero_tests\CORE_I2C_TEMP_alert_int_gpio\component\work\TEMP\TEMP.v (N/A, 2024-08-29 10:45:44) <-- (may instantiate this module)
                        D:\libero_tests\CORE_I2C_TEMP_alert_int_gpio\component\work\TEMP_sb\TEMP_sb.v (N/A, 2024-08-29 10:41:52) <-- (may instantiate this module)
                        D:\libero_tests\CORE_I2C_TEMP_alert_int_gpio\component\work\TEMP_sb_MSS\TEMP_sb_MSS.v (N/A, 2024-08-29 10:41:47) <-- (may instantiate this module)
                        D:\libero_tests\CORE_I2C_TEMP_alert_int_gpio\component\work\TEMP_sb_MSS\TEMP_sb_MSS_syn.v (N/A, 2024-08-29 10:41:47) <-- (module definition)
7        work.RCOSC_1MHZ.verilog may have changed because the following files changed:
                        D:\libero_tests\CORE_I2C_TEMP_alert_int_gpio\component\Actel\SgCore\OSC\2.0.101\osc_comps.v (N/A, 2024-07-09 11:44:48) <-- (module definition)
                        D:\libero_tests\CORE_I2C_TEMP_alert_int_gpio\component\work\TEMP\TEMP.v (N/A, 2024-08-29 10:45:44) <-- (may instantiate this module)
                        D:\libero_tests\CORE_I2C_TEMP_alert_int_gpio\component\work\TEMP_sb\FABOSC_0\TEMP_sb_FABOSC_0_OSC.v (N/A, 2024-08-29 10:41:52) <-- (may instantiate this module)
                        D:\libero_tests\CORE_I2C_TEMP_alert_int_gpio\component\work\TEMP_sb\TEMP_sb.v (N/A, 2024-08-29 10:41:52) <-- (may instantiate this module)
8        work.RCOSC_1MHZ_FAB.verilog may have changed because the following files changed:
                        D:\libero_tests\CORE_I2C_TEMP_alert_int_gpio\component\Actel\SgCore\OSC\2.0.101\osc_comps.v (N/A, 2024-07-09 11:44:48) <-- (module definition)
                        D:\libero_tests\CORE_I2C_TEMP_alert_int_gpio\component\work\TEMP\TEMP.v (N/A, 2024-08-29 10:45:44) <-- (may instantiate this module)
                        D:\libero_tests\CORE_I2C_TEMP_alert_int_gpio\component\work\TEMP_sb\FABOSC_0\TEMP_sb_FABOSC_0_OSC.v (N/A, 2024-08-29 10:41:52) <-- (may instantiate this module)
                        D:\libero_tests\CORE_I2C_TEMP_alert_int_gpio\component\work\TEMP_sb\TEMP_sb.v (N/A, 2024-08-29 10:41:52) <-- (may instantiate this module)
9        work.RCOSC_25_50MHZ.verilog may have changed because the following files changed:
                        D:\libero_tests\CORE_I2C_TEMP_alert_int_gpio\component\Actel\SgCore\OSC\2.0.101\osc_comps.v (N/A, 2024-07-09 11:44:48) <-- (module definition)
                        D:\libero_tests\CORE_I2C_TEMP_alert_int_gpio\component\work\TEMP\TEMP.v (N/A, 2024-08-29 10:45:44) <-- (may instantiate this module)
                        D:\libero_tests\CORE_I2C_TEMP_alert_int_gpio\component\work\TEMP_sb\FABOSC_0\TEMP_sb_FABOSC_0_OSC.v (N/A, 2024-08-29 10:41:52) <-- (may instantiate this module)
                        D:\libero_tests\CORE_I2C_TEMP_alert_int_gpio\component\work\TEMP_sb\TEMP_sb.v (N/A, 2024-08-29 10:41:52) <-- (may instantiate this module)
10       work.RCOSC_25_50MHZ_FAB.verilog may have changed because the following files changed:
                        D:\libero_tests\CORE_I2C_TEMP_alert_int_gpio\component\Actel\SgCore\OSC\2.0.101\osc_comps.v (N/A, 2024-07-09 11:44:48) <-- (module definition)
                        D:\libero_tests\CORE_I2C_TEMP_alert_int_gpio\component\work\TEMP\TEMP.v (N/A, 2024-08-29 10:45:44) <-- (may instantiate this module)
                        D:\libero_tests\CORE_I2C_TEMP_alert_int_gpio\component\work\TEMP_sb\FABOSC_0\TEMP_sb_FABOSC_0_OSC.v (N/A, 2024-08-29 10:41:52) <-- (may instantiate this module)
                        D:\libero_tests\CORE_I2C_TEMP_alert_int_gpio\component\work\TEMP_sb\TEMP_sb.v (N/A, 2024-08-29 10:41:52) <-- (may instantiate this module)
11       work.TEMP.verilog may have changed because the following files changed:
                        D:\libero_tests\CORE_I2C_TEMP_alert_int_gpio\component\work\TEMP\TEMP.v (N/A, 2024-08-29 10:45:44) <-- (module definition)
12       work.TEMP_sb.verilog may have changed because the following files changed:
                        D:\libero_tests\CORE_I2C_TEMP_alert_int_gpio\component\work\TEMP\TEMP.v (N/A, 2024-08-29 10:45:44) <-- (may instantiate this module)
                        D:\libero_tests\CORE_I2C_TEMP_alert_int_gpio\component\work\TEMP_sb\TEMP_sb.v (N/A, 2024-08-29 10:41:52) <-- (module definition)
13       work.TEMP_sb_CCC_0_FCCC.verilog may have changed because the following files changed:
                        D:\libero_tests\CORE_I2C_TEMP_alert_int_gpio\component\work\TEMP\TEMP.v (N/A, 2024-08-29 10:45:44) <-- (may instantiate this module)
                        D:\libero_tests\CORE_I2C_TEMP_alert_int_gpio\component\work\TEMP_sb\CCC_0\TEMP_sb_CCC_0_FCCC.v (N/A, 2024-08-29 10:41:50) <-- (module definition)
                        D:\libero_tests\CORE_I2C_TEMP_alert_int_gpio\component\work\TEMP_sb\TEMP_sb.v (N/A, 2024-08-29 10:41:52) <-- (may instantiate this module)
14       work.TEMP_sb_FABOSC_0_OSC.verilog may have changed because the following files changed:
                        D:\libero_tests\CORE_I2C_TEMP_alert_int_gpio\component\work\TEMP\TEMP.v (N/A, 2024-08-29 10:45:44) <-- (may instantiate this module)
                        D:\libero_tests\CORE_I2C_TEMP_alert_int_gpio\component\work\TEMP_sb\FABOSC_0\TEMP_sb_FABOSC_0_OSC.v (N/A, 2024-08-29 10:41:52) <-- (module definition)
                        D:\libero_tests\CORE_I2C_TEMP_alert_int_gpio\component\work\TEMP_sb\TEMP_sb.v (N/A, 2024-08-29 10:41:52) <-- (may instantiate this module)
15       work.TEMP_sb_MSS.verilog may have changed because the following files changed:
                        D:\libero_tests\CORE_I2C_TEMP_alert_int_gpio\component\work\TEMP\TEMP.v (N/A, 2024-08-29 10:45:44) <-- (may instantiate this module)
                        D:\libero_tests\CORE_I2C_TEMP_alert_int_gpio\component\work\TEMP_sb\TEMP_sb.v (N/A, 2024-08-29 10:41:52) <-- (may instantiate this module)
                        D:\libero_tests\CORE_I2C_TEMP_alert_int_gpio\component\work\TEMP_sb_MSS\TEMP_sb_MSS.v (N/A, 2024-08-29 10:41:47) <-- (module definition)
16       work.XTLOSC.verilog may have changed because the following files changed:
                        D:\libero_tests\CORE_I2C_TEMP_alert_int_gpio\component\Actel\SgCore\OSC\2.0.101\osc_comps.v (N/A, 2024-07-09 11:44:48) <-- (module definition)
                        D:\libero_tests\CORE_I2C_TEMP_alert_int_gpio\component\work\TEMP\TEMP.v (N/A, 2024-08-29 10:45:44) <-- (may instantiate this module)
                        D:\libero_tests\CORE_I2C_TEMP_alert_int_gpio\component\work\TEMP_sb\FABOSC_0\TEMP_sb_FABOSC_0_OSC.v (N/A, 2024-08-29 10:41:52) <-- (may instantiate this module)
                        D:\libero_tests\CORE_I2C_TEMP_alert_int_gpio\component\work\TEMP_sb\TEMP_sb.v (N/A, 2024-08-29 10:41:52) <-- (may instantiate this module)
17       work.XTLOSC_FAB.verilog may have changed because the following files changed:
                        D:\libero_tests\CORE_I2C_TEMP_alert_int_gpio\component\Actel\SgCore\OSC\2.0.101\osc_comps.v (N/A, 2024-07-09 11:44:48) <-- (module definition)
                        D:\libero_tests\CORE_I2C_TEMP_alert_int_gpio\component\work\TEMP\TEMP.v (N/A, 2024-08-29 10:45:44) <-- (may instantiate this module)
                        D:\libero_tests\CORE_I2C_TEMP_alert_int_gpio\component\work\TEMP_sb\FABOSC_0\TEMP_sb_FABOSC_0_OSC.v (N/A, 2024-08-29 10:41:52) <-- (may instantiate this module)
                        D:\libero_tests\CORE_I2C_TEMP_alert_int_gpio\component\work\TEMP_sb\TEMP_sb.v (N/A, 2024-08-29 10:41:52) <-- (may instantiate this module)
18       work.coreresetp_pcie_hotreset.verilog may have changed because the following files changed:
                        D:\libero_tests\CORE_I2C_TEMP_alert_int_gpio\component\Actel\DirectCore\CoreResetP\7.1.100\rtl\vlog\core\coreresetp.v (N/A, 2024-08-16 11:56:28) <-- (may instantiate this module)
                        D:\libero_tests\CORE_I2C_TEMP_alert_int_gpio\component\Actel\DirectCore\CoreResetP\7.1.100\rtl\vlog\core\coreresetp_pcie_hotreset.v (N/A, 2024-08-16 11:56:28) <-- (module definition)
                        D:\libero_tests\CORE_I2C_TEMP_alert_int_gpio\component\work\TEMP\TEMP.v (N/A, 2024-08-29 10:45:44) <-- (may instantiate this module)
                        D:\libero_tests\CORE_I2C_TEMP_alert_int_gpio\component\work\TEMP_sb\TEMP_sb.v (N/A, 2024-08-29 10:41:52) <-- (may instantiate this module)

*******************************************************************
Unmodified files: 5
FID:  path (timestamp)
0        C:\Microchip\Libero_SoC_v2024.1\SynplifyPro\lib\generic\smartfusion2.v (2024-01-04 21:41:02)
1        C:\Microchip\Libero_SoC_v2024.1\SynplifyPro\lib\vlog\hypermods.v (2024-01-04 21:34:40)
2        C:\Microchip\Libero_SoC_v2024.1\SynplifyPro\lib\vlog\scemi_objects.v (2024-01-04 21:34:40)
3        C:\Microchip\Libero_SoC_v2024.1\SynplifyPro\lib\vlog\scemi_pipes.svh (2024-01-04 21:34:40)
4        C:\Microchip\Libero_SoC_v2024.1\SynplifyPro\lib\vlog\umr_capim.v (2024-01-04 21:38:34)

*******************************************************************
Unchanged modules: 0
MID:  lib.cell.view
