Software Version: 2024.1.0.3
Programmer 'S20085DKKI' : JTAG TCK / SPI SCK frequency = 1 MHz
programmer 'S20085DKKI' : FlashPro5
Opened 'D:\libero_tests\I2C_smart_build\designer\MSS_sys_i2c_sb\MSS_sys_i2c_sb_fp\MSS_sys_i2c_sb.pro'
The 'open_project' command succeeded.
Info: Programming is already enabled for device 'M2S005'.
The 'enable_device' command succeeded.
PPD file 'D:/libero_tests/I2C_smart_build/designer/MSS_sys_i2c_sb/MSS_sys_i2c_sb.ppd' has been loaded successfully.
DESIGN : MSS_sys_i2c_sb;  CHECKSUM : E56A;  PDB_VERSION : 1.0
The 'set_programming_file' command succeeded.
The 'set_programming_action' command succeeded.
programmer 'S20085DKKI' : Scan Chain...
Programmer 'S20085DKKI' : JTAG TCK / SPI SCK frequency = 1 MHz
programmer 'S20085DKKI' : Check Chain...
programmer 'S20085DKKI' : Scan and Check Chain PASSED.
Warning: programmer 'S20085DKKI' : device 'M2S005' : Device authentication failure: Failed to validate device certificate.
programmer 'S20085DKKI' : device 'M2S005' : Executing action PROGRAM
Programmer 'S20085DKKI' : JTAG TCK / SPI SCK frequency = 4 MHz
programmer 'S20085DKKI' : device 'M2S005' : Programming Interface Protocol: JTAG
programmer 'S20085DKKI' : device 'M2S005' : EXPORT ISC_ENABLE_RESULT[32] = 007b6544
programmer 'S20085DKKI' : device 'M2S005' : EXPORT CRCERR[1] = 0
programmer 'S20085DKKI' : device 'M2S005' : EXPORT EDCERR[1] = 0
programmer 'S20085DKKI' : device 'M2S005' : Programming FPGA Array...
programmer 'S20085DKKI' : device 'M2S005' : EXPORT Fabric component digest[256] = 4b123173c9abc42881298e711a7facf0d0160cb175f3639e1daa15f10e40c813
programmer 'S20085DKKI' : device 'M2S005' : ===================================================================================
programmer 'S20085DKKI' : device 'M2S005' : EXPORT DSN[128] = 6d8a0b878e54cb45699b7d3edc54eb1a
programmer 'S20085DKKI' : device 'M2S005' : ===================================================================================
programmer 'S20085DKKI' : device 'M2S005' : Finished: Tue Aug 27 11:53:42 2024 (Elapsed time 00:00:19)
programmer 'S20085DKKI' : device 'M2S005' : Executing action PROGRAM PASSED.
programmer 'S20085DKKI' : Chain programming PASSED.
Chain Programming Finished: Tue Aug 27 11:53:42 2024 (Elapsed time 00:00:19)

                        o - o - o - o - o - o

The 'run_selected_actions' command succeeded.
Project saved.
The 'save_project' command succeeded.
Project closed.
The 'close_project' command succeeded.
The Execute Script command succeeded.
