
Copyright (C) 1994-2023 Synopsys, Inc.
This Synopsys software and all associated documentation are proprietary to Synopsys, Inc.
and may only be used pursuant to the terms and conditions of a written license agreement
with Synopsys, Inc. All other use, reproduction, modification, or distribution of the
Synopsys software or the associated documentation is strictly prohibited.
Tool: Synplify Pro (R)
Build: V-2023.09M
Install: C:\Microchip\Libero_SoC_v2024.1\SynplifyPro
OS: Windows 10 or later
Hostname: DESKTOP-9J7KET5

Implementation : synthesis

# Written on Fri Aug 23 16:34:30 2024

##### DESIGN INFO #######################################################

Top View:                "GPIOOOO"
Constraint File(s):      "D:\libero_tests\DUMMY_GPIO_MSS\designer\GPIOOOO\synthesis.fdc"




##### SUMMARY ############################################################

Found 0 issues in 0 out of 2 constraints


##### DETAILS ############################################################



Clock Relationships
*******************

Starting                                      Ending                                        |     rise to rise     |     fall to fall     |     rise to fall     |     fall to rise                     
-------------------------------------------------------------------------------------------------------------------------------------------------------------------------------------------------------
OSC_C0_0/OSC_C0_0/I_RCOSC_25_50MHZ/CLKOUT     OSC_C0_0/OSC_C0_0/I_RCOSC_25_50MHZ/CLKOUT     |     20.000           |     No paths         |     No paths         |     No paths                         
=======================================================================================================================================================================================================
 Note: 'No paths' indicates there are no paths in the design for that pair of clock edges.
       'Diff grp' indicates that paths exist but the starting clock and ending clock are in different clock groups.


Unconstrained Start/End Points
******************************

p:DEVRST_N
p:GPIO_IN[0]
p:GPIO_IN[1]
p:GPIO_OUT[0]
p:GPIO_OUT[1]


Inapplicable constraints
************************

(none)


Applicable constraints with issues
**********************************

(none)


Constraints with matching wildcard expressions
**********************************************

(none)


Library Report
**************


# End of Constraint Checker Report
