
Copyright (C) 1994-2023 Synopsys, Inc.
This Synopsys software and all associated documentation are proprietary to Synopsys, Inc.
and may only be used pursuant to the terms and conditions of a written license agreement
with Synopsys, Inc. All other use, reproduction, modification, or distribution of the
Synopsys software or the associated documentation is strictly prohibited.
Tool: Synplify Pro (R)
Build: V-2023.09M
Install: C:\Microchip\Libero_SoC_v2024.1\SynplifyPro
OS: Windows 10 or later
Hostname: DESKTOP-9J7KET5

Implementation : synthesis

# Written on Mon Aug 26 11:01:58 2024

##### DESIGN INFO #######################################################

Top View:                "IIC"
Constraint File(s):      "D:\libero_tests\I2C_1\designer\IIC\synthesis.fdc"




##### SUMMARY ############################################################

Found 0 issues in 0 out of 1 constraints


##### DETAILS ############################################################



Clock Relationships
*******************

Starting     Ending     |     rise to rise     |     fall to fall     |     rise to fall     |     fall to rise                     
-----------------------------------------------------------------------------------------------------------------------------------
===================================================================================================================================
 Note: 'No paths' indicates there are no paths in the design for that pair of clock edges.
       'Diff grp' indicates that paths exist but the starting clock and ending clock are in different clock groups.


Unconstrained Start/End Points
******************************

p:I2C_1_SCL (bidir end point)
p:I2C_1_SCL (bidir start point)
p:I2C_1_SDA (bidir end point)
p:I2C_1_SDA (bidir start point)


Inapplicable constraints
************************

(none)


Applicable constraints with issues
**********************************

(none)


Constraints with matching wildcard expressions
**********************************************

(none)


Library Report
**************


# End of Constraint Checker Report
