Resource Usage Report for eth_dummy 

Mapping to part: m2s005vf400std
Cell usage:
CLKINT          1 use
MSS_005         1 use
RCOSC_25_50MHZ  1 use
RCOSC_25_50MHZ_FAB  1 use


Sequential Cells: 
SLE            0 uses

DSP Blocks:    0 of 11 (0%)

I/O ports: 18
I/O primitives: 18
INBUF          11 uses
OUTBUF         6 uses
TRIBUFF        1 use


Global Clock Buffers: 1

Total LUTs:    0

Extra resources required for RAM and MACC interface logic during P&R:

RAM64x18 Interface Logic : SLEs = 0; LUTs = 0;
RAM1K18  Interface Logic : SLEs = 0; LUTs = 0;
MACC     Interface Logic : SLEs = 0; LUTs = 0;

Total number of SLEs after P&R:  0 + 0 + 0 + 0 = 0;
Total number of LUTs after P&R:  0 + 0 + 0 + 0 = 0;

