
Copyright (C) 1994-2023 Synopsys, Inc.
This Synopsys software and all associated documentation are proprietary to Synopsys, Inc.
and may only be used pursuant to the terms and conditions of a written license agreement
with Synopsys, Inc. All other use, reproduction, modification, or distribution of the
Synopsys software or the associated documentation is strictly prohibited.
Tool: Synplify Pro (R)
Build: V-2023.09M
Install: C:\Microchip\Libero_SoC_v2024.1\SynplifyPro
OS: Windows 10 or later
Hostname: DESKTOP-9J7KET5

Implementation : synthesis
Synopsys HDL compiler and linker, Version comp202309synp1, Build 146R, Built Jan  4 2024 08:15:03, @

Modified Files: 3
FID:  path (prevtimestamp, timestamp)
8        D:\libero_tests\I2C_TEMP1\component\work\TEMP1\TEMP1.v (2024-08-27 17:24:48, 2024-08-27 17:36:35)
9        D:\libero_tests\I2C_TEMP1\component\work\TEMP1_MSS\TEMP1_MSS.v (2024-08-27 16:02:30, 2024-08-27 17:35:38)
10       D:\libero_tests\I2C_TEMP1\component\work\TEMP1_MSS\TEMP1_MSS_syn.v (2024-08-27 16:02:29, 2024-08-27 17:35:38)

*******************************************************************
Modules that may have changed as a result of file changes: 18
MID:  lib.cell.view
11       COREAPB3_LIB.COREAPB3_MUXPTOB3.verilog may have changed because the following files changed:
                        D:\libero_tests\I2C_TEMP1\component\work\TEMP1\TEMP1.v (2024-08-27 17:24:48, 2024-08-27 17:36:35) <-- (may instantiate this module)
12       COREAPB3_LIB.CoreAPB3.verilog may have changed because the following files changed:
                        D:\libero_tests\I2C_TEMP1\component\work\TEMP1\TEMP1.v (2024-08-27 17:24:48, 2024-08-27 17:36:35) <-- (may instantiate this module)
13       COREAPB3_LIB.coreapb3_iaddr_reg.verilog may have changed because the following files changed:
                        D:\libero_tests\I2C_TEMP1\component\work\TEMP1\TEMP1.v (2024-08-27 17:24:48, 2024-08-27 17:36:35) <-- (may instantiate this module)
14       work.COREI2C_C0.verilog may have changed because the following files changed:
                        D:\libero_tests\I2C_TEMP1\component\work\TEMP1\TEMP1.v (2024-08-27 17:24:48, 2024-08-27 17:36:35) <-- (may instantiate this module)
15       work.COREI2C_C0_COREI2C_C0_0_COREI2C.verilog may have changed because the following files changed:
                        D:\libero_tests\I2C_TEMP1\component\work\TEMP1\TEMP1.v (2024-08-27 17:24:48, 2024-08-27 17:36:35) <-- (may instantiate this module)
16       work.COREI2C_COREI2CREAL.verilog may have changed because the following files changed:
                        D:\libero_tests\I2C_TEMP1\component\work\TEMP1\TEMP1.v (2024-08-27 17:24:48, 2024-08-27 17:36:35) <-- (may instantiate this module)
17       work.CoreAPB3_C0.verilog may have changed because the following files changed:
                        D:\libero_tests\I2C_TEMP1\component\work\TEMP1\TEMP1.v (2024-08-27 17:24:48, 2024-08-27 17:36:35) <-- (may instantiate this module)
0        work.MSS_005.verilog may have changed because the following files changed:
                        D:\libero_tests\I2C_TEMP1\component\work\TEMP1\TEMP1.v (2024-08-27 17:24:48, 2024-08-27 17:36:35) <-- (may instantiate this module)
                        D:\libero_tests\I2C_TEMP1\component\work\TEMP1_MSS\TEMP1_MSS.v (2024-08-27 16:02:30, 2024-08-27 17:35:38) <-- (may instantiate this module)
                        D:\libero_tests\I2C_TEMP1\component\work\TEMP1_MSS\TEMP1_MSS_syn.v (2024-08-27 16:02:29, 2024-08-27 17:35:38) <-- (module definition)
1        work.OSC_C0.verilog may have changed because the following files changed:
                        D:\libero_tests\I2C_TEMP1\component\work\TEMP1\TEMP1.v (2024-08-27 17:24:48, 2024-08-27 17:36:35) <-- (may instantiate this module)
2        work.OSC_C0_OSC_C0_0_OSC.verilog may have changed because the following files changed:
                        D:\libero_tests\I2C_TEMP1\component\work\TEMP1\TEMP1.v (2024-08-27 17:24:48, 2024-08-27 17:36:35) <-- (may instantiate this module)
3        work.RCOSC_1MHZ.verilog may have changed because the following files changed:
                        D:\libero_tests\I2C_TEMP1\component\work\TEMP1\TEMP1.v (2024-08-27 17:24:48, 2024-08-27 17:36:35) <-- (may instantiate this module)
4        work.RCOSC_1MHZ_FAB.verilog may have changed because the following files changed:
                        D:\libero_tests\I2C_TEMP1\component\work\TEMP1\TEMP1.v (2024-08-27 17:24:48, 2024-08-27 17:36:35) <-- (may instantiate this module)
5        work.RCOSC_25_50MHZ.verilog may have changed because the following files changed:
                        D:\libero_tests\I2C_TEMP1\component\work\TEMP1\TEMP1.v (2024-08-27 17:24:48, 2024-08-27 17:36:35) <-- (may instantiate this module)
6        work.RCOSC_25_50MHZ_FAB.verilog may have changed because the following files changed:
                        D:\libero_tests\I2C_TEMP1\component\work\TEMP1\TEMP1.v (2024-08-27 17:24:48, 2024-08-27 17:36:35) <-- (may instantiate this module)
7        work.TEMP1.verilog may have changed because the following files changed:
                        D:\libero_tests\I2C_TEMP1\component\work\TEMP1\TEMP1.v (2024-08-27 17:24:48, 2024-08-27 17:36:35) <-- (module definition)
8        work.TEMP1_MSS.verilog may have changed because the following files changed:
                        D:\libero_tests\I2C_TEMP1\component\work\TEMP1\TEMP1.v (2024-08-27 17:24:48, 2024-08-27 17:36:35) <-- (may instantiate this module)
                        D:\libero_tests\I2C_TEMP1\component\work\TEMP1_MSS\TEMP1_MSS.v (2024-08-27 16:02:30, 2024-08-27 17:35:38) <-- (module definition)
9        work.XTLOSC.verilog may have changed because the following files changed:
                        D:\libero_tests\I2C_TEMP1\component\work\TEMP1\TEMP1.v (2024-08-27 17:24:48, 2024-08-27 17:36:35) <-- (may instantiate this module)
10       work.XTLOSC_FAB.verilog may have changed because the following files changed:
                        D:\libero_tests\I2C_TEMP1\component\work\TEMP1\TEMP1.v (2024-08-27 17:24:48, 2024-08-27 17:36:35) <-- (may instantiate this module)

*******************************************************************
Unmodified files: 15
FID:  path (timestamp)
0        C:\Microchip\Libero_SoC_v2024.1\SynplifyPro\lib\generic\smartfusion2.v (2024-01-04 21:41:02)
1        C:\Microchip\Libero_SoC_v2024.1\SynplifyPro\lib\vlog\hypermods.v (2024-01-04 21:34:40)
2        C:\Microchip\Libero_SoC_v2024.1\SynplifyPro\lib\vlog\scemi_objects.v (2024-01-04 21:34:40)
3        C:\Microchip\Libero_SoC_v2024.1\SynplifyPro\lib\vlog\scemi_pipes.svh (2024-01-04 21:34:40)
4        C:\Microchip\Libero_SoC_v2024.1\SynplifyPro\lib\vlog\umr_capim.v (2024-01-04 21:38:34)
11       D:\libero_tests\I2C_TEMP1\component\Actel\DirectCore\COREI2C\7.2.101\rtl\vlog\core\corei2creal.v (2024-08-27 14:41:06)
12       D:\libero_tests\I2C_TEMP1\component\Actel\DirectCore\CoreAPB3\4.2.100\rtl\vlog\core\coreapb3.v (2024-08-23 11:02:43)
13       D:\libero_tests\I2C_TEMP1\component\Actel\DirectCore\CoreAPB3\4.2.100\rtl\vlog\core\coreapb3_iaddr_reg.v (2024-08-23 11:02:43)
14       D:\libero_tests\I2C_TEMP1\component\Actel\DirectCore\CoreAPB3\4.2.100\rtl\vlog\core\coreapb3_muxptob3.v (2024-08-23 11:02:43)
5        D:\libero_tests\I2C_TEMP1\component\Actel\SgCore\OSC\2.0.101\osc_comps.v (2024-07-09 11:44:48)
15       D:\libero_tests\I2C_TEMP1\component\work\COREI2C_C0\COREI2C_C0.v (2024-08-27 17:23:47)
16       D:\libero_tests\I2C_TEMP1\component\work\COREI2C_C0\COREI2C_C0_0\rtl\vlog\core\corei2c.v (2024-08-27 17:23:47)
17       D:\libero_tests\I2C_TEMP1\component\work\CoreAPB3_C0\CoreAPB3_C0.v (2024-08-27 14:42:26)
6        D:\libero_tests\I2C_TEMP1\component\work\OSC_C0\OSC_C0.v (2024-08-27 14:36:43)
7        D:\libero_tests\I2C_TEMP1\component\work\OSC_C0\OSC_C0_0\OSC_C0_OSC_C0_0_OSC.v (2024-08-27 14:36:43)

*******************************************************************
Unchanged modules: 0
MID:  lib.cell.view
