15:06:00 **** Clean-only build of configuration Debug for project gpio_interrupt ****
make clean 
Cannot run program "make": Launching failed

Error: Program "make" not found in PATH
PATH=[C:/Microsemi/SoftConsole_v4.0/jre/bin/client;C:/Microsemi/SoftConsole_v4.0/jre/bin;C:/Microsemi/SoftConsole_v4.0/jre/lib/i386;C:\Windows\system32;C:\Windows;C:\Windows\System32\Wbem;C:\Windows\System32\WindowsPowerShell\v1.0\;C:\Windows\System32\OpenSSH\;C:\Program Files (x86)\STMicroelectronics\STM32 ST-LINK Utility\ST-LINK Utility;C:\Program Files\PuTTY\;C:\Program Files\dotnet\;C:\Program Files (x86)\IVI Foundation\VISA\WinNT\Bin\;C:\Program Files\IVI Foundation\VISA\Win64\Bin\;C:\Program Files (x86)\IVI Foundation\VISA\WinNT\Bin;C:\Users\Admin\AppData\Local\Microsoft\WindowsApps;C:\Users\Admin\AppData\Local\Programs\Microsoft VS Code\bin;C:\Microsemi\SoftConsole_v4.0\eclipse;]
15:14:26 **** Build of configuration Debug for project gpio_interrupt ****
make all 
Building file: ../hal/CortexM3/GNU/hal.S
Invoking: Cross ARM GNU Assembler
arm-none-eabi-gcc -mcpu=cortex-m3 -mthumb -O0 -fmessage-length=0 -fsigned-char -ffunction-sections -fdata-sections  -g3 -x assembler-with-cpp -MMD -MP -MF"hal/CortexM3/GNU/hal.d" -MT"hal/CortexM3/GNU/hal.o" -c -o "hal/CortexM3/GNU/hal.o" "../hal/CortexM3/GNU/hal.S"
Finished building: ../hal/CortexM3/GNU/hal.S
 
Building file: ../hal/CortexM3/GNU/hw_reg_access.S
Invoking: Cross ARM GNU Assembler
arm-none-eabi-gcc -mcpu=cortex-m3 -mthumb -O0 -fmessage-length=0 -fsigned-char -ffunction-sections -fdata-sections  -g3 -x assembler-with-cpp -MMD -MP -MF"hal/CortexM3/GNU/hw_reg_access.d" -MT"hal/CortexM3/GNU/hw_reg_access.o" -c -o "hal/CortexM3/GNU/hw_reg_access.o" "../hal/CortexM3/GNU/hw_reg_access.S"
Finished building: ../hal/CortexM3/GNU/hw_reg_access.S
 
Building file: ../hal/CortexM3/cortex_nvic.c
Invoking: Cross ARM C Compiler
arm-none-eabi-gcc -mcpu=cortex-m3 -mthumb -O0 -fmessage-length=0 -fsigned-char -ffunction-sections -fdata-sections  -g3 -I../hal -I../hal/CortexM3 -I../hal/CortexM3/GNU -I../CMSIS -I../CMSIS/startup_gcc -I../drivers/mss_gpio -I../drivers/mss_uart -std=gnu11 --specs=cmsis.specs -MMD -MP -MF"hal/CortexM3/cortex_nvic.d" -MT"hal/CortexM3/cortex_nvic.o" -c -o "hal/CortexM3/cortex_nvic.o" "../hal/CortexM3/cortex_nvic.c"
Finished building: ../hal/CortexM3/cortex_nvic.c
 
Building file: ../drivers_config/sys_config/sys_config.c
Invoking: Cross ARM C Compiler
arm-none-eabi-gcc -mcpu=cortex-m3 -mthumb -O0 -fmessage-length=0 -fsigned-char -ffunction-sections -fdata-sections  -g3 -I../hal -I../hal/CortexM3 -I../hal/CortexM3/GNU -I../CMSIS -I../CMSIS/startup_gcc -I../drivers/mss_gpio -I../drivers/mss_uart -std=gnu11 --specs=cmsis.specs -MMD -MP -MF"drivers_config/sys_config/sys_config.d" -MT"drivers_config/sys_config/sys_config.o" -c -o "drivers_config/sys_config/sys_config.o" "../drivers_config/sys_config/sys_config.c"
Finished building: ../drivers_config/sys_config/sys_config.c
 
Building file: ../drivers/mss_uart/mss_uart.c
Invoking: Cross ARM C Compiler
arm-none-eabi-gcc -mcpu=cortex-m3 -mthumb -O0 -fmessage-length=0 -fsigned-char -ffunction-sections -fdata-sections  -g3 -I../hal -I../hal/CortexM3 -I../hal/CortexM3/GNU -I../CMSIS -I../CMSIS/startup_gcc -I../drivers/mss_gpio -I../drivers/mss_uart -std=gnu11 --specs=cmsis.specs -MMD -MP -MF"drivers/mss_uart/mss_uart.d" -MT"drivers/mss_uart/mss_uart.o" -c -o "drivers/mss_uart/mss_uart.o" "../drivers/mss_uart/mss_uart.c"
Finished building: ../drivers/mss_uart/mss_uart.c
 
Building file: ../drivers/mss_sys_services/mss_comblk.c
Invoking: Cross ARM C Compiler
arm-none-eabi-gcc -mcpu=cortex-m3 -mthumb -O0 -fmessage-length=0 -fsigned-char -ffunction-sections -fdata-sections  -g3 -I../hal -I../hal/CortexM3 -I../hal/CortexM3/GNU -I../CMSIS -I../CMSIS/startup_gcc -I../drivers/mss_gpio -I../drivers/mss_uart -std=gnu11 --specs=cmsis.specs -MMD -MP -MF"drivers/mss_sys_services/mss_comblk.d" -MT"drivers/mss_sys_services/mss_comblk.o" -c -o "drivers/mss_sys_services/mss_comblk.o" "../drivers/mss_sys_services/mss_comblk.c"
Finished building: ../drivers/mss_sys_services/mss_comblk.c
 
Building file: ../drivers/mss_sys_services/mss_sys_services.c
Invoking: Cross ARM C Compiler
arm-none-eabi-gcc -mcpu=cortex-m3 -mthumb -O0 -fmessage-length=0 -fsigned-char -ffunction-sections -fdata-sections  -g3 -I../hal -I../hal/CortexM3 -I../hal/CortexM3/GNU -I../CMSIS -I../CMSIS/startup_gcc -I../drivers/mss_gpio -I../drivers/mss_uart -std=gnu11 --specs=cmsis.specs -MMD -MP -MF"drivers/mss_sys_services/mss_sys_services.d" -MT"drivers/mss_sys_services/mss_sys_services.o" -c -o "drivers/mss_sys_services/mss_sys_services.o" "../drivers/mss_sys_services/mss_sys_services.c"
Finished building: ../drivers/mss_sys_services/mss_sys_services.c
 
Building file: ../drivers/mss_nvm/mss_nvm.c
Invoking: Cross ARM C Compiler
arm-none-eabi-gcc -mcpu=cortex-m3 -mthumb -O0 -fmessage-length=0 -fsigned-char -ffunction-sections -fdata-sections  -g3 -I../hal -I../hal/CortexM3 -I../hal/CortexM3/GNU -I../CMSIS -I../CMSIS/startup_gcc -I../drivers/mss_gpio -I../drivers/mss_uart -std=gnu11 --specs=cmsis.specs -MMD -MP -MF"drivers/mss_nvm/mss_nvm.d" -MT"drivers/mss_nvm/mss_nvm.o" -c -o "drivers/mss_nvm/mss_nvm.o" "../drivers/mss_nvm/mss_nvm.c"
Finished building: ../drivers/mss_nvm/mss_nvm.c
 
Building file: ../drivers/mss_hpdma/mss_hpdma.c
Invoking: Cross ARM C Compiler
arm-none-eabi-gcc -mcpu=cortex-m3 -mthumb -O0 -fmessage-length=0 -fsigned-char -ffunction-sections -fdata-sections  -g3 -I../hal -I../hal/CortexM3 -I../hal/CortexM3/GNU -I../CMSIS -I../CMSIS/startup_gcc -I../drivers/mss_gpio -I../drivers/mss_uart -std=gnu11 --specs=cmsis.specs -MMD -MP -MF"drivers/mss_hpdma/mss_hpdma.d" -MT"drivers/mss_hpdma/mss_hpdma.o" -c -o "drivers/mss_hpdma/mss_hpdma.o" "../drivers/mss_hpdma/mss_hpdma.c"
Finished building: ../drivers/mss_hpdma/mss_hpdma.c
 
Building file: ../drivers/mss_gpio/mss_gpio.c
Invoking: Cross ARM C Compiler
arm-none-eabi-gcc -mcpu=cortex-m3 -mthumb -O0 -fmessage-length=0 -fsigned-char -ffunction-sections -fdata-sections  -g3 -I../hal -I../hal/CortexM3 -I../hal/CortexM3/GNU -I../CMSIS -I../CMSIS/startup_gcc -I../drivers/mss_gpio -I../drivers/mss_uart -std=gnu11 --specs=cmsis.specs -MMD -MP -MF"drivers/mss_gpio/mss_gpio.d" -MT"drivers/mss_gpio/mss_gpio.o" -c -o "drivers/mss_gpio/mss_gpio.o" "../drivers/mss_gpio/mss_gpio.c"
Finished building: ../drivers/mss_gpio/mss_gpio.c
 
Building file: ../CMSIS/startup_gcc/newlib_stubs.c
Invoking: Cross ARM C Compiler
arm-none-eabi-gcc -mcpu=cortex-m3 -mthumb -O0 -fmessage-length=0 -fsigned-char -ffunction-sections -fdata-sections  -g3 -I../hal -I../hal/CortexM3 -I../hal/CortexM3/GNU -I../CMSIS -I../CMSIS/startup_gcc -I../drivers/mss_gpio -I../drivers/mss_uart -std=gnu11 --specs=cmsis.specs -MMD -MP -MF"CMSIS/startup_gcc/newlib_stubs.d" -MT"CMSIS/startup_gcc/newlib_stubs.o" -c -o "CMSIS/startup_gcc/newlib_stubs.o" "../CMSIS/startup_gcc/newlib_stubs.c"
Finished building: ../CMSIS/startup_gcc/newlib_stubs.c
 
Building file: ../CMSIS/startup_gcc/startup_m2sxxx.S
Invoking: Cross ARM GNU Assembler
arm-none-eabi-gcc -mcpu=cortex-m3 -mthumb -O0 -fmessage-length=0 -fsigned-char -ffunction-sections -fdata-sections  -g3 -x assembler-with-cpp -MMD -MP -MF"CMSIS/startup_gcc/startup_m2sxxx.d" -MT"CMSIS/startup_gcc/startup_m2sxxx.o" -c -o "CMSIS/startup_gcc/startup_m2sxxx.o" "../CMSIS/startup_gcc/startup_m2sxxx.S"
Finished building: ../CMSIS/startup_gcc/startup_m2sxxx.S
 
Building file: ../CMSIS/system_m2sxxx.c
Invoking: Cross ARM C Compiler
arm-none-eabi-gcc -mcpu=cortex-m3 -mthumb -O0 -fmessage-length=0 -fsigned-char -ffunction-sections -fdata-sections  -g3 -I../hal -I../hal/CortexM3 -I../hal/CortexM3/GNU -I../CMSIS -I../CMSIS/startup_gcc -I../drivers/mss_gpio -I../drivers/mss_uart -std=gnu11 --specs=cmsis.specs -MMD -MP -MF"CMSIS/system_m2sxxx.d" -MT"CMSIS/system_m2sxxx.o" -c -o "CMSIS/system_m2sxxx.o" "../CMSIS/system_m2sxxx.c"
Finished building: ../CMSIS/system_m2sxxx.c
 
Building file: ../main.c
Invoking: Cross ARM C Compiler
arm-none-eabi-gcc -mcpu=cortex-m3 -mthumb -O0 -fmessage-length=0 -fsigned-char -ffunction-sections -fdata-sections  -g3 -I../hal -I../hal/CortexM3 -I../hal/CortexM3/GNU -I../CMSIS -I../CMSIS/startup_gcc -I../drivers/mss_gpio -I../drivers/mss_uart -std=gnu11 --specs=cmsis.specs -MMD -MP -MF"main.d" -MT"main.o" -c -o "main.o" "../main.c"
Finished building: ../main.c
 
Building target: gpio_interrupt.elf
Invoking: Cross ARM C Linker
arm-none-eabi-gcc -mcpu=cortex-m3 -mthumb -O0 -fmessage-length=0 -fsigned-char -ffunction-sections -fdata-sections  -g3 -T ../CMSIS/startup_gcc/debug-in-microsemi-smartfusion2-esram.ld -Xlinker --gc-sections -Wl,-Map,"gpio_interrupt.map" -o "gpio_interrupt.elf"  ./hal/CortexM3/GNU/hal.o ./hal/CortexM3/GNU/hw_reg_access.o  ./hal/CortexM3/cortex_nvic.o  ./drivers_config/sys_config/sys_config.o  ./drivers/mss_uart/mss_uart.o  ./drivers/mss_sys_services/mss_comblk.o ./drivers/mss_sys_services/mss_sys_services.o  ./drivers/mss_nvm/mss_nvm.o  ./drivers/mss_hpdma/mss_hpdma.o  ./drivers/mss_gpio/mss_gpio.o  ./CMSIS/startup_gcc/newlib_stubs.o ./CMSIS/startup_gcc/startup_m2sxxx.o  ./CMSIS/system_m2sxxx.o  ./main.o   
Finished building target: gpio_interrupt.elf
 
Invoking: Cross ARM GNU Create Flash Image
arm-none-eabi-objcopy -O ihex "gpio_interrupt.elf"  "gpio_interrupt.hex"
Finished building: gpio_interrupt.hex
 
Invoking: Cross ARM GNU Print Size
arm-none-eabi-size --format=berkeley "gpio_interrupt.elf"
   text	   data	    bss	    dec	    hex	filename
   8928	   1104	  55504	  65536	  10000	gpio_interrupt.elf
Finished building: gpio_interrupt.siz
 
15:15:42 **** Incremental Build of configuration Debug for project gpio_interrupt ****
make all 
Building file: ../main.c
Invoking: Cross ARM C Compiler
arm-none-eabi-gcc -mcpu=cortex-m3 -mthumb -O0 -fmessage-length=0 -fsigned-char -ffunction-sections -fdata-sections  -g3 -I../hal -I../hal/CortexM3 -I../hal/CortexM3/GNU -I../CMSIS -I../CMSIS/startup_gcc -I../drivers/mss_gpio -I../drivers/mss_uart -std=gnu11 --specs=cmsis.specs -MMD -MP -MF"main.d" -MT"main.o" -c -o "main.o" "../main.c"
Finished building: ../main.c
 
Building target: gpio_interrupt.elf
Invoking: Cross ARM C Linker
arm-none-eabi-gcc -mcpu=cortex-m3 -mthumb -O0 -fmessage-length=0 -fsigned-char -ffunction-sections -fdata-sections  -g3 -T ../CMSIS/startup_gcc/debug-in-microsemi-smartfusion2-esram.ld -Xlinker --gc-sections -Wl,-Map,"gpio_interrupt.map" -o "gpio_interrupt.elf"  ./hal/CortexM3/GNU/hal.o ./hal/CortexM3/GNU/hw_reg_access.o  ./hal/CortexM3/cortex_nvic.o  ./drivers_config/sys_config/sys_config.o  ./drivers/mss_uart/mss_uart.o  ./drivers/mss_sys_services/mss_comblk.o ./drivers/mss_sys_services/mss_sys_services.o  ./drivers/mss_nvm/mss_nvm.o  ./drivers/mss_hpdma/mss_hpdma.o  ./drivers/mss_gpio/mss_gpio.o  ./CMSIS/startup_gcc/newlib_stubs.o ./CMSIS/startup_gcc/startup_m2sxxx.o  ./CMSIS/system_m2sxxx.o  ./main.o   
Finished building target: gpio_interrupt.elf
 
Invoking: Cross ARM GNU Create Flash Image
arm-none-eabi-objcopy -O ihex "gpio_interrupt.elf"  "gpio_interrupt.hex"
Finished building: gpio_interrupt.hex
 
Invoking: Cross ARM GNU Print Size
arm-none-eabi-size --format=berkeley "gpio_interrupt.elf"
   text	   data	    bss	    dec	    hex	filename
   8928	   1104	  55504	  65536	  10000	gpio_interrupt.elf
Finished building: gpio_interrupt.siz
 
15:15:56 **** Incremental Build of configuration Debug for project gpio_interrupt ****
make all 
Invoking: Cross ARM GNU Print Size
arm-none-eabi-size --format=berkeley "gpio_interrupt.elf"
   text	   data	    bss	    dec	    hex	filename
   8928	   1104	  55504	  65536	  10000	gpio_interrupt.elf
Finished building: gpio_interrupt.siz
 
15:16:25 **** Incremental Build of configuration Debug for project gpio_interrupt ****
make all 
Invoking: Cross ARM GNU Print Size
arm-none-eabi-size --format=berkeley "gpio_interrupt.elf"
   text	   data	    bss	    dec	    hex	filename
   8928	   1104	  55504	  65536	  10000	gpio_interrupt.elf
Finished building: gpio_interrupt.siz
 
15:19:35 **** Incremental Build of configuration Debug for project gpio_interrupt ****
make all 
Building file: ../main.c
Invoking: Cross ARM C Compiler
arm-none-eabi-gcc -mcpu=cortex-m3 -mthumb -O0 -fmessage-length=0 -fsigned-char -ffunction-sections -fdata-sections  -g3 -I../hal -I../hal/CortexM3 -I../hal/CortexM3/GNU -I../CMSIS -I../CMSIS/startup_gcc -I../drivers/mss_gpio -I../drivers/mss_uart -std=gnu11 --specs=cmsis.specs -MMD -MP -MF"main.d" -MT"main.o" -c -o "main.o" "../main.c"
Finished building: ../main.c
 
Building target: gpio_interrupt.elf
Invoking: Cross ARM C Linker
arm-none-eabi-gcc -mcpu=cortex-m3 -mthumb -O0 -fmessage-length=0 -fsigned-char -ffunction-sections -fdata-sections  -g3 -T ../CMSIS/startup_gcc/debug-in-microsemi-smartfusion2-esram.ld -Xlinker --gc-sections -Wl,-Map,"gpio_interrupt.map" -o "gpio_interrupt.elf"  ./hal/CortexM3/GNU/hal.o ./hal/CortexM3/GNU/hw_reg_access.o  ./hal/CortexM3/cortex_nvic.o  ./drivers_config/sys_config/sys_config.o  ./drivers/mss_uart/mss_uart.o  ./drivers/mss_sys_services/mss_comblk.o ./drivers/mss_sys_services/mss_sys_services.o  ./drivers/mss_nvm/mss_nvm.o  ./drivers/mss_hpdma/mss_hpdma.o  ./drivers/mss_gpio/mss_gpio.o  ./CMSIS/startup_gcc/newlib_stubs.o ./CMSIS/startup_gcc/startup_m2sxxx.o  ./CMSIS/system_m2sxxx.o  ./main.o   
Finished building target: gpio_interrupt.elf
 
Invoking: Cross ARM GNU Create Flash Image
arm-none-eabi-objcopy -O ihex "gpio_interrupt.elf"  "gpio_interrupt.hex"
Finished building: gpio_interrupt.hex
 
Invoking: Cross ARM GNU Print Size
arm-none-eabi-size --format=berkeley "gpio_interrupt.elf"
   text	   data	    bss	    dec	    hex	filename
   8928	   1104	  55504	  65536	  10000	gpio_interrupt.elf
Finished building: gpio_interrupt.siz
 
15:20:45 **** Incremental Build of configuration Debug for project gpio_interrupt ****
make all 
Invoking: Cross ARM GNU Print Size
arm-none-eabi-size --format=berkeley "gpio_interrupt.elf"
   text	   data	    bss	    dec	    hex	filename
   8928	   1104	  55504	  65536	  10000	gpio_interrupt.elf
Finished building: gpio_interrupt.siz
 
15:30:14 **** Incremental Build of configuration Debug for project gpio_interrupt ****
make all 
Invoking: Cross ARM GNU Print Size
arm-none-eabi-size --format=berkeley "gpio_interrupt.elf"
   text	   data	    bss	    dec	    hex	filename
   8928	   1104	  55504	  65536	  10000	gpio_interrupt.elf
Finished building: gpio_interrupt.siz
 
15:33:09 **** Incremental Build of configuration Debug for project gpio_interrupt ****
make all 
Building file: ../main.c
Invoking: Cross ARM C Compiler
arm-none-eabi-gcc -mcpu=cortex-m3 -mthumb -O0 -fmessage-length=0 -fsigned-char -ffunction-sections -fdata-sections  -g3 -I../hal -I../hal/CortexM3 -I../hal/CortexM3/GNU -I../CMSIS -I../CMSIS/startup_gcc -I../drivers/mss_gpio -I../drivers/mss_uart -std=gnu11 --specs=cmsis.specs -MMD -MP -MF"main.d" -MT"main.o" -c -o "main.o" "../main.c"
Finished building: ../main.c
 
Building target: gpio_interrupt.elf
Invoking: Cross ARM C Linker
arm-none-eabi-gcc -mcpu=cortex-m3 -mthumb -O0 -fmessage-length=0 -fsigned-char -ffunction-sections -fdata-sections  -g3 -T ../CMSIS/startup_gcc/debug-in-microsemi-smartfusion2-esram.ld -Xlinker --gc-sections -Wl,-Map,"gpio_interrupt.map" -o "gpio_interrupt.elf"  ./hal/CortexM3/GNU/hal.o ./hal/CortexM3/GNU/hw_reg_access.o  ./hal/CortexM3/cortex_nvic.o  ./drivers_config/sys_config/sys_config.o  ./drivers/mss_uart/mss_uart.o  ./drivers/mss_sys_services/mss_comblk.o ./drivers/mss_sys_services/mss_sys_services.o  ./drivers/mss_nvm/mss_nvm.o  ./drivers/mss_hpdma/mss_hpdma.o  ./drivers/mss_gpio/mss_gpio.o  ./CMSIS/startup_gcc/newlib_stubs.o ./CMSIS/startup_gcc/startup_m2sxxx.o  ./CMSIS/system_m2sxxx.o  ./main.o   
Finished building target: gpio_interrupt.elf
 
Invoking: Cross ARM GNU Create Flash Image
arm-none-eabi-objcopy -O ihex "gpio_interrupt.elf"  "gpio_interrupt.hex"
Finished building: gpio_interrupt.hex
 
Invoking: Cross ARM GNU Print Size
arm-none-eabi-size --format=berkeley "gpio_interrupt.elf"
   text	   data	    bss	    dec	    hex	filename
   8928	   1104	  55504	  65536	  10000	gpio_interrupt.elf
Finished building: gpio_interrupt.siz
 
15:34:38 **** Incremental Build of configuration Debug for project gpio_interrupt ****
make all 
Building file: ../main.c
Invoking: Cross ARM C Compiler
arm-none-eabi-gcc -mcpu=cortex-m3 -mthumb -O0 -fmessage-length=0 -fsigned-char -ffunction-sections -fdata-sections  -g3 -I../hal -I../hal/CortexM3 -I../hal/CortexM3/GNU -I../CMSIS -I../CMSIS/startup_gcc -I../drivers/mss_gpio -I../drivers/mss_uart -std=gnu11 --specs=cmsis.specs -MMD -MP -MF"main.d" -MT"main.o" -c -o "main.o" "../main.c"
Finished building: ../main.c
 
Building target: gpio_interrupt.elf
Invoking: Cross ARM C Linker
arm-none-eabi-gcc -mcpu=cortex-m3 -mthumb -O0 -fmessage-length=0 -fsigned-char -ffunction-sections -fdata-sections  -g3 -T ../CMSIS/startup_gcc/debug-in-microsemi-smartfusion2-esram.ld -Xlinker --gc-sections -Wl,-Map,"gpio_interrupt.map" -o "gpio_interrupt.elf"  ./hal/CortexM3/GNU/hal.o ./hal/CortexM3/GNU/hw_reg_access.o  ./hal/CortexM3/cortex_nvic.o  ./drivers_config/sys_config/sys_config.o  ./drivers/mss_uart/mss_uart.o  ./drivers/mss_sys_services/mss_comblk.o ./drivers/mss_sys_services/mss_sys_services.o  ./drivers/mss_nvm/mss_nvm.o  ./drivers/mss_hpdma/mss_hpdma.o  ./drivers/mss_gpio/mss_gpio.o  ./CMSIS/startup_gcc/newlib_stubs.o ./CMSIS/startup_gcc/startup_m2sxxx.o  ./CMSIS/system_m2sxxx.o  ./main.o   
Finished building target: gpio_interrupt.elf
 
Invoking: Cross ARM GNU Create Flash Image
arm-none-eabi-objcopy -O ihex "gpio_interrupt.elf"  "gpio_interrupt.hex"
Finished building: gpio_interrupt.hex
 
Invoking: Cross ARM GNU Print Size
arm-none-eabi-size --format=berkeley "gpio_interrupt.elf"
   text	   data	    bss	    dec	    hex	filename
   8928	   1104	  55504	  65536	  10000	gpio_interrupt.elf
Finished building: gpio_interrupt.siz
 
15:56:08 **** Incremental Build of configuration Debug for project gpio_interrupt ****
make all 
Building file: ../main.c
Invoking: Cross ARM C Compiler
arm-none-eabi-gcc -mcpu=cortex-m3 -mthumb -O0 -fmessage-length=0 -fsigned-char -ffunction-sections -fdata-sections  -g3 -I../hal -I../hal/CortexM3 -I../hal/CortexM3/GNU -I../CMSIS -I../CMSIS/startup_gcc -I../drivers/mss_gpio -I../drivers/mss_uart -std=gnu11 --specs=cmsis.specs -MMD -MP -MF"main.d" -MT"main.o" -c -o "main.o" "../main.c"
Finished building: ../main.c
 
Building target: gpio_interrupt.elf
Invoking: Cross ARM C Linker
arm-none-eabi-gcc -mcpu=cortex-m3 -mthumb -O0 -fmessage-length=0 -fsigned-char -ffunction-sections -fdata-sections  -g3 -T ../CMSIS/startup_gcc/debug-in-microsemi-smartfusion2-esram.ld -Xlinker --gc-sections -Wl,-Map,"gpio_interrupt.map" -o "gpio_interrupt.elf"  ./hal/CortexM3/GNU/hal.o ./hal/CortexM3/GNU/hw_reg_access.o  ./hal/CortexM3/cortex_nvic.o  ./drivers_config/sys_config/sys_config.o  ./drivers/mss_uart/mss_uart.o  ./drivers/mss_sys_services/mss_comblk.o ./drivers/mss_sys_services/mss_sys_services.o  ./drivers/mss_nvm/mss_nvm.o  ./drivers/mss_hpdma/mss_hpdma.o  ./drivers/mss_gpio/mss_gpio.o  ./CMSIS/startup_gcc/newlib_stubs.o ./CMSIS/startup_gcc/startup_m2sxxx.o  ./CMSIS/system_m2sxxx.o  ./main.o   
Finished building target: gpio_interrupt.elf
 
Invoking: Cross ARM GNU Create Flash Image
arm-none-eabi-objcopy -O ihex "gpio_interrupt.elf"  "gpio_interrupt.hex"
Finished building: gpio_interrupt.hex
 
Invoking: Cross ARM GNU Print Size
arm-none-eabi-size --format=berkeley "gpio_interrupt.elf"
   text	   data	    bss	    dec	    hex	filename
   7536	   1152	  56848	  65536	  10000	gpio_interrupt.elf
Finished building: gpio_interrupt.siz
 
15:59:01 **** Incremental Build of configuration Debug for project gpio_interrupt ****
make all 
Invoking: Cross ARM GNU Print Size
arm-none-eabi-size --format=berkeley "gpio_interrupt.elf"
   text	   data	    bss	    dec	    hex	filename
   7536	   1152	  56848	  65536	  10000	gpio_interrupt.elf
Finished building: gpio_interrupt.siz
 
15:59:59 **** Incremental Build of configuration Debug for project gpio_interrupt ****
make all 
Building file: ../main.c
Invoking: Cross ARM C Compiler
arm-none-eabi-gcc -mcpu=cortex-m3 -mthumb -O0 -fmessage-length=0 -fsigned-char -ffunction-sections -fdata-sections  -g3 -I../hal -I../hal/CortexM3 -I../hal/CortexM3/GNU -I../CMSIS -I../CMSIS/startup_gcc -I../drivers/mss_gpio -I../drivers/mss_uart -std=gnu11 --specs=cmsis.specs -MMD -MP -MF"main.d" -MT"main.o" -c -o "main.o" "../main.c"
Finished building: ../main.c
 
Building target: gpio_interrupt.elf
Invoking: Cross ARM C Linker
arm-none-eabi-gcc -mcpu=cortex-m3 -mthumb -O0 -fmessage-length=0 -fsigned-char -ffunction-sections -fdata-sections  -g3 -T ../CMSIS/startup_gcc/debug-in-microsemi-smartfusion2-esram.ld -Xlinker --gc-sections -Wl,-Map,"gpio_interrupt.map" -o "gpio_interrupt.elf"  ./hal/CortexM3/GNU/hal.o ./hal/CortexM3/GNU/hw_reg_access.o  ./hal/CortexM3/cortex_nvic.o  ./drivers_config/sys_config/sys_config.o  ./drivers/mss_uart/mss_uart.o  ./drivers/mss_sys_services/mss_comblk.o ./drivers/mss_sys_services/mss_sys_services.o  ./drivers/mss_nvm/mss_nvm.o  ./drivers/mss_hpdma/mss_hpdma.o  ./drivers/mss_gpio/mss_gpio.o  ./CMSIS/startup_gcc/newlib_stubs.o ./CMSIS/startup_gcc/startup_m2sxxx.o  ./CMSIS/system_m2sxxx.o  ./main.o   
Finished building target: gpio_interrupt.elf
 
Invoking: Cross ARM GNU Create Flash Image
arm-none-eabi-objcopy -O ihex "gpio_interrupt.elf"  "gpio_interrupt.hex"
Finished building: gpio_interrupt.hex
 
Invoking: Cross ARM GNU Print Size
arm-none-eabi-size --format=berkeley "gpio_interrupt.elf"
   text	   data	    bss	    dec	    hex	filename
   7520	   1152	  56864	  65536	  10000	gpio_interrupt.elf
Finished building: gpio_interrupt.siz
 
16:03:04 **** Incremental Build of configuration Debug for project gpio_interrupt ****
make all 
Building file: ../main.c
Invoking: Cross ARM C Compiler
arm-none-eabi-gcc -mcpu=cortex-m3 -mthumb -O0 -fmessage-length=0 -fsigned-char -ffunction-sections -fdata-sections  -g3 -I../hal -I../hal/CortexM3 -I../hal/CortexM3/GNU -I../CMSIS -I../CMSIS/startup_gcc -I../drivers/mss_gpio -I../drivers/mss_uart -std=gnu11 --specs=cmsis.specs -MMD -MP -MF"main.d" -MT"main.o" -c -o "main.o" "../main.c"
Finished building: ../main.c
 
Building target: gpio_interrupt.elf
Invoking: Cross ARM C Linker
arm-none-eabi-gcc -mcpu=cortex-m3 -mthumb -O0 -fmessage-length=0 -fsigned-char -ffunction-sections -fdata-sections  -g3 -T ../CMSIS/startup_gcc/debug-in-microsemi-smartfusion2-esram.ld -Xlinker --gc-sections -Wl,-Map,"gpio_interrupt.map" -o "gpio_interrupt.elf"  ./hal/CortexM3/GNU/hal.o ./hal/CortexM3/GNU/hw_reg_access.o  ./hal/CortexM3/cortex_nvic.o  ./drivers_config/sys_config/sys_config.o  ./drivers/mss_uart/mss_uart.o  ./drivers/mss_sys_services/mss_comblk.o ./drivers/mss_sys_services/mss_sys_services.o  ./drivers/mss_nvm/mss_nvm.o  ./drivers/mss_hpdma/mss_hpdma.o  ./drivers/mss_gpio/mss_gpio.o  ./CMSIS/startup_gcc/newlib_stubs.o ./CMSIS/startup_gcc/startup_m2sxxx.o  ./CMSIS/system_m2sxxx.o  ./main.o   
Finished building target: gpio_interrupt.elf
 
Invoking: Cross ARM GNU Create Flash Image
arm-none-eabi-objcopy -O ihex "gpio_interrupt.elf"  "gpio_interrupt.hex"
Finished building: gpio_interrupt.hex
 
Invoking: Cross ARM GNU Print Size
arm-none-eabi-size --format=berkeley "gpio_interrupt.elf"
   text	   data	    bss	    dec	    hex	filename
   7744	   1152	  56640	  65536	  10000	gpio_interrupt.elf
Finished building: gpio_interrupt.siz
 
16:05:38 **** Incremental Build of configuration Debug for project gpio_interrupt ****
make all 
Building file: ../main.c
Invoking: Cross ARM C Compiler
arm-none-eabi-gcc -mcpu=cortex-m3 -mthumb -O0 -fmessage-length=0 -fsigned-char -ffunction-sections -fdata-sections  -g3 -I../hal -I../hal/CortexM3 -I../hal/CortexM3/GNU -I../CMSIS -I../CMSIS/startup_gcc -I../drivers/mss_gpio -I../drivers/mss_uart -std=gnu11 --specs=cmsis.specs -MMD -MP -MF"main.d" -MT"main.o" -c -o "main.o" "../main.c"
Finished building: ../main.c
 
Building target: gpio_interrupt.elf
Invoking: Cross ARM C Linker
arm-none-eabi-gcc -mcpu=cortex-m3 -mthumb -O0 -fmessage-length=0 -fsigned-char -ffunction-sections -fdata-sections  -g3 -T ../CMSIS/startup_gcc/debug-in-microsemi-smartfusion2-esram.ld -Xlinker --gc-sections -Wl,-Map,"gpio_interrupt.map" -o "gpio_interrupt.elf"  ./hal/CortexM3/GNU/hal.o ./hal/CortexM3/GNU/hw_reg_access.o  ./hal/CortexM3/cortex_nvic.o  ./drivers_config/sys_config/sys_config.o  ./drivers/mss_uart/mss_uart.o  ./drivers/mss_sys_services/mss_comblk.o ./drivers/mss_sys_services/mss_sys_services.o  ./drivers/mss_nvm/mss_nvm.o  ./drivers/mss_hpdma/mss_hpdma.o  ./drivers/mss_gpio/mss_gpio.o  ./CMSIS/startup_gcc/newlib_stubs.o ./CMSIS/startup_gcc/startup_m2sxxx.o  ./CMSIS/system_m2sxxx.o  ./main.o   
Finished building target: gpio_interrupt.elf
 
Invoking: Cross ARM GNU Create Flash Image
arm-none-eabi-objcopy -O ihex "gpio_interrupt.elf"  "gpio_interrupt.hex"
Finished building: gpio_interrupt.hex
 
Invoking: Cross ARM GNU Print Size
arm-none-eabi-size --format=berkeley "gpio_interrupt.elf"
   text	   data	    bss	    dec	    hex	filename
   7744	   1152	  56640	  65536	  10000	gpio_interrupt.elf
Finished building: gpio_interrupt.siz
 
16:14:48 **** Incremental Build of configuration Debug for project gpio_interrupt ****
make all 
Invoking: Cross ARM GNU Print Size
arm-none-eabi-size --format=berkeley "gpio_interrupt.elf"
   text	   data	    bss	    dec	    hex	filename
   7744	   1152	  56640	  65536	  10000	gpio_interrupt.elf
Finished building: gpio_interrupt.siz
 
16:16:02 **** Incremental Build of configuration Debug for project gpio_interrupt ****
make all 
Invoking: Cross ARM GNU Print Size
arm-none-eabi-size --format=berkeley "gpio_interrupt.elf"
   text	   data	    bss	    dec	    hex	filename
   7744	   1152	  56640	  65536	  10000	gpio_interrupt.elf
Finished building: gpio_interrupt.siz
 
