
                               Synplify Pro (R) 

                  Version V-2023.09M for win64 - Jan 04, 2024 

                    Copyright (c) 1988 - 2024 Synopsys, Inc.
   This software and the associated documentation are proprietary to Synopsys,
 Inc. This software may only be used in accordance with the terms and conditions
 of a written license agreement with Synopsys, Inc. All other use, reproduction,
   or distribution of this software is strictly prohibited.  Licensed Products
     communicate with Synopsys servers for the purpose of providing software
    updates, detecting software piracy and verifying that customers are using
    Licensed Products in conformity with the applicable License Key for such
  Licensed Products. Synopsys will use information gathered in connection with
    this process to deliver software updates and pursue software pirates and
                                   infringers.

 Inclusivity & Diversity - Visit SolvNetPlus to read the "Synopsys Statement on
            Inclusivity and Diversity" (Refer to article 000036315 at
                        https://solvnetplus.synopsys.com)

Starting:    C:\Microchip\Libero_SoC_v2024.1\SynplifyPro\bin64\mbin\synbatch.exe
Install:     C:\Microchip\Libero_SoC_v2024.1\SynplifyPro
Hostname:    DESKTOP-9J7KET5
Date:        Mon Aug 19 11:40:21 2024
Version:     V-2023.09M

Arguments:   -product synplify_base -licensetype synplifypro_actel -batch -log synplify.log LIU_GPIO_SB_1_syn.tcl
ProductType: synplify_pro

License checkout: synplifypro_actel
License: synplifypro_actel from server DESKTOP-9J7KET5 
Licensed Vendor: actel
License Option: actel_oem

Running in Vendor Mode


"automatic_compile_point" is unrecognized option for current device
Implementation not found: synthesis
log file: "D:\libero_tests\LIU_GPIO_1\synthesis\LIU_GPIO_SB_1.srr"
Running: synthesis in foreground

Running LIU_GPIO_SB_1_syn|synthesis

Running Flow: compile (Compile) on LIU_GPIO_SB_1_syn|synthesis
# Mon Aug 19 11:40:22 2024

Running Flow: compile_flow (Compile Process) on LIU_GPIO_SB_1_syn|synthesis
# Mon Aug 19 11:40:22 2024

Running: compiler (Compile Input) on LIU_GPIO_SB_1_syn|synthesis
# Mon Aug 19 11:40:22 2024
Copied D:\libero_tests\LIU_GPIO_1\synthesis\synwork\LIU_GPIO_SB_1_comp.srs to D:\libero_tests\LIU_GPIO_1\synthesis\LIU_GPIO_SB_1.srs

compiler completed
# Mon Aug 19 11:40:26 2024

Return Code: 0
Run Time:00h:00m:03s

Running: multi_srs_gen (Multi-srs Generator) on LIU_GPIO_SB_1_syn|synthesis
# Mon Aug 19 11:40:26 2024

multi_srs_gen completed
# Mon Aug 19 11:40:26 2024

Return Code: 0
Run Time:00h:00m:00s
Copied D:\libero_tests\LIU_GPIO_1\synthesis\synwork\LIU_GPIO_SB_1_mult.srs to D:\libero_tests\LIU_GPIO_1\synthesis\LIU_GPIO_SB_1.srs
Complete: Compile Process on LIU_GPIO_SB_1_syn|synthesis

Running: premap (Premap) on LIU_GPIO_SB_1_syn|synthesis
# Mon Aug 19 11:40:26 2024

premap completed with warnings
# Mon Aug 19 11:40:28 2024

Return Code: 1
Run Time:00h:00m:02s
Complete: Compile on LIU_GPIO_SB_1_syn|synthesis

Running Flow: map (Map) on LIU_GPIO_SB_1_syn|synthesis
# Mon Aug 19 11:40:29 2024
License granted for 4 parallel jobs

Running: fpga_mapper (Map & Optimize) on LIU_GPIO_SB_1_syn|synthesis
# Mon Aug 19 11:40:29 2024
Copied D:\libero_tests\LIU_GPIO_1\synthesis\synwork\LIU_GPIO_SB_1_m.srm to D:\libero_tests\LIU_GPIO_1\synthesis\LIU_GPIO_SB_1.srm

fpga_mapper completed with warnings
# Mon Aug 19 11:40:32 2024

Return Code: 1
Run Time:00h:00m:03s
Complete: Map on LIU_GPIO_SB_1_syn|synthesis
Complete: Logic Synthesis on LIU_GPIO_SB_1_syn|synthesis
Copied D:\libero_tests\LIU_GPIO_1\synthesis\LIU_GPIO_SB_1.srr to D:\libero_tests\LIU_GPIO_1\synthesis\backup\LIU_GPIO_SB_1.srr
TCL script complete: "LIU_GPIO_SB_1_syn.tcl"
exit status=0
exit status=0
License checkin: synplifypro_actel
