{
"Synplify Pro (R) Job Log" : {
	"Date" : "18:24:51    22-Aug-2024",
	"Working Directory" : "D:/libero_tests/LIU_GPIO_INT/synthesis",
	"Install" : "C:/Microchip/Libero_SoC_v2024.1/SynplifyPro"
},
"synthesis" :{
   "Job Flow" : "Sequential",
   "Start Time" : "18:24:46",
   "Runtime" : "05s",
   "Executable Run Time" : "04s",
   "synthesis" : {
      "Job Flow" : "Sequential",
      "Start Time" : "18:24:46",
      "Runtime" : "05s",
      "Executable Run Time" : "04s",
      "compile" : {
         "Job Flow" : "Sequential",
         "Start Time" : "18:24:46",
         "Runtime" : "02s",
         "Executable Run Time" : "01s",
         "compile_flow" : {
            "Job Flow" : "Sequential",
            "Start Time" : "18:24:46",
            "Runtime" : "01s",
            "Executable Run Time" : "00s",
            "compiler" : {
               "executable" : "bin64/c_hdl.exe",
               "Run Directory" : "D:/libero_tests/LIU_GPIO_INT/synthesis",
               "Run State" : "Complete",
               "Return Code" : "0",
               "Has Errors" : "no",
               "Run Start Time" : "18:24:46",
               "Run Time" : "00s",
               "Exe Run Time" : "00s",
               "Memory Usage" : "-",
               "Up-to-date (run skipped)" : "no"
            },
            "multi_srs_gen" : {
               "executable" : "bin64/syn_nfilter.exe",
               "Run Directory" : "D:/libero_tests/LIU_GPIO_INT/synthesis",
               "Run State" : "Complete",
               "Return Code" : "0",
               "Has Errors" : "no",
               "Run Start Time" : "18:24:46",
               "Run Time" : "00s",
               "Exe Run Time" : "00s",
               "Memory Usage" : "-",
               "Up-to-date (run skipped)" : "yes"
            }
         },
         "premap" : {
            "executable" : "bin64/m_generic.exe",
            "Run Directory" : "D:/libero_tests/LIU_GPIO_INT/synthesis",
            "Run State" : "Complete",
            "Return Code" : "1",
            "Has Errors" : "no",
            "Run Start Time" : "18:24:47",
            "Run Time" : "01s",
            "Exe Run Time" : "01s",
            "Memory Usage" : "-",
            "Up-to-date (run skipped)" : "no"
         }
      },
      "map" : {
         "Job Flow" : "Sequential",
         "Start Time" : "18:24:48",
         "Runtime" : "03s",
         "Executable Run Time" : "03s",
         "fpga_mapper" : {
            "executable" : "bin64/m_generic.exe",
            "Run Directory" : "D:/libero_tests/LIU_GPIO_INT/synthesis",
            "Run State" : "Complete",
            "Return Code" : "1",
            "Has Errors" : "no",
            "Run Start Time" : "18:24:48",
            "Run Time" : "03s",
            "Exe Run Time" : "03s",
            "Memory Usage" : "-",
            "Up-to-date (run skipped)" : "no"
         }
      }
   }
}
}